<?xml version="1.0" encoding="UTF-8"?>
<testsuite xmlns:xsi="http://www.w3.org/2001/XMLSchema-instance" xsi:noNamespaceSchemaLocation="https://maven.apache.org/surefire/maven-surefire-plugin/xsd/surefire-test-report-3.0.xsd" version="3.0" name="com.logiway.services.PauseAIServiceImplTest" time="0.569" tests="84" errors="0" skipped="0" failures="0">
  <properties>
[...]
</properties>
  <testcase name="getPausesCompletes_trajetNotFound_throwsResourceNotFound" classname="com.logiway.services.PauseAIServiceImplTest" time="0.15"/>
  <testcase name="evaluerPause_scoreRecommended_alertSent" classname="com.logiway.services.PauseAIServiceImplTest" time="0.019">
    <system-out><![CDATA[2026-08-17 20:05:16 - [PAUSE-AI] Évaluation déclenchée — TrajetId=1 | hours_driving=4.00h | dist_along_ratio=0.50 | position=(46.50, 4.50)
2026-08-17 20:05:16 - [PAUSE-AI] POI trouvé — type=BAS_COTE | nom=Arrêt bas-côté | distance=800.00m | hgv=non | toilets=non | score_potentiel estimé
2026-08-17 20:05:16 - [PAUSE-AI] Appel au modèle IA: POST http://pause-ai.test/api/predict/batch
2026-08-17 20:05:16 - [PAUSE-AI] Score IA reçu = 75/100
2026-08-17 20:05:16 - [PAUSE-AI] Score reçu = 75/100 | seuil_alerte=70 | seuil_urgence=85 | décision=RECOMMANDEE
2026-08-17 20:05:16 - [PAUSE-AI] Prédiction persistée avec ID: 6
2026-08-17 20:05:16 - [PAUSE-AI] Envoi SSE PAUSE_AI_ALERT pour trajet 1 à 2 utilisateurs
]]></system-out>
  </testcase>
  <testcase name="exportDashboardCsv_withMultipleTrajets" classname="com.logiway.services.PauseAIServiceImplTest" time="0.009"/>
  <testcase name="csvEscape_nonNull_returnsQuoted" classname="com.logiway.services.PauseAIServiceImplTest" time="0.003"/>
  <testcase name="evaluerPause_trajetNotEnCours_throwsIllegalState" classname="com.logiway.services.PauseAIServiceImplTest" time="0.002">
    <system-out><![CDATA[2026-08-17 20:05:16 - [PAUSE-AI] Trajet 1 n'est pas EN_COURS, statut: COMPLETE
]]></system-out>
  </testcase>
  <testcase name="construireFeaturesIA_ratioAboveOneClamped" classname="com.logiway.services.PauseAIServiceImplTest" time="0.002"/>
  <testcase name="construireFeaturesIA_nullDistanceKm_usesZero" classname="com.logiway.services.PauseAIServiceImplTest" time="0.001"/>
  <testcase name="verifierAPIFlaskAuDemarrage_non2xxResponse_logsWarning" classname="com.logiway.services.PauseAIServiceImplTest" time="0.002">
    <system-out><![CDATA[2026-08-17 20:05:16 - [PAUSE-AI] ?? AVERTISSEMENT : API Flask Pause AI inaccessible sur port 5000 — mode fallback activé
]]></system-out>
  </testcase>
  <testcase name="resolveAccessiblePredictions_unsupportedRole_throwsIllegalState" classname="com.logiway.services.PauseAIServiceImplTest" time="0.001"/>
  <testcase name="getHistoriquePredictions_managerOfChauffeur_success" classname="com.logiway.services.PauseAIServiceImplTest" time="0.005"/>
  <testcase name="verifierAPIFlask_allHealthChecksFail_triesAll" classname="com.logiway.services.PauseAIServiceImplTest" time="0.003">
    <system-out><![CDATA[2026-08-17 20:05:16 - [PAUSE-AI] ?? AVERTISSEMENT : API Flask Pause AI inaccessible sur port 5000 — mode fallback activé
]]></system-out>
  </testcase>
  <testcase name="getDashboardStats_roleNotAuthorized_throwsIllegalState" classname="com.logiway.services.PauseAIServiceImplTest" time="0.001"/>
  <testcase name="getHistoriquePredictions_managerSameCompany_success" classname="com.logiway.services.PauseAIServiceImplTest" time="0.002"/>
  <testcase name="evaluerPause_flaskEmptyScores_fallbackApplied" classname="com.logiway.services.PauseAIServiceImplTest" time="0.008">
    <system-out><![CDATA[2026-08-17 20:05:16 - [PAUSE-AI] Évaluation déclenchée — TrajetId=1 | hours_driving=4.00h | dist_along_ratio=0.40 | position=(46.50, 4.50)
2026-08-17 20:05:16 - [PAUSE-AI] POI trouvé — type=BAS_COTE | nom=Arrêt bas-côté | distance=800.00m | hgv=non | toilets=non | score_potentiel estimé
2026-08-17 20:05:16 - [PAUSE-AI] Appel au modèle IA: POST http://pause-ai.test/api/predict/batch
2026-08-17 20:05:16 - [PAUSE-AI] ?? API Flask indisponible — fallback activé | TrajetId=1 | hours_driving=4.00h ? alerte si >= 4.5h
2026-08-17 20:05:16 - [PAUSE-AI] Score reçu = 0/100 | seuil_alerte=70 | seuil_urgence=85 | décision=AUCUNE
2026-08-17 20:05:16 - [PAUSE-AI] Prédiction persistée avec ID: 10
]]></system-out>
  </testcase>
  <testcase name="getPausesCompletes_noDurationAndNoDepart" classname="com.logiway.services.PauseAIServiceImplTest" time="0.003">
    <system-out><![CDATA[2026-08-17 20:05:16 - [PAUSE-AI] Récupération pauses complètes pour trajet 1 (lat_depart=null, lon_depart=null, lat_arrivee=null, lon_arrivee=null)
2026-08-17 20:05:16 - [PAUSE-AI] Appel Flask POST http://pause-ai.test/api/predict
2026-08-17 20:05:16 - [PAUSE-AI] ? 0 points de pause retournés pour trajet 1 (types: )
]]></system-out>
  </testcase>
  <testcase name="construireFeaturesIA_defaultSwitchCase" classname="com.logiway.services.PauseAIServiceImplTest" time="0.001"/>
  <testcase name="construireFeaturesIA_encodesPoiTypes" classname="com.logiway.services.PauseAIServiceImplTest" time="0.001"/>
  <testcase name="getHistoriquePredictions_managerOther_denied" classname="com.logiway.services.PauseAIServiceImplTest" time="0.002"/>
  <testcase name="evaluerPause_emptyAudience_noSseSent" classname="com.logiway.services.PauseAIServiceImplTest" time="0.007">
    <system-out><![CDATA[2026-08-17 20:05:16 - [PAUSE-AI] Évaluation déclenchée — TrajetId=1 | hours_driving=5.00h | dist_along_ratio=0.50 | position=(46.50, 4.50)
2026-08-17 20:05:16 - [PAUSE-AI] POI trouvé — type=BAS_COTE | nom=Arrêt bas-côté | distance=800.00m | hgv=non | toilets=non | score_potentiel estimé
2026-08-17 20:05:16 - [PAUSE-AI] Appel au modèle IA: POST http://pause-ai.test/api/predict/batch
2026-08-17 20:05:16 - [PAUSE-AI] Score IA reçu = 90/100
2026-08-17 20:05:16 - [PAUSE-AI] ?? ALERTE URGENTE — TrajetId=1 | Chauffeur=N/A | Score=90/100 | hours_driving=5.00h | POI recommandé=Arrêt bas-côté
2026-08-17 20:05:16 - [PAUSE-AI] Prédiction persistée avec ID: 41
]]></system-out>
  </testcase>
  <testcase name="verifierAPIFlask_non2xxResponse_triesAll" classname="com.logiway.services.PauseAIServiceImplTest" time="0.004">
    <system-out><![CDATA[2026-08-17 20:05:16 - [PAUSE-AI] ?? AVERTISSEMENT : API Flask Pause AI inaccessible sur port 5000 — mode fallback activé
]]></system-out>
  </testcase>
  <testcase name="haversineKm_nullArgs_returnsZero" classname="com.logiway.services.PauseAIServiceImplTest" time="0.001"/>
  <testcase name="evaluerPause_scoreBelowThreshold_noAlert" classname="com.logiway.services.PauseAIServiceImplTest" time="0.007">
    <system-out><![CDATA[2026-08-17 20:05:16 - [PAUSE-AI] Évaluation déclenchée — TrajetId=1 | hours_driving=4.00h | dist_along_ratio=0.50 | position=(46.50, 4.50)
2026-08-17 20:05:16 - [PAUSE-AI] POI trouvé — type=BAS_COTE | nom=Arrêt bas-côté | distance=800.00m | hgv=non | toilets=non | score_potentiel estimé
2026-08-17 20:05:16 - [PAUSE-AI] Appel au modèle IA: POST http://pause-ai.test/api/predict/batch
2026-08-17 20:05:16 - [PAUSE-AI] Score IA reçu = 50/100
2026-08-17 20:05:16 - [PAUSE-AI] Score reçu = 50/100 | seuil_alerte=70 | seuil_urgence=85 | décision=AUCUNE
2026-08-17 20:05:16 - [PAUSE-AI] Prédiction persistée avec ID: 7
]]></system-out>
  </testcase>
  <testcase name="evaluerPause_nullChauffeur_alertStillSent" classname="com.logiway.services.PauseAIServiceImplTest" time="0.01">
    <system-out><![CDATA[2026-08-17 20:05:16 - [PAUSE-AI] Évaluation déclenchée — TrajetId=1 | hours_driving=5.00h | dist_along_ratio=0.50 | position=(46.50, 4.50)
2026-08-17 20:05:16 - [PAUSE-AI] POI trouvé — type=BAS_COTE | nom=Arrêt bas-côté | distance=800.00m | hgv=non | toilets=non | score_potentiel estimé
2026-08-17 20:05:16 - [PAUSE-AI] Appel au modèle IA: POST http://pause-ai.test/api/predict/batch
2026-08-17 20:05:16 - [PAUSE-AI] Score IA reçu = 90/100
2026-08-17 20:05:16 - [PAUSE-AI] ?? ALERTE URGENTE — TrajetId=1 | Chauffeur=N/A | Score=90/100 | hours_driving=5.00h | POI recommandé=Arrêt bas-côté
2026-08-17 20:05:16 - [PAUSE-AI] Prédiction persistée avec ID: 40
2026-08-17 20:05:16 - [PAUSE-AI] Envoi SSE PAUSE_AI_ALERT pour trajet 1 à 1 utilisateurs
]]></system-out>
  </testcase>
  <testcase name="exportDashboardCsv_noAlerts_correctTaux" classname="com.logiway.services.PauseAIServiceImplTest" time="0.002"/>
  <testcase name="getDashboardStats_nullPoiType_heatmapAccessibility" classname="com.logiway.services.PauseAIServiceImplTest" time="0.023"/>
  <testcase name="computePoiAccessibilityScore_branches" classname="com.logiway.services.PauseAIServiceImplTest" time="0.001"/>
  <testcase name="evaluerPause_nonAtteintePause_notSubtracted" classname="com.logiway.services.PauseAIServiceImplTest" time="0.006">
    <system-out><![CDATA[2026-08-17 20:05:16 - [PAUSE-AI] Évaluation déclenchée — TrajetId=1 | hours_driving=5.00h | dist_along_ratio=0.50 | position=(46.50, 4.50)
2026-08-17 20:05:16 - [PAUSE-AI] POI trouvé — type=BAS_COTE | nom=Arrêt bas-côté | distance=800.00m | hgv=non | toilets=non | score_potentiel estimé
2026-08-17 20:05:16 - [PAUSE-AI] Appel au modèle IA: POST http://pause-ai.test/api/predict/batch
2026-08-17 20:05:16 - [PAUSE-AI] Score IA reçu = 50/100
2026-08-17 20:05:16 - [PAUSE-AI] ?? ALERTE URGENTE — TrajetId=1 | Chauffeur=A A | Score=50/100 | hours_driving=5.00h | POI recommandé=Arrêt bas-côté
2026-08-17 20:05:16 - [PAUSE-AI] Prédiction persistée avec ID: 25
2026-08-17 20:05:16 - [PAUSE-AI] Envoi SSE PAUSE_AI_ALERT pour trajet 1 à 1 utilisateurs
]]></system-out>
  </testcase>
  <testcase name="construireFeaturesIA_noTagsKey" classname="com.logiway.services.PauseAIServiceImplTest" time="0.001"/>
  <testcase name="evaluerPause_flaskInvalidScoreFormat_fallbackApplied" classname="com.logiway.services.PauseAIServiceImplTest" time="0.008">
    <system-out><![CDATA[2026-08-17 20:05:16 - [PAUSE-AI] Évaluation déclenchée — TrajetId=1 | hours_driving=4.00h | dist_along_ratio=0.40 | position=(46.50, 4.50)
2026-08-17 20:05:16 - [PAUSE-AI] POI trouvé — type=BAS_COTE | nom=Arrêt bas-côté | distance=800.00m | hgv=non | toilets=non | score_potentiel estimé
2026-08-17 20:05:16 - [PAUSE-AI] Appel au modèle IA: POST http://pause-ai.test/api/predict/batch
2026-08-17 20:05:16 - [PAUSE-AI] ?? API Flask indisponible — fallback activé | TrajetId=1 | hours_driving=4.00h ? alerte si >= 4.5h
2026-08-17 20:05:16 - [PAUSE-AI] Score reçu = 0/100 | seuil_alerte=70 | seuil_urgence=85 | décision=AUCUNE
2026-08-17 20:05:16 - [PAUSE-AI] Prédiction persistée avec ID: 11
]]></system-out>
  </testcase>
  <testcase name="evaluerPause_flaskDown_aboveCriticalHours_urgentFallback" classname="com.logiway.services.PauseAIServiceImplTest" time="0.007">
    <system-out><![CDATA[2026-08-17 20:05:16 - [PAUSE-AI] Évaluation déclenchée — TrajetId=1 | hours_driving=6.00h | dist_along_ratio=0.50 | position=(46.50, 4.50)
2026-08-17 20:05:16 - [PAUSE-AI] POI trouvé — type=BAS_COTE | nom=Arrêt bas-côté | distance=800.00m | hgv=non | toilets=non | score_potentiel estimé
2026-08-17 20:05:16 - [PAUSE-AI] Appel au modèle IA: POST http://pause-ai.test/api/predict/batch
2026-08-17 20:05:16 - [PAUSE-AI] ?? API Flask indisponible — fallback activé | TrajetId=1 | hours_driving=6.00h ? alerte si >= 4.5h
2026-08-17 20:05:16 - [PAUSE-AI] ?? ALERTE URGENTE — TrajetId=1 | Chauffeur=A A | Score=100/100 | hours_driving=6.00h | POI recommandé=Arrêt bas-côté
2026-08-17 20:05:16 - [PAUSE-AI] Fallback critique maintenu pour trajet 1 malgré l'absence du modèle Flask
2026-08-17 20:05:16 - [PAUSE-AI] Prédiction persistée avec ID: 8
2026-08-17 20:05:16 - [PAUSE-AI] Envoi SSE PAUSE_AI_ALERT pour trajet 1 à 1 utilisateurs
]]></system-out>
  </testcase>
  <testcase name="getHistoriquePredictions_chauffeurOwner_success" classname="com.logiway.services.PauseAIServiceImplTest" time="0.003"/>
  <testcase name="evaluerPause_lastPredictionWithinInterval_returnsCachedPrediction" classname="com.logiway.services.PauseAIServiceImplTest" time="0.003">
    <system-out><![CDATA[2026-08-17 20:05:16 - [PAUSE-AI] Évaluation déclenchée — TrajetId=1 | hours_driving=5.00h | dist_along_ratio=0.50 | position=(46.50, 4.50)
2026-08-17 20:05:16 - [PAUSE-AI] Dernière évaluation il y a 1 min, skip (intervalle: 2 min)
]]></system-out>
  </testcase>
  <testcase name="evaluerPause_below3Hours_returnsNull" classname="com.logiway.services.PauseAIServiceImplTest" time="0.002">
    <system-out><![CDATA[2026-08-17 20:05:16 - [PAUSE-AI] Évaluation déclenchée — TrajetId=1 | hours_driving=2.00h | dist_along_ratio=0.10 | position=(46.50, 4.50)
2026-08-17 20:05:16 - [PAUSE-AI] hours_driving=2.00h < 3h, évaluation ignorée
]]></system-out>
  </testcase>
  <testcase name="evaluerPause_hoursAboveCritical_lowScore_urgentByHours" classname="com.logiway.services.PauseAIServiceImplTest" time="0.011">
    <system-out><![CDATA[2026-08-17 20:05:16 - [PAUSE-AI] Évaluation déclenchée — TrajetId=1 | hours_driving=6.00h | dist_along_ratio=0.50 | position=(46.50, 4.50)
2026-08-17 20:05:16 - [PAUSE-AI] POI trouvé — type=BAS_COTE | nom=Arrêt bas-côté | distance=800.00m | hgv=non | toilets=non | score_potentiel estimé
2026-08-17 20:05:16 - [PAUSE-AI] Appel au modèle IA: POST http://pause-ai.test/api/predict/batch
2026-08-17 20:05:16 - [PAUSE-AI] Score IA reçu = 50/100
2026-08-17 20:05:16 - [PAUSE-AI] ?? ALERTE URGENTE — TrajetId=1 | Chauffeur=A A | Score=50/100 | hours_driving=6.00h | POI recommandé=Arrêt bas-côté
2026-08-17 20:05:16 - [PAUSE-AI] Prédiction persistée avec ID: 22
2026-08-17 20:05:16 - [PAUSE-AI] Envoi SSE PAUSE_AI_ALERT pour trajet 1 à 1 utilisateurs
]]></system-out>
  </testcase>
  <testcase name="getPausesCompletes_flaskError_throwsRuntime" classname="com.logiway.services.PauseAIServiceImplTest" time="0.007">
    <system-out><![CDATA[2026-08-17 20:05:16 - [PAUSE-AI] Récupération pauses complètes pour trajet 1 (lat_depart=48.85, lon_depart=2.35, lat_arrivee=45.75, lon_arrivee=4.85)
2026-08-17 20:05:16 - [PAUSE-AI] Appel Flask POST http://pause-ai.test/api/predict
2026-08-17 20:05:16 - [PAUSE-AI] ? Erreur lors de l'appel Flask pour trajet 1: flask error
java.lang.RuntimeException: flask error
	at org.springframework.web.client.RestTemplate.postForEntity(RestTemplate.java:527)
	at com.logiway.services.impl.PauseAIServiceImpl.getPausesCompletes(PauseAIServiceImpl.java:708)
	at com.logiway.services.PauseAIServiceImplTest.lambda$getPausesCompletes_flaskError_throwsRuntime$18(PauseAIServiceImplTest.java:572)
	at org.junit.jupiter.api.AssertThrows.assertThrows(AssertThrows.java:53)
	at org.junit.jupiter.api.AssertThrows.assertThrows(AssertThrows.java:35)
	at org.junit.jupiter.api.Assertions.assertThrows(Assertions.java:3115)
	at com.logiway.services.PauseAIServiceImplTest.getPausesCompletes_flaskError_throwsRuntime(PauseAIServiceImplTest.java:572)
	at java.base/jdk.internal.reflect.NativeMethodAccessorImpl.invoke0(Native Method)
	at java.base/jdk.internal.reflect.NativeMethodAccessorImpl.invoke(NativeMethodAccessorImpl.java:77)
	at java.base/jdk.internal.reflect.DelegatingMethodAccessorImpl.invoke(DelegatingMethodAccessorImpl.java:43)
	at java.base/java.lang.reflect.Method.invoke(Method.java:568)
	at org.junit.platform.commons.util.ReflectionUtils.invokeMethod(ReflectionUtils.java:728)
	at org.junit.jupiter.engine.execution.MethodInvocation.proceed(MethodInvocation.java:60)
	at org.junit.jupiter.engine.execution.InvocationInterceptorChain$ValidatingInvocation.proceed(InvocationInterceptorChain.java:131)
	at org.junit.jupiter.engine.extension.TimeoutExtension.intercept(TimeoutExtension.java:156)
	at org.junit.jupiter.engine.extension.TimeoutExtension.interceptTestableMethod(TimeoutExtension.java:147)
	at org.junit.jupiter.engine.extension.TimeoutExtension.interceptTestMethod(TimeoutExtension.java:86)
	at org.junit.jupiter.engine.execution.InterceptingExecutableInvoker$ReflectiveInterceptorCall.lambda$ofVoidMethod$0(InterceptingExecutableInvoker.java:103)
	at org.junit.jupiter.engine.execution.InterceptingExecutableInvoker.lambda$invoke$0(InterceptingExecutableInvoker.java:93)
	at org.junit.jupiter.engine.execution.InvocationInterceptorChain$InterceptedInvocation.proceed(InvocationInterceptorChain.java:106)
	at org.junit.jupiter.engine.execution.InvocationInterceptorChain.proceed(InvocationInterceptorChain.java:64)
	at org.junit.jupiter.engine.execution.InvocationInterceptorChain.chainAndInvoke(InvocationInterceptorChain.java:45)
	at org.junit.jupiter.engine.execution.InvocationInterceptorChain.invoke(InvocationInterceptorChain.java:37)
	at org.junit.jupiter.engine.execution.InterceptingExecutableInvoker.invoke(InterceptingExecutableInvoker.java:92)
	at org.junit.jupiter.engine.execution.InterceptingExecutableInvoker.invoke(InterceptingExecutableInvoker.java:86)
	at org.junit.jupiter.engine.descriptor.TestMethodTestDescriptor.lambda$invokeTestMethod$7(TestMethodTestDescriptor.java:218)
	at org.junit.platform.engine.support.hierarchical.ThrowableCollector.execute(ThrowableCollector.java:73)
	at org.junit.jupiter.engine.descriptor.TestMethodTestDescriptor.invokeTestMethod(TestMethodTestDescriptor.java:214)
	at org.junit.jupiter.engine.descriptor.TestMethodTestDescriptor.execute(TestMethodTestDescriptor.java:139)
	at org.junit.jupiter.engine.descriptor.TestMethodTestDescriptor.execute(TestMethodTestDescriptor.java:69)
	at org.junit.platform.engine.support.hierarchical.NodeTestTask.lambda$executeRecursively$6(NodeTestTask.java:151)
	at org.junit.platform.engine.support.hierarchical.ThrowableCollector.execute(ThrowableCollector.java:73)
	at org.junit.platform.engine.support.hierarchical.NodeTestTask.lambda$executeRecursively$8(NodeTestTask.java:141)
	at org.junit.platform.engine.support.hierarchical.Node.around(Node.java:137)
	at org.junit.platform.engine.support.hierarchical.NodeTestTask.lambda$executeRecursively$9(NodeTestTask.java:139)
	at org.junit.platform.engine.support.hierarchical.ThrowableCollector.execute(ThrowableCollector.java:73)
	at org.junit.platform.engine.support.hierarchical.NodeTestTask.executeRecursively(NodeTestTask.java:138)
	at org.junit.platform.engine.support.hierarchical.NodeTestTask.execute(NodeTestTask.java:95)
	at java.base/java.util.ArrayList.forEach(ArrayList.java:1511)
	at org.junit.platform.engine.support.hierarchical.SameThreadHierarchicalTestExecutorService.invokeAll(SameThreadHierarchicalTestExecutorService.java:41)
	at org.junit.platform.engine.support.hierarchical.NodeTestTask.lambda$executeRecursively$6(NodeTestTask.java:155)
	at org.junit.platform.engine.support.hierarchical.ThrowableCollector.execute(ThrowableCollector.java:73)
	at org.junit.platform.engine.support.hierarchical.NodeTestTask.lambda$executeRecursively$8(NodeTestTask.java:141)
	at org.junit.platform.engine.support.hierarchical.Node.around(Node.java:137)
	at org.junit.platform.engine.support.hierarchical.NodeTestTask.lambda$executeRecursively$9(NodeTestTask.java:139)
	at org.junit.platform.engine.support.hierarchical.ThrowableCollector.execute(ThrowableCollector.java:73)
	at org.junit.platform.engine.support.hierarchical.NodeTestTask.executeRecursively(NodeTestTask.java:138)
	at org.junit.platform.engine.support.hierarchical.NodeTestTask.execute(NodeTestTask.java:95)
	at java.base/java.util.ArrayList.forEach(ArrayList.java:1511)
	at org.junit.platform.engine.support.hierarchical.SameThreadHierarchicalTestExecutorService.invokeAll(SameThreadHierarchicalTestExecutorService.java:41)
	at org.junit.platform.engine.support.hierarchical.NodeTestTask.lambda$executeRecursively$6(NodeTestTask.java:155)
	at org.junit.platform.engine.support.hierarchical.ThrowableCollector.execute(ThrowableCollector.java:73)
	at org.junit.platform.engine.support.hierarchical.NodeTestTask.lambda$executeRecursively$8(NodeTestTask.java:141)
	at org.junit.platform.engine.support.hierarchical.Node.around(Node.java:137)
	at org.junit.platform.engine.support.hierarchical.NodeTestTask.lambda$executeRecursively$9(NodeTestTask.java:139)
	at org.junit.platform.engine.support.hierarchical.ThrowableCollector.execute(ThrowableCollector.java:73)
	at org.junit.platform.engine.support.hierarchical.NodeTestTask.executeRecursively(NodeTestTask.java:138)
	at org.junit.platform.engine.support.hierarchical.NodeTestTask.execute(NodeTestTask.java:95)
	at org.junit.platform.engine.support.hierarchical.SameThreadHierarchicalTestExecutorService.submit(SameThreadHierarchicalTestExecutorService.java:35)
	at org.junit.platform.engine.support.hierarchical.HierarchicalTestExecutor.execute(HierarchicalTestExecutor.java:57)
	at org.junit.platform.engine.support.hierarchical.HierarchicalTestEngine.execute(HierarchicalTestEngine.java:54)
	at org.junit.platform.launcher.core.EngineExecutionOrchestrator.execute(EngineExecutionOrchestrator.java:198)
	at org.junit.platform.launcher.core.EngineExecutionOrchestrator.execute(EngineExecutionOrchestrator.java:169)
	at org.junit.platform.launcher.core.EngineExecutionOrchestrator.execute(EngineExecutionOrchestrator.java:93)
	at org.junit.platform.launcher.core.EngineExecutionOrchestrator.lambda$execute$0(EngineExecutionOrchestrator.java:58)
	at org.junit.platform.launcher.core.EngineExecutionOrchestrator.withInterceptedStreams(EngineExecutionOrchestrator.java:141)
	at org.junit.platform.launcher.core.EngineExecutionOrchestrator.execute(EngineExecutionOrchestrator.java:57)
	at org.junit.platform.launcher.core.DefaultLauncher.execute(DefaultLauncher.java:103)
	at org.junit.platform.launcher.core.DefaultLauncher.execute(DefaultLauncher.java:85)
	at org.junit.platform.launcher.core.DelegatingLauncher.execute(DelegatingLauncher.java:47)
	at org.apache.maven.surefire.junitplatform.LazyLauncher.execute(LazyLauncher.java:56)
	at org.apache.maven.surefire.junitplatform.JUnitPlatformProvider.execute(JUnitPlatformProvider.java:184)
	at org.apache.maven.surefire.junitplatform.JUnitPlatformProvider.invokeAllTests(JUnitPlatformProvider.java:148)
	at org.apache.maven.surefire.junitplatform.JUnitPlatformProvider.invoke(JUnitPlatformProvider.java:122)
	at org.apache.maven.surefire.booter.ForkedBooter.runSuitesInProcess(ForkedBooter.java:385)
	at org.apache.maven.surefire.booter.ForkedBooter.execute(ForkedBooter.java:162)
	at org.apache.maven.surefire.booter.ForkedBooter.run(ForkedBooter.java:507)
	at org.apache.maven.surefire.booter.ForkedBooter.main(ForkedBooter.java:495)
]]></system-out>
  </testcase>
  <testcase name="evaluerPause_flaskDown_belowCriticalHours_noAlertFallback" classname="com.logiway.services.PauseAIServiceImplTest" time="0.008">
    <system-out><![CDATA[2026-08-17 20:05:16 - [PAUSE-AI] Évaluation déclenchée — TrajetId=1 | hours_driving=4.00h | dist_along_ratio=0.40 | position=(46.50, 4.50)
2026-08-17 20:05:16 - [PAUSE-AI] POI trouvé — type=BAS_COTE | nom=Arrêt bas-côté | distance=800.00m | hgv=non | toilets=non | score_potentiel estimé
2026-08-17 20:05:16 - [PAUSE-AI] Appel au modèle IA: POST http://pause-ai.test/api/predict/batch
2026-08-17 20:05:16 - [PAUSE-AI] ?? API Flask indisponible — fallback activé | TrajetId=1 | hours_driving=4.00h ? alerte si >= 4.5h
2026-08-17 20:05:16 - [PAUSE-AI] Score reçu = 0/100 | seuil_alerte=70 | seuil_urgence=85 | décision=AUCUNE
2026-08-17 20:05:16 - [PAUSE-AI] Prédiction persistée avec ID: 9
]]></system-out>
  </testcase>
  <testcase name="getDashboardStats_recommandeeIgnoree_parkingAndUnknownPoiType" classname="com.logiway.services.PauseAIServiceImplTest" time="0.004"/>
  <testcase name="evaluerPause_flaskEmptyScoresList_fallbackApplied" classname="com.logiway.services.PauseAIServiceImplTest" time="0.005">
    <system-out><![CDATA[2026-08-17 20:05:16 - [PAUSE-AI] Évaluation déclenchée — TrajetId=1 | hours_driving=4.00h | dist_along_ratio=0.40 | position=(46.50, 4.50)
2026-08-17 20:05:16 - [PAUSE-AI] POI trouvé — type=BAS_COTE | nom=Arrêt bas-côté | distance=800.00m | hgv=non | toilets=non | score_potentiel estimé
2026-08-17 20:05:16 - [PAUSE-AI] Appel au modèle IA: POST http://pause-ai.test/api/predict/batch
2026-08-17 20:05:16 - [PAUSE-AI] ?? API Flask indisponible — fallback activé | TrajetId=1 | hours_driving=4.00h ? alerte si >= 4.5h
2026-08-17 20:05:16 - [PAUSE-AI] Score reçu = 0/100 | seuil_alerte=70 | seuil_urgence=85 | décision=AUCUNE
2026-08-17 20:05:16 - [PAUSE-AI] Prédiction persistée avec ID: 30
]]></system-out>
  </testcase>
  <testcase name="getHistoriquePredictions_chauffeurOther_denied" classname="com.logiway.services.PauseAIServiceImplTest" time="0.003"/>
  <testcase name="computePoiAccessibilityScore_null_returns50" classname="com.logiway.services.PauseAIServiceImplTest" time="0.001"/>
  <testcase name="getPausesCompletes_success_mapsLatLon" classname="com.logiway.services.PauseAIServiceImplTest" time="0.002">
    <system-out><![CDATA[2026-08-17 20:05:16 - [PAUSE-AI] Récupération pauses complètes pour trajet 1 (lat_depart=48.85, lon_depart=2.35, lat_arrivee=45.75, lon_arrivee=4.85)
2026-08-17 20:05:16 - [PAUSE-AI] Appel Flask POST http://pause-ai.test/api/predict
2026-08-17 20:05:16 - [PAUSE-AI] ? 1 points de pause retournés pour trajet 1 (types: services)
]]></system-out>
  </testcase>
  <testcase name="evaluerPause_completedPauses_subtractDuration" classname="com.logiway.services.PauseAIServiceImplTest" time="0.007">
    <system-out><![CDATA[2026-08-17 20:05:16 - [PAUSE-AI] Évaluation déclenchée — TrajetId=1 | hours_driving=4.00h | dist_along_ratio=0.50 | position=(46.50, 4.50)
2026-08-17 20:05:16 - [PAUSE-AI] POI trouvé — type=BAS_COTE | nom=Arrêt bas-côté | distance=800.00m | hgv=non | toilets=non | score_potentiel estimé
2026-08-17 20:05:16 - [PAUSE-AI] Appel au modèle IA: POST http://pause-ai.test/api/predict/batch
2026-08-17 20:05:16 - [PAUSE-AI] Score IA reçu = 50/100
2026-08-17 20:05:16 - [PAUSE-AI] Score reçu = 50/100 | seuil_alerte=70 | seuil_urgence=85 | décision=AUCUNE
2026-08-17 20:05:16 - [PAUSE-AI] Prédiction persistée avec ID: 23
]]></system-out>
  </testcase>
  <testcase name="resolveAccessiblePredictions_managerAccessOtherCompanyDriver_throwsResourceNotFound" classname="com.logiway.services.PauseAIServiceImplTest" time="0.003"/>
  <testcase name="getHistoriquePredictions_superadmin_success" classname="com.logiway.services.PauseAIServiceImplTest" time="0.001"/>
  <testcase name="getDashboardStats_manager_chauffeurOtherCompany_throwsNotFound" classname="com.logiway.services.PauseAIServiceImplTest" time="0.002"/>
  <testcase name="verifierAPIFlask_firstFails_secondSucceeds" classname="com.logiway.services.PauseAIServiceImplTest" time="0.003">
    <system-out><![CDATA[2026-08-17 20:05:16 - [PAUSE-AI] API Flask Pause AI accessible — modèle prêt (http://pause-ai.test/health)
]]></system-out>
  </testcase>
  <testcase name="appellerModeleIA_emptyScoresOrInvalidFormat_throwsRuntime" classname="com.logiway.services.PauseAIServiceImplTest" time="0.006">
    <system-out><![CDATA[2026-08-17 20:05:16 - [PAUSE-AI] Appel au modèle IA: POST http://pause-ai.test/api/predict/batch
2026-08-17 20:05:16 - [PAUSE-AI] Appel au modèle IA: POST http://pause-ai.test/api/predict/batch
]]></system-out>
  </testcase>
  <testcase name="construireFeaturesIA_fuelMidRange" classname="com.logiway.services.PauseAIServiceImplTest" time="0.002"/>
  <testcase name="exportDashboardCsv_nullChauffeurAndNullDates" classname="com.logiway.services.PauseAIServiceImplTest" time="0.002"/>
  <testcase name="getDashboardStats_manager_noEntreprise_throwsIllegalState" classname="com.logiway.services.PauseAIServiceImplTest" time="0.002"/>
  <testcase name="evaluerPause_trajetNotFound_throwsResourceNotFound" classname="com.logiway.services.PauseAIServiceImplTest" time="0.003"/>
  <testcase name="evaluerPause_nullDistanceKm_usesZero" classname="com.logiway.services.PauseAIServiceImplTest" time="0.006">
    <system-out><![CDATA[2026-08-17 20:05:16 - [PAUSE-AI] Évaluation déclenchée — TrajetId=1 | hours_driving=5.00h | dist_along_ratio=0.00 | position=(46.50, 4.50)
2026-08-17 20:05:16 - [PAUSE-AI] POI trouvé — type=BAS_COTE | nom=Arrêt bas-côté | distance=800.00m | hgv=non | toilets=non | score_potentiel estimé
2026-08-17 20:05:16 - [PAUSE-AI] Appel au modèle IA: POST http://pause-ai.test/api/predict/batch
2026-08-17 20:05:16 - [PAUSE-AI] Score IA reçu = 50/100
2026-08-17 20:05:16 - [PAUSE-AI] ?? ALERTE URGENTE — TrajetId=1 | Chauffeur=A A | Score=50/100 | hours_driving=5.00h | POI recommandé=Arrêt bas-côté
2026-08-17 20:05:16 - [PAUSE-AI] Prédiction persistée avec ID: 20
2026-08-17 20:05:16 - [PAUSE-AI] Envoi SSE PAUSE_AI_ALERT pour trajet 1 à 1 utilisateurs
]]></system-out>
  </testcase>
  <testcase name="construireFeaturesIA_mealPoiAndNonMealPoi" classname="com.logiway.services.PauseAIServiceImplTest" time="0.001"/>
  <testcase name="exportDashboardCsv_noChauffeurNoDate_fallbackValues" classname="com.logiway.services.PauseAIServiceImplTest" time="0.002"/>
  <testcase name="getDashboardStats_superadmin_all" classname="com.logiway.services.PauseAIServiceImplTest" time="0.001"/>
  <testcase name="csvEscape_null_returnsEmpty" classname="com.logiway.services.PauseAIServiceImplTest" time="0.002"/>
  <testcase name="getDashboardStats_emptyPredictions" classname="com.logiway.services.PauseAIServiceImplTest" time="0.002"/>
  <testcase name="haversineKm_nullCoords_returnsZero" classname="com.logiway.services.PauseAIServiceImplTest" time="0.002"/>
  <testcase name="evaluerPause_zeroDistanceKm_distAlongRatioZero" classname="com.logiway.services.PauseAIServiceImplTest" time="0.009">
    <system-out><![CDATA[2026-08-17 20:05:16 - [PAUSE-AI] Évaluation déclenchée — TrajetId=1 | hours_driving=5.00h | dist_along_ratio=0.00 | position=(46.50, 4.50)
2026-08-17 20:05:16 - [PAUSE-AI] POI trouvé — type=BAS_COTE | nom=Arrêt bas-côté | distance=800.00m | hgv=non | toilets=non | score_potentiel estimé
2026-08-17 20:05:16 - [PAUSE-AI] Appel au modèle IA: POST http://pause-ai.test/api/predict/batch
2026-08-17 20:05:16 - [PAUSE-AI] Score IA reçu = 50/100
2026-08-17 20:05:16 - [PAUSE-AI] ?? ALERTE URGENTE — TrajetId=1 | Chauffeur=A A | Score=50/100 | hours_driving=5.00h | POI recommandé=Arrêt bas-côté
2026-08-17 20:05:16 - [PAUSE-AI] Prédiction persistée avec ID: 21
2026-08-17 20:05:16 - [PAUSE-AI] Envoi SSE PAUSE_AI_ALERT pour trajet 1 à 1 utilisateurs
]]></system-out>
  </testcase>
  <testcase name="evaluerPause_happyPath_urgentAlert_ssesSent" classname="com.logiway.services.PauseAIServiceImplTest" time="0.019">
    <system-out><![CDATA[2026-08-17 20:05:16 - [PAUSE-AI] Évaluation déclenchée — TrajetId=1 | hours_driving=5.00h | dist_along_ratio=0.50 | position=(46.50, 4.50)
2026-08-17 20:05:16 - [PAUSE-AI] POI trouvé — type=BAS_COTE | nom=Arrêt bas-côté | distance=800.00m | hgv=non | toilets=non | score_potentiel estimé
2026-08-17 20:05:16 - [PAUSE-AI] Appel au modèle IA: POST http://pause-ai.test/api/predict/batch
2026-08-17 20:05:16 - [PAUSE-AI] Score IA reçu = 90/100
2026-08-17 20:05:16 - [PAUSE-AI] ?? ALERTE URGENTE — TrajetId=1 | Chauffeur=Alice A | Score=90/100 | hours_driving=5.00h | POI recommandé=Arrêt bas-côté
2026-08-17 20:05:16 - [PAUSE-AI] Prédiction persistée avec ID: 5
2026-08-17 20:05:16 - [PAUSE-AI] Envoi SSE PAUSE_AI_ALERT pour trajet 1 à 3 utilisateurs
]]></system-out>
  </testcase>
  <testcase name="getDashboardStats_manager_entrepriseWide" classname="com.logiway.services.PauseAIServiceImplTest" time="0.003"/>
  <testcase name="evaluerPause_pauseWithNullDuration_filtered" classname="com.logiway.services.PauseAIServiceImplTest" time="0.006">
    <system-out><![CDATA[2026-08-17 20:05:16 - [PAUSE-AI] Évaluation déclenchée — TrajetId=1 | hours_driving=5.00h | dist_along_ratio=0.50 | position=(46.50, 4.50)
2026-08-17 20:05:16 - [PAUSE-AI] POI trouvé — type=BAS_COTE | nom=Arrêt bas-côté | distance=800.00m | hgv=non | toilets=non | score_potentiel estimé
2026-08-17 20:05:16 - [PAUSE-AI] Appel au modèle IA: POST http://pause-ai.test/api/predict/batch
2026-08-17 20:05:16 - [PAUSE-AI] Score IA reçu = 50/100
2026-08-17 20:05:16 - [PAUSE-AI] ?? ALERTE URGENTE — TrajetId=1 | Chauffeur=A A | Score=50/100 | hours_driving=5.00h | POI recommandé=Arrêt bas-côté
2026-08-17 20:05:16 - [PAUSE-AI] Prédiction persistée avec ID: 24
2026-08-17 20:05:16 - [PAUSE-AI] Envoi SSE PAUSE_AI_ALERT pour trajet 1 à 1 utilisateurs
]]></system-out>
  </testcase>
  <testcase name="construireFeaturesIA_defaultTags" classname="com.logiway.services.PauseAIServiceImplTest" time="0.001"/>
  <testcase name="exportDashboardCsv_empty_returnsHeaderOnly" classname="com.logiway.services.PauseAIServiceImplTest" time="0.001"/>
  <testcase name="getDashboardStats_manager_chauffeurSameCompany_success" classname="com.logiway.services.PauseAIServiceImplTest" time="0.002"/>
  <testcase name="getHistoriquePredictions_unknownRole_denied" classname="com.logiway.services.PauseAIServiceImplTest" time="0.003"/>
  <testcase name="resolveAccessiblePredictions_managerWithoutEntreprise_throwsIllegalState" classname="com.logiway.services.PauseAIServiceImplTest" time="0.001"/>
  <testcase name="getDashboardStats_halfWithNoAlerts" classname="com.logiway.services.PauseAIServiceImplTest" time="0.002"/>
  <testcase name="construireFeaturesIA_tooCloseRatio" classname="com.logiway.services.PauseAIServiceImplTest" time="0.001"/>
  <testcase name="exportDashboardCsv_withPredictions_buildsRows" classname="com.logiway.services.PauseAIServiceImplTest" time="0.003"/>
  <testcase name="formatDouble_null_returnsDefault" classname="com.logiway.services.PauseAIServiceImplTest" time="0.001"/>
  <testcase name="verifierAPIFlask_healthCheckOk_returnsEarly" classname="com.logiway.services.PauseAIServiceImplTest" time="0.002">
    <system-out><![CDATA[2026-08-17 20:05:16 - [PAUSE-AI] API Flask Pause AI accessible — modèle prêt (http://pause-ai.test/api/health)
]]></system-out>
  </testcase>
  <testcase name="getPausesCompletes_unauthorized_denied" classname="com.logiway.services.PauseAIServiceImplTest" time="0.002"/>
  <testcase name="construireFeaturesIA_withAllTags" classname="com.logiway.services.PauseAIServiceImplTest" time="0.002"/>
  <testcase name="isTagYes_withYesTag_returnsOui" classname="com.logiway.services.PauseAIServiceImplTest" time="0.001"/>
  <testcase name="construireFeaturesIA_nonHighwayNonMeal" classname="com.logiway.services.PauseAIServiceImplTest" time="0.001"/>
  <testcase name="construireFeaturesIA_highwayServiceType" classname="com.logiway.services.PauseAIServiceImplTest" time="0.002"/>
  <testcase name="getPausesCompletes_nullBody_returnsEmpty" classname="com.logiway.services.PauseAIServiceImplTest" time="0.003">
    <system-out><![CDATA[2026-08-17 20:05:16 - [PAUSE-AI] Récupération pauses complètes pour trajet 1 (lat_depart=48.85, lon_depart=2.35, lat_arrivee=45.75, lon_arrivee=4.85)
2026-08-17 20:05:16 - [PAUSE-AI] Appel Flask POST http://pause-ai.test/api/predict
2026-08-17 20:05:16 - [PAUSE-AI] Réponse Flask vide pour trajet 1
]]></system-out>
  </testcase>
  <testcase name="evaluerPause_flaskScoresNullFallback" classname="com.logiway.services.PauseAIServiceImplTest" time="0.011">
    <system-out><![CDATA[2026-08-17 20:05:16 - [PAUSE-AI] Évaluation déclenchée — TrajetId=1 | hours_driving=4.00h | dist_along_ratio=0.40 | position=(46.50, 4.50)
2026-08-17 20:05:16 - [PAUSE-AI] POI trouvé — type=BAS_COTE | nom=Arrêt bas-côté | distance=800.00m | hgv=non | toilets=non | score_potentiel estimé
2026-08-17 20:05:16 - [PAUSE-AI] Appel au modèle IA: POST http://pause-ai.test/api/predict/batch
2026-08-17 20:05:16 - [PAUSE-AI] ?? API Flask indisponible — fallback activé | TrajetId=1 | hours_driving=4.00h ? alerte si >= 4.5h
2026-08-17 20:05:16 - [PAUSE-AI] Score reçu = 0/100 | seuil_alerte=70 | seuil_urgence=85 | décision=AUCUNE
2026-08-17 20:05:16 - [PAUSE-AI] Prédiction persistée avec ID: 50
]]></system-out>
  </testcase>
  <testcase name="getHistoriquePredictions_trajetNotFound_throwsResourceNotFound" classname="com.logiway.services.PauseAIServiceImplTest" time="0.007"/>
  <testcase name="evaluerPause_nullManager_alertStillSent" classname="com.logiway.services.PauseAIServiceImplTest" time="0.019">
    <system-out><![CDATA[2026-08-17 20:05:16 - [PAUSE-AI] Évaluation déclenchée — TrajetId=1 | hours_driving=5.00h | dist_along_ratio=0.50 | position=(46.50, 4.50)
2026-08-17 20:05:16 - [PAUSE-AI] POI trouvé — type=BAS_COTE | nom=Arrêt bas-côté | distance=800.00m | hgv=non | toilets=non | score_potentiel estimé
2026-08-17 20:05:16 - [PAUSE-AI] Appel au modèle IA: POST http://pause-ai.test/api/predict/batch
2026-08-17 20:05:16 - [PAUSE-AI] Score IA reçu = 90/100
2026-08-17 20:05:16 - [PAUSE-AI] ?? ALERTE URGENTE — TrajetId=1 | Chauffeur=A A | Score=90/100 | hours_driving=5.00h | POI recommandé=Arrêt bas-côté
2026-08-17 20:05:16 - [PAUSE-AI] Prédiction persistée avec ID: 42
2026-08-17 20:05:16 - [PAUSE-AI] Envoi SSE PAUSE_AI_ALERT pour trajet 1 à 1 utilisateurs
]]></system-out>
  </testcase>
  <testcase name="getDashboardStats_superadmin_withChauffeurId" classname="com.logiway.services.PauseAIServiceImplTest" time="0.002"/>
  <testcase name="construireFeaturesIA_negativeRatioClamped" classname="com.logiway.services.PauseAIServiceImplTest" time="0.002"/>
  <testcase name="getDashboardStats_fullStats_computesEverything" classname="com.logiway.services.PauseAIServiceImplTest" time="0.009"/>
</testsuite>