<?xml version="1.0" encoding="UTF-8"?>
<testsuite xmlns:xsi="http://www.w3.org/2001/XMLSchema-instance" xsi:noNamespaceSchemaLocation="https://maven.apache.org/surefire/maven-surefire-plugin/xsd/surefire-test-report-3.0.xsd" version="3.0" name="com.logiway.services.TrajetServiceTest" time="0.603" tests="119" errors="0" skipped="0" failures="0">
  <properties>
[...]
</properties>
  <testcase name="getTrajet_whenNotFound_throwsException" classname="com.logiway.services.TrajetServiceTest" time="0.054"/>
  <testcase name="buildWeatherMessage_neigeSuperadmin" classname="com.logiway.services.TrajetServiceTest" time="0.089"/>
  <testcase name="getTrajets_chauffeur_withSearchAndStatut" classname="com.logiway.services.TrajetServiceTest" time="0.003"/>
  <testcase name="getTrajetsCarte_geometryFallback_failure_keepsNull" classname="com.logiway.services.TrajetServiceTest" time="0.004">
    <system-out><![CDATA[2026-08-17 20:05:18 - OSRM geometry fallback failed for trajet 1: osrm down
]]></system-out>
  </testcase>
  <testcase name="getTrajetsCarte_otherRole_returnsEmpty" classname="com.logiway.services.TrajetServiceTest" time="0.002"/>
  <testcase name="resolveManager_nullManagerId_currentUserIsManager" classname="com.logiway.services.TrajetServiceTest" time="0.004"/>
  <testcase name="optimiserTrajets_nullRequest_returnsEmpty" classname="com.logiway.services.TrajetServiceTest" time="0.002"/>
  <testcase name="optimiserTrajets_osrmRouteEnrichesRoute" classname="com.logiway.services.TrajetServiceTest" time="0.008"/>
  <testcase name="handleWeatherAlerts_meteoNotDangerous" classname="com.logiway.services.TrajetServiceTest" time="0.002"/>
  <testcase name="toResponse_runningRetardImportant" classname="com.logiway.services.TrajetServiceTest" time="0.001"/>
  <testcase name="getTrajets_withPageable" classname="com.logiway.services.TrajetServiceTest" time="0.0"/>
  <testcase name="deleteTrajet_withoutVehicleOrChauffeur_onlyDeletes" classname="com.logiway.services.TrajetServiceTest" time="0.001"/>
  <testcase name="getTrajets_otherRole_empty" classname="com.logiway.services.TrajetServiceTest" time="0.002"/>
  <testcase name="toCarteResponse_staleGpsPosition" classname="com.logiway.services.TrajetServiceTest" time="0.001"/>
  <testcase name="validateDriverAvailability_driverNotAvailable_throws" classname="com.logiway.services.TrajetServiceTest" time="0.003"/>
  <testcase name="updatePosition_explicitDatePosition" classname="com.logiway.services.TrajetServiceTest" time="0.002"/>
  <testcase name="toResponse_runningEnAvance" classname="com.logiway.services.TrajetServiceTest" time="0.002"/>
  <testcase name="createWeatherNotification_blankMessage_returns" classname="com.logiway.services.TrajetServiceTest" time="0.003"/>
  <testcase name="resolveVehiclesForOptimisation_withVehiculeIds" classname="com.logiway.services.TrajetServiceTest" time="0.052"/>
  <testcase name="getTrajets_searchByVehiculeMatricule" classname="com.logiway.services.TrajetServiceTest" time="0.001"/>
  <testcase name="updatePosition_weatherStates_coverAllMessages" classname="com.logiway.services.TrajetServiceTest" time="0.005"/>
  <testcase name="distanceAndPositionResolution_branches" classname="com.logiway.services.TrajetServiceTest" time="0.001"/>
  <testcase name="getTrajetsCarte_unauthenticated_fallback" classname="com.logiway.services.TrajetServiceTest" time="0.002">
    <system-out><![CDATA[2026-08-17 20:05:18 - getTrajetsCarte called without authentication, falling back to EN_COURS only: no auth
]]></system-out>
  </testcase>
  <testcase name="updateTrajet_notificationFails_succeeds" classname="com.logiway.services.TrajetServiceTest" time="0.005">
    <system-out><![CDATA[2026-08-17 20:05:18 - Trajet 1 updated but notification failed: notif fail
]]></system-out>
  </testcase>
  <testcase name="buildWeatherMessage_brouillardAndNeige" classname="com.logiway.services.TrajetServiceTest" time="0.004"/>
  <testcase name="updatePosition_nullCoordinates_skipsWeather" classname="com.logiway.services.TrajetServiceTest" time="0.002"/>
  <testcase name="resolveVehiclesForOptimisation_noEntreprise" classname="com.logiway.services.TrajetServiceTest" time="0.001"/>
  <testcase name="toResponse_runningLegerRetard" classname="com.logiway.services.TrajetServiceTest" time="0.002"/>
  <testcase name="getTrajetsCarte_manager_returnsChauffeurManagerTrips" classname="com.logiway.services.TrajetServiceTest" time="0.002"/>
  <testcase name="buildWeatherMessage_brouillardManager" classname="com.logiway.services.TrajetServiceTest" time="0.003"/>
  <testcase name="optimiserTrajets_emptyDemandes_returnsEmpty" classname="com.logiway.services.TrajetServiceTest" time="0.002"/>
  <testcase name="demarrerTrajet_dateDepartAlreadySet" classname="com.logiway.services.TrajetServiceTest" time="0.006">
    <system-out><![CDATA[2026-08-17 20:05:18 - [TRAJET] Génération des pauses réglementaires lancée pour le trajet 1
2026-08-17 20:05:18 - [TRAJET] Impossible de générer les pauses réglementaires pour le trajet 1: Pause service down
java.lang.RuntimeException: Pause service down
	at com.logiway.services.impl.TrajetServiceImpl.demarrerTrajet(TrajetServiceImpl.java:236)
	at com.logiway.services.TrajetServiceTest.demarrerTrajet_dateDepartAlreadySet(TrajetServiceTest.java:1867)
	at java.base/jdk.internal.reflect.NativeMethodAccessorImpl.invoke0(Native Method)
	at java.base/jdk.internal.reflect.NativeMethodAccessorImpl.invoke(NativeMethodAccessorImpl.java:77)
	at java.base/jdk.internal.reflect.DelegatingMethodAccessorImpl.invoke(DelegatingMethodAccessorImpl.java:43)
	at java.base/java.lang.reflect.Method.invoke(Method.java:568)
	at org.junit.platform.commons.util.ReflectionUtils.invokeMethod(ReflectionUtils.java:728)
	at org.junit.jupiter.engine.execution.MethodInvocation.proceed(MethodInvocation.java:60)
	at org.junit.jupiter.engine.execution.InvocationInterceptorChain$ValidatingInvocation.proceed(InvocationInterceptorChain.java:131)
	at org.junit.jupiter.engine.extension.TimeoutExtension.intercept(TimeoutExtension.java:156)
	at org.junit.jupiter.engine.extension.TimeoutExtension.interceptTestableMethod(TimeoutExtension.java:147)
	at org.junit.jupiter.engine.extension.TimeoutExtension.interceptTestMethod(TimeoutExtension.java:86)
	at org.junit.jupiter.engine.execution.InterceptingExecutableInvoker$ReflectiveInterceptorCall.lambda$ofVoidMethod$0(InterceptingExecutableInvoker.java:103)
	at org.junit.jupiter.engine.execution.InterceptingExecutableInvoker.lambda$invoke$0(InterceptingExecutableInvoker.java:93)
	at org.junit.jupiter.engine.execution.InvocationInterceptorChain$InterceptedInvocation.proceed(InvocationInterceptorChain.java:106)
	at org.junit.jupiter.engine.execution.InvocationInterceptorChain.proceed(InvocationInterceptorChain.java:64)
	at org.junit.jupiter.engine.execution.InvocationInterceptorChain.chainAndInvoke(InvocationInterceptorChain.java:45)
	at org.junit.jupiter.engine.execution.InvocationInterceptorChain.invoke(InvocationInterceptorChain.java:37)
	at org.junit.jupiter.engine.execution.InterceptingExecutableInvoker.invoke(InterceptingExecutableInvoker.java:92)
	at org.junit.jupiter.engine.execution.InterceptingExecutableInvoker.invoke(InterceptingExecutableInvoker.java:86)
	at org.junit.jupiter.engine.descriptor.TestMethodTestDescriptor.lambda$invokeTestMethod$7(TestMethodTestDescriptor.java:218)
	at org.junit.platform.engine.support.hierarchical.ThrowableCollector.execute(ThrowableCollector.java:73)
	at org.junit.jupiter.engine.descriptor.TestMethodTestDescriptor.invokeTestMethod(TestMethodTestDescriptor.java:214)
	at org.junit.jupiter.engine.descriptor.TestMethodTestDescriptor.execute(TestMethodTestDescriptor.java:139)
	at org.junit.jupiter.engine.descriptor.TestMethodTestDescriptor.execute(TestMethodTestDescriptor.java:69)
	at org.junit.platform.engine.support.hierarchical.NodeTestTask.lambda$executeRecursively$6(NodeTestTask.java:151)
	at org.junit.platform.engine.support.hierarchical.ThrowableCollector.execute(ThrowableCollector.java:73)
	at org.junit.platform.engine.support.hierarchical.NodeTestTask.lambda$executeRecursively$8(NodeTestTask.java:141)
	at org.junit.platform.engine.support.hierarchical.Node.around(Node.java:137)
	at org.junit.platform.engine.support.hierarchical.NodeTestTask.lambda$executeRecursively$9(NodeTestTask.java:139)
	at org.junit.platform.engine.support.hierarchical.ThrowableCollector.execute(ThrowableCollector.java:73)
	at org.junit.platform.engine.support.hierarchical.NodeTestTask.executeRecursively(NodeTestTask.java:138)
	at org.junit.platform.engine.support.hierarchical.NodeTestTask.execute(NodeTestTask.java:95)
	at java.base/java.util.ArrayList.forEach(ArrayList.java:1511)
	at org.junit.platform.engine.support.hierarchical.SameThreadHierarchicalTestExecutorService.invokeAll(SameThreadHierarchicalTestExecutorService.java:41)
	at org.junit.platform.engine.support.hierarchical.NodeTestTask.lambda$executeRecursively$6(NodeTestTask.java:155)
	at org.junit.platform.engine.support.hierarchical.ThrowableCollector.execute(ThrowableCollector.java:73)
	at org.junit.platform.engine.support.hierarchical.NodeTestTask.lambda$executeRecursively$8(NodeTestTask.java:141)
	at org.junit.platform.engine.support.hierarchical.Node.around(Node.java:137)
	at org.junit.platform.engine.support.hierarchical.NodeTestTask.lambda$executeRecursively$9(NodeTestTask.java:139)
	at org.junit.platform.engine.support.hierarchical.ThrowableCollector.execute(ThrowableCollector.java:73)
	at org.junit.platform.engine.support.hierarchical.NodeTestTask.executeRecursively(NodeTestTask.java:138)
	at org.junit.platform.engine.support.hierarchical.NodeTestTask.execute(NodeTestTask.java:95)
	at java.base/java.util.ArrayList.forEach(ArrayList.java:1511)
	at org.junit.platform.engine.support.hierarchical.SameThreadHierarchicalTestExecutorService.invokeAll(SameThreadHierarchicalTestExecutorService.java:41)
	at org.junit.platform.engine.support.hierarchical.NodeTestTask.lambda$executeRecursively$6(NodeTestTask.java:155)
	at org.junit.platform.engine.support.hierarchical.ThrowableCollector.execute(ThrowableCollector.java:73)
	at org.junit.platform.engine.support.hierarchical.NodeTestTask.lambda$executeRecursively$8(NodeTestTask.java:141)
	at org.junit.platform.engine.support.hierarchical.Node.around(Node.java:137)
	at org.junit.platform.engine.support.hierarchical.NodeTestTask.lambda$executeRecursively$9(NodeTestTask.java:139)
	at org.junit.platform.engine.support.hierarchical.ThrowableCollector.execute(ThrowableCollector.java:73)
	at org.junit.platform.engine.support.hierarchical.NodeTestTask.executeRecursively(NodeTestTask.java:138)
	at org.junit.platform.engine.support.hierarchical.NodeTestTask.execute(NodeTestTask.java:95)
	at org.junit.platform.engine.support.hierarchical.SameThreadHierarchicalTestExecutorService.submit(SameThreadHierarchicalTestExecutorService.java:35)
	at org.junit.platform.engine.support.hierarchical.HierarchicalTestExecutor.execute(HierarchicalTestExecutor.java:57)
	at org.junit.platform.engine.support.hierarchical.HierarchicalTestEngine.execute(HierarchicalTestEngine.java:54)
	at org.junit.platform.launcher.core.EngineExecutionOrchestrator.execute(EngineExecutionOrchestrator.java:198)
	at org.junit.platform.launcher.core.EngineExecutionOrchestrator.execute(EngineExecutionOrchestrator.java:169)
	at org.junit.platform.launcher.core.EngineExecutionOrchestrator.execute(EngineExecutionOrchestrator.java:93)
	at org.junit.platform.launcher.core.EngineExecutionOrchestrator.lambda$execute$0(EngineExecutionOrchestrator.java:58)
	at org.junit.platform.launcher.core.EngineExecutionOrchestrator.withInterceptedStreams(EngineExecutionOrchestrator.java:141)
	at org.junit.platform.launcher.core.EngineExecutionOrchestrator.execute(EngineExecutionOrchestrator.java:57)
	at org.junit.platform.launcher.core.DefaultLauncher.execute(DefaultLauncher.java:103)
	at org.junit.platform.launcher.core.DefaultLauncher.execute(DefaultLauncher.java:85)
	at org.junit.platform.launcher.core.DelegatingLauncher.execute(DelegatingLauncher.java:47)
	at org.apache.maven.surefire.junitplatform.LazyLauncher.execute(LazyLauncher.java:56)
	at org.apache.maven.surefire.junitplatform.JUnitPlatformProvider.execute(JUnitPlatformProvider.java:184)
	at org.apache.maven.surefire.junitplatform.JUnitPlatformProvider.invokeAllTests(JUnitPlatformProvider.java:148)
	at org.apache.maven.surefire.junitplatform.JUnitPlatformProvider.invoke(JUnitPlatformProvider.java:122)
	at org.apache.maven.surefire.booter.ForkedBooter.runSuitesInProcess(ForkedBooter.java:385)
	at org.apache.maven.surefire.booter.ForkedBooter.execute(ForkedBooter.java:162)
	at org.apache.maven.surefire.booter.ForkedBooter.run(ForkedBooter.java:507)
	at org.apache.maven.surefire.booter.ForkedBooter.main(ForkedBooter.java:495)
]]></system-out>
  </testcase>
  <testcase name="terminerTrajet_changesStatusToComplete" classname="com.logiway.services.TrajetServiceTest" time="0.003"/>
  <testcase name="getTrajetsCarte_manager_returnsEnCours" classname="com.logiway.services.TrajetServiceTest" time="0.002"/>
  <testcase name="getTrajets_whenChauffeur_returnsOnlyOwnTrips" classname="com.logiway.services.TrajetServiceTest" time="0.003"/>
  <testcase name="parseCoordinate_branches" classname="com.logiway.services.TrajetServiceTest" time="0.005">
    <system-out><![CDATA[2026-08-17 20:05:18 - Coordinate resolution failed for 'invalid,coords,string': OSRM down
2026-08-17 20:05:18 - Coordinate resolution failed for 'invalid,coords,string': OSRM down
]]></system-out>
  </testcase>
  <testcase name="toCarteResponse_vehiculeNoGpsPosition" classname="com.logiway.services.TrajetServiceTest" time="0.002"/>
  <testcase name="createWeatherNotification_nullRecipient_returns" classname="com.logiway.services.TrajetServiceTest" time="0.003"/>
  <testcase name="createTrajet_postSaveFails_succeeds" classname="com.logiway.services.TrajetServiceTest" time="0.002"/>
  <testcase name="getTrajets_searchAndNullPageable" classname="com.logiway.services.TrajetServiceTest" time="0.001"/>
  <testcase name="updatePosition_dangerousWeather_createsNotificationsForAudience" classname="com.logiway.services.TrajetServiceTest" time="0.01"/>
  <testcase name="updatePosition_sameWeatherSignature_createsOnce" classname="com.logiway.services.TrajetServiceTest" time="0.004"/>
  <testcase name="getTrajetsCarte_chauffeur_actif_only" classname="com.logiway.services.TrajetServiceTest" time="0.002"/>
  <testcase name="createTrajet_geocodeFallback_nullAndFailureHandled" classname="com.logiway.services.TrajetServiceTest" time="0.002"/>
  <testcase name="createTrajet_nullStatut_defaultsToActif" classname="com.logiway.services.TrajetServiceTest" time="0.003"/>
  <testcase name="buildWeatherMessage_orageSuperadmin" classname="com.logiway.services.TrajetServiceTest" time="0.003"/>
  <testcase name="getTrajets_withSearchAndPageable_filtersAndPaginates" classname="com.logiway.services.TrajetServiceTest" time="0.001"/>
  <testcase name="getTrajetsCarte_superadmin_returnsOnlyEnCours" classname="com.logiway.services.TrajetServiceTest" time="0.002"/>
  <testcase name="resolveManager_nonManagerUser_throws" classname="com.logiway.services.TrajetServiceTest" time="0.003"/>
  <testcase name="createTrajet_whenVehicleBusy_persistsWithoutThrowing" classname="com.logiway.services.TrajetServiceTest" time="0.003">
    <system-out><![CDATA[2026-08-17 20:05:18 - Trajet null persisted but post-save processing failed: Le véhicule est déjà affecté à un trajet actif
]]></system-out>
  </testcase>
  <testcase name="buildWeatherMessage_noChauffeur_usesDefault" classname="com.logiway.services.TrajetServiceTest" time="0.005"/>
  <testcase name="toResponse_completedEnAvance" classname="com.logiway.services.TrajetServiceTest" time="0.002"/>
  <testcase name="buildWeatherMessage_unknownRole_returnsNull" classname="com.logiway.services.TrajetServiceTest" time="0.003"/>
  <testcase name="demarrerTrajet_nullDateDepart_setsNowAndNotifies" classname="com.logiway.services.TrajetServiceTest" time="0.003">
    <system-out><![CDATA[2026-08-17 20:05:18 - [TRAJET] Génération des pauses réglementaires lancée pour le trajet 1
]]></system-out>
  </testcase>
  <testcase name="updatePosition_safeWeather_clearsHistoryAndNoNotifications" classname="com.logiway.services.TrajetServiceTest" time="0.002"/>
  <testcase name="createTrajet_managerIdNotManager_throws" classname="com.logiway.services.TrajetServiceTest" time="0.002"/>
  <testcase name="createTrajet_withFullData_succeeds" classname="com.logiway.services.TrajetServiceTest" time="0.002"/>
  <testcase name="buildWeatherMessage_orageChauffeur" classname="com.logiway.services.TrajetServiceTest" time="0.002"/>
  <testcase name="optimiserTrajets_withVehicleIds_usesFindAllById" classname="com.logiway.services.TrajetServiceTest" time="0.004"/>
  <testcase name="toResponse_nullCoordinates_distanceZero" classname="com.logiway.services.TrajetServiceTest" time="0.002"/>
  <testcase name="handleWeatherAlerts_sameSignature_noDuplicate" classname="com.logiway.services.TrajetServiceTest" time="0.003"/>
  <testcase name="updateTrajet_notificationFailure_isAbsorbed" classname="com.logiway.services.TrajetServiceTest" time="0.002">
    <system-out><![CDATA[2026-08-17 20:05:18 - Trajet 1 updated but notification failed: notif down
]]></system-out>
  </testcase>
  <testcase name="deleteTrajet_chauffeurStatutBranch" classname="com.logiway.services.TrajetServiceTest" time="0.002"/>
  <testcase name="terminerTrajet_noVehiculeNoChauffeur" classname="com.logiway.services.TrajetServiceTest" time="0.002"/>
  <testcase name="getTrajetsCarte_chauffeur_returnsEnCoursAndActif" classname="com.logiway.services.TrajetServiceTest" time="0.002"/>
  <testcase name="updateTrajet_succeeds" classname="com.logiway.services.TrajetServiceTest" time="0.003"/>
  <testcase name="toResponse_completedRetardImportant" classname="com.logiway.services.TrajetServiceTest" time="0.001"/>
  <testcase name="createTrajet_blankCoordinates_returnsNullCoordinates" classname="com.logiway.services.TrajetServiceTest" time="0.002"/>
  <testcase name="createTrajet_parsesCoordinatesFromCommaLabels" classname="com.logiway.services.TrajetServiceTest" time="0.002"/>
  <testcase name="buildWeatherMessage_noDestination_usesDefault" classname="com.logiway.services.TrajetServiceTest" time="0.003"/>
  <testcase name="optimiserTrajets_edgeCases" classname="com.logiway.services.TrajetServiceTest" time="0.003"/>
  <testcase name="resolveChauffeur_nullId_returnsNull" classname="com.logiway.services.TrajetServiceTest" time="0.002"/>
  <testcase name="getTrajets_superadmin_returnsSortedAll" classname="com.logiway.services.TrajetServiceTest" time="0.002"/>
  <testcase name="updatePosition_whenNoVehicle_throwsException" classname="com.logiway.services.TrajetServiceTest" time="0.002"/>
  <testcase name="getTrajets_manager_returnsChauffeurManagerTrips" classname="com.logiway.services.TrajetServiceTest" time="0.001"/>
  <testcase name="updatePosition_nullDatePosition_usesNow" classname="com.logiway.services.TrajetServiceTest" time="0.059"/>
  <testcase name="resolveVehicule_nullId_returnsNull" classname="com.logiway.services.TrajetServiceTest" time="0.002"/>
  <testcase name="optimiserTrajets_withNullVehicle_coversValidateNull" classname="com.logiway.services.TrajetServiceTest" time="0.003"/>
  <testcase name="toCarteResponse_chauffeurNoSecteur" classname="com.logiway.services.TrajetServiceTest" time="0.001"/>
  <testcase name="createTrajet_vehicleMaintenance_throwsAbsorbed" classname="com.logiway.services.TrajetServiceTest" time="0.002">
    <system-out><![CDATA[2026-08-17 20:05:18 - Trajet null persisted but post-save processing failed: Le véhicule n'est pas disponible
]]></system-out>
  </testcase>
  <testcase name="updateTrajet_notificationExceptionCaught" classname="com.logiway.services.TrajetServiceTest" time="0.003">
    <system-out><![CDATA[2026-08-17 20:05:18 - Trajet 1 updated but notification failed: DB error
]]></system-out>
  </testcase>
  <testcase name="getTrajetsCarte_geometryFallback_viaOsrm" classname="com.logiway.services.TrajetServiceTest" time="0.003"/>
  <testcase name="getTrajet_whenExists_returnsTrajet" classname="com.logiway.services.TrajetServiceTest" time="0.002"/>
  <testcase name="buildWeatherMessage_neigeChauffeur" classname="com.logiway.services.TrajetServiceTest" time="0.003"/>
  <testcase name="getTrajets_filtersByStatus" classname="com.logiway.services.TrajetServiceTest" time="0.002"/>
  <testcase name="demarrerTrajet_changesStatusToEnCours" classname="com.logiway.services.TrajetServiceTest" time="0.003">
    <system-out><![CDATA[2026-08-17 20:05:18 - [TRAJET] Génération des pauses réglementaires lancée pour le trajet 1
]]></system-out>
  </testcase>
  <testcase name="deleteTrajet_withChauffeurNoOtherTrips" classname="com.logiway.services.TrajetServiceTest" time="0.003"/>
  <testcase name="validateDriverAvailability_hasActiveTrip_throws" classname="com.logiway.services.TrajetServiceTest" time="0.003"/>
  <testcase name="getTrajets_searchByChauffeurName" classname="com.logiway.services.TrajetServiceTest" time="0.002"/>
  <testcase name="createTrajet_postSaveExceptionCaught" classname="com.logiway.services.TrajetServiceTest" time="0.003"/>
  <testcase name="createTrajet_geocodeFailure_swallowed" classname="com.logiway.services.TrajetServiceTest" time="0.004">
    <system-out><![CDATA[2026-08-17 20:05:18 - Coordinate resolution failed for 'Inconnu': geocode down
2026-08-17 20:05:18 - Coordinate resolution failed for 'Inconnu': geocode down
]]></system-out>
  </testcase>
  <testcase name="toResponse_notRunningNoArrival_returnsNullMetrics" classname="com.logiway.services.TrajetServiceTest" time="0.001"/>
  <testcase name="createTrajet_driverResting_throwsAndNotifies" classname="com.logiway.services.TrajetServiceTest" time="0.004"/>
  <testcase name="deleteTrajet_removesAndFreesResources" classname="com.logiway.services.TrajetServiceTest" time="0.002"/>
  <testcase name="createTrajet_unparseableCoordinates_usesGeocoder" classname="com.logiway.services.TrajetServiceTest" time="0.002"/>
  <testcase name="getTrajetsCarte_managerRoleAndFallback" classname="com.logiway.services.TrajetServiceTest" time="0.003">
    <system-out><![CDATA[2026-08-17 20:05:18 - getTrajetsCarte called without authentication, falling back to EN_COURS only: no auth
]]></system-out>
  </testcase>
  <testcase name="demarrerTrajet_pauseGenerationFailure_isAbsorbed" classname="com.logiway.services.TrajetServiceTest" time="0.003">
    <system-out><![CDATA[2026-08-17 20:05:18 - [TRAJET] Génération des pauses réglementaires lancée pour le trajet 1
2026-08-17 20:05:18 - [TRAJET] Impossible de générer les pauses réglementaires pour le trajet 1: pause down
java.lang.RuntimeException: pause down
	at com.logiway.services.impl.TrajetServiceImpl.demarrerTrajet(TrajetServiceImpl.java:236)
	at com.logiway.services.TrajetServiceTest.demarrerTrajet_pauseGenerationFailure_isAbsorbed(TrajetServiceTest.java:135)
	at java.base/jdk.internal.reflect.NativeMethodAccessorImpl.invoke0(Native Method)
	at java.base/jdk.internal.reflect.NativeMethodAccessorImpl.invoke(NativeMethodAccessorImpl.java:77)
	at java.base/jdk.internal.reflect.DelegatingMethodAccessorImpl.invoke(DelegatingMethodAccessorImpl.java:43)
	at java.base/java.lang.reflect.Method.invoke(Method.java:568)
	at org.junit.platform.commons.util.ReflectionUtils.invokeMethod(ReflectionUtils.java:728)
	at org.junit.jupiter.engine.execution.MethodInvocation.proceed(MethodInvocation.java:60)
	at org.junit.jupiter.engine.execution.InvocationInterceptorChain$ValidatingInvocation.proceed(InvocationInterceptorChain.java:131)
	at org.junit.jupiter.engine.extension.TimeoutExtension.intercept(TimeoutExtension.java:156)
	at org.junit.jupiter.engine.extension.TimeoutExtension.interceptTestableMethod(TimeoutExtension.java:147)
	at org.junit.jupiter.engine.extension.TimeoutExtension.interceptTestMethod(TimeoutExtension.java:86)
	at org.junit.jupiter.engine.execution.InterceptingExecutableInvoker$ReflectiveInterceptorCall.lambda$ofVoidMethod$0(InterceptingExecutableInvoker.java:103)
	at org.junit.jupiter.engine.execution.InterceptingExecutableInvoker.lambda$invoke$0(InterceptingExecutableInvoker.java:93)
	at org.junit.jupiter.engine.execution.InvocationInterceptorChain$InterceptedInvocation.proceed(InvocationInterceptorChain.java:106)
	at org.junit.jupiter.engine.execution.InvocationInterceptorChain.proceed(InvocationInterceptorChain.java:64)
	at org.junit.jupiter.engine.execution.InvocationInterceptorChain.chainAndInvoke(InvocationInterceptorChain.java:45)
	at org.junit.jupiter.engine.execution.InvocationInterceptorChain.invoke(InvocationInterceptorChain.java:37)
	at org.junit.jupiter.engine.execution.InterceptingExecutableInvoker.invoke(InterceptingExecutableInvoker.java:92)
	at org.junit.jupiter.engine.execution.InterceptingExecutableInvoker.invoke(InterceptingExecutableInvoker.java:86)
	at org.junit.jupiter.engine.descriptor.TestMethodTestDescriptor.lambda$invokeTestMethod$7(TestMethodTestDescriptor.java:218)
	at org.junit.platform.engine.support.hierarchical.ThrowableCollector.execute(ThrowableCollector.java:73)
	at org.junit.jupiter.engine.descriptor.TestMethodTestDescriptor.invokeTestMethod(TestMethodTestDescriptor.java:214)
	at org.junit.jupiter.engine.descriptor.TestMethodTestDescriptor.execute(TestMethodTestDescriptor.java:139)
	at org.junit.jupiter.engine.descriptor.TestMethodTestDescriptor.execute(TestMethodTestDescriptor.java:69)
	at org.junit.platform.engine.support.hierarchical.NodeTestTask.lambda$executeRecursively$6(NodeTestTask.java:151)
	at org.junit.platform.engine.support.hierarchical.ThrowableCollector.execute(ThrowableCollector.java:73)
	at org.junit.platform.engine.support.hierarchical.NodeTestTask.lambda$executeRecursively$8(NodeTestTask.java:141)
	at org.junit.platform.engine.support.hierarchical.Node.around(Node.java:137)
	at org.junit.platform.engine.support.hierarchical.NodeTestTask.lambda$executeRecursively$9(NodeTestTask.java:139)
	at org.junit.platform.engine.support.hierarchical.ThrowableCollector.execute(ThrowableCollector.java:73)
	at org.junit.platform.engine.support.hierarchical.NodeTestTask.executeRecursively(NodeTestTask.java:138)
	at org.junit.platform.engine.support.hierarchical.NodeTestTask.execute(NodeTestTask.java:95)
	at java.base/java.util.ArrayList.forEach(ArrayList.java:1511)
	at org.junit.platform.engine.support.hierarchical.SameThreadHierarchicalTestExecutorService.invokeAll(SameThreadHierarchicalTestExecutorService.java:41)
	at org.junit.platform.engine.support.hierarchical.NodeTestTask.lambda$executeRecursively$6(NodeTestTask.java:155)
	at org.junit.platform.engine.support.hierarchical.ThrowableCollector.execute(ThrowableCollector.java:73)
	at org.junit.platform.engine.support.hierarchical.NodeTestTask.lambda$executeRecursively$8(NodeTestTask.java:141)
	at org.junit.platform.engine.support.hierarchical.Node.around(Node.java:137)
	at org.junit.platform.engine.support.hierarchical.NodeTestTask.lambda$executeRecursively$9(NodeTestTask.java:139)
	at org.junit.platform.engine.support.hierarchical.ThrowableCollector.execute(ThrowableCollector.java:73)
	at org.junit.platform.engine.support.hierarchical.NodeTestTask.executeRecursively(NodeTestTask.java:138)
	at org.junit.platform.engine.support.hierarchical.NodeTestTask.execute(NodeTestTask.java:95)
	at java.base/java.util.ArrayList.forEach(ArrayList.java:1511)
	at org.junit.platform.engine.support.hierarchical.SameThreadHierarchicalTestExecutorService.invokeAll(SameThreadHierarchicalTestExecutorService.java:41)
	at org.junit.platform.engine.support.hierarchical.NodeTestTask.lambda$executeRecursively$6(NodeTestTask.java:155)
	at org.junit.platform.engine.support.hierarchical.ThrowableCollector.execute(ThrowableCollector.java:73)
	at org.junit.platform.engine.support.hierarchical.NodeTestTask.lambda$executeRecursively$8(NodeTestTask.java:141)
	at org.junit.platform.engine.support.hierarchical.Node.around(Node.java:137)
	at org.junit.platform.engine.support.hierarchical.NodeTestTask.lambda$executeRecursively$9(NodeTestTask.java:139)
	at org.junit.platform.engine.support.hierarchical.ThrowableCollector.execute(ThrowableCollector.java:73)
	at org.junit.platform.engine.support.hierarchical.NodeTestTask.executeRecursively(NodeTestTask.java:138)
	at org.junit.platform.engine.support.hierarchical.NodeTestTask.execute(NodeTestTask.java:95)
	at org.junit.platform.engine.support.hierarchical.SameThreadHierarchicalTestExecutorService.submit(SameThreadHierarchicalTestExecutorService.java:35)
	at org.junit.platform.engine.support.hierarchical.HierarchicalTestExecutor.execute(HierarchicalTestExecutor.java:57)
	at org.junit.platform.engine.support.hierarchical.HierarchicalTestEngine.execute(HierarchicalTestEngine.java:54)
	at org.junit.platform.launcher.core.EngineExecutionOrchestrator.execute(EngineExecutionOrchestrator.java:198)
	at org.junit.platform.launcher.core.EngineExecutionOrchestrator.execute(EngineExecutionOrchestrator.java:169)
	at org.junit.platform.launcher.core.EngineExecutionOrchestrator.execute(EngineExecutionOrchestrator.java:93)
	at org.junit.platform.launcher.core.EngineExecutionOrchestrator.lambda$execute$0(EngineExecutionOrchestrator.java:58)
	at org.junit.platform.launcher.core.EngineExecutionOrchestrator.withInterceptedStreams(EngineExecutionOrchestrator.java:141)
	at org.junit.platform.launcher.core.EngineExecutionOrchestrator.execute(EngineExecutionOrchestrator.java:57)
	at org.junit.platform.launcher.core.DefaultLauncher.execute(DefaultLauncher.java:103)
	at org.junit.platform.launcher.core.DefaultLauncher.execute(DefaultLauncher.java:85)
	at org.junit.platform.launcher.core.DelegatingLauncher.execute(DelegatingLauncher.java:47)
	at org.apache.maven.surefire.junitplatform.LazyLauncher.execute(LazyLauncher.java:56)
	at org.apache.maven.surefire.junitplatform.JUnitPlatformProvider.execute(JUnitPlatformProvider.java:184)
	at org.apache.maven.surefire.junitplatform.JUnitPlatformProvider.invokeAllTests(JUnitPlatformProvider.java:148)
	at org.apache.maven.surefire.junitplatform.JUnitPlatformProvider.invoke(JUnitPlatformProvider.java:122)
	at org.apache.maven.surefire.booter.ForkedBooter.runSuitesInProcess(ForkedBooter.java:385)
	at org.apache.maven.surefire.booter.ForkedBooter.execute(ForkedBooter.java:162)
	at org.apache.maven.surefire.booter.ForkedBooter.run(ForkedBooter.java:507)
	at org.apache.maven.surefire.booter.ForkedBooter.main(ForkedBooter.java:495)
]]></system-out>
  </testcase>
  <testcase name="getTrajetsCarte_positionMajBeforeDepart_returnsDepartPoint" classname="com.logiway.services.TrajetServiceTest" time="0.003"/>
  <testcase name="demarrerTrajet_noVehiculeWithDateDepart" classname="com.logiway.services.TrajetServiceTest" time="0.002">
    <system-out><![CDATA[2026-08-17 20:05:18 - [TRAJET] Génération des pauses réglementaires lancée pour le trajet 1
]]></system-out>
  </testcase>
  <testcase name="updatePosition_updatesVehicleGpsPosition" classname="com.logiway.services.TrajetServiceTest" time="0.003"/>
  <testcase name="createTrajet_managerResolvedFromCreatedBy" classname="com.logiway.services.TrajetServiceTest" time="0.003"/>
  <testcase name="createTrajet_driverAvailableAfterRest_returns" classname="com.logiway.services.TrajetServiceTest" time="0.003"/>
  <testcase name="createTrajet_currentUserManager_resolvesManager" classname="com.logiway.services.TrajetServiceTest" time="0.003"/>
  <testcase name="createTrajet_chauffeurNotChauffeur_throws" classname="com.logiway.services.TrajetServiceTest" time="0.002"/>
  <testcase name="deleteTrajet_noVehiculeNoChauffeur" classname="com.logiway.services.TrajetServiceTest" time="0.002"/>
  <testcase name="buildWeatherMessage_brouillardChauffeur" classname="com.logiway.services.TrajetServiceTest" time="0.003"/>
  <testcase name="getTrajetsCarte_unauthenticated_fallsBackToEnCours" classname="com.logiway.services.TrajetServiceTest" time="0.003">
    <system-out><![CDATA[2026-08-17 20:05:19 - getTrajetsCarte called without authentication, falling back to EN_COURS only: no auth
]]></system-out>
  </testcase>
  <testcase name="getTrajetsCarte_chauffeur_actif" classname="com.logiway.services.TrajetServiceTest" time="0.002"/>
  <testcase name="deleteTrajet_existingActiveTrips_keepsEnService" classname="com.logiway.services.TrajetServiceTest" time="0.002"/>
  <testcase name="computePerformanceLabel_allBranches" classname="com.logiway.services.TrajetServiceTest" time="0.002"/>
  <testcase name="resolveManager_edgeCases" classname="com.logiway.services.TrajetServiceTest" time="0.003"/>
  <testcase name="optimiserTrajets_withEntreprise_filtersByCompany" classname="com.logiway.services.TrajetServiceTest" time="0.004"/>
  <testcase name="toResponse_completedLegerRetard" classname="com.logiway.services.TrajetServiceTest" time="0.001"/>
  <testcase name="deleteTrajet_withVehiculeAndChauffeurActiveTrips" classname="com.logiway.services.TrajetServiceTest" time="0.001"/>
  <testcase name="getTrajetsCarte_positionMajAfterDepart_returnsCurrentLatLng" classname="com.logiway.services.TrajetServiceTest" time="0.001"/>
  <testcase name="toResponse_noDepartDate_returnsNullMetrics" classname="com.logiway.services.TrajetServiceTest" time="0.002"/>
  <testcase name="optimiserTrajets_withAssignment_buildsTournee" classname="com.logiway.services.TrajetServiceTest" time="0.003"/>
  <testcase name="resolveVehiclesForOptimisation_withEntreprise" classname="com.logiway.services.TrajetServiceTest" time="0.002"/>
  <testcase name="getTrajets_searchWithNullVehiculeAndChauffeur" classname="com.logiway.services.TrajetServiceTest" time="0.002"/>
</testsuite>