<?xml version="1.0" encoding="UTF-8"?>
<testsuite xmlns:xsi="http://www.w3.org/2001/XMLSchema-instance" xsi:noNamespaceSchemaLocation="https://maven.apache.org/surefire/maven-surefire-plugin/xsd/surefire-test-report-3.0.xsd" version="3.0" name="com.logiway.services.PauseReglementaireServiceImplTest" time="0.525" tests="105" errors="0" skipped="0" failures="0">
  <properties>
[...]
</properties>
  <testcase name="genererPauses_fallbackNoGeometry_returnsEmpty" classname="com.logiway.services.PauseReglementaireServiceImplTest" time="0.017">
    <system-out><![CDATA[2026-08-17 20:05:16 - [PAUSE-GEN] === DEBUT genererPauses pour trajet 1 ===
2026-08-17 20:05:16 - [PAUSE-GEN] Trajet 1 - Durée estimée: 300 minutes
2026-08-17 20:05:16 - [PAUSE-GEN] Trajet 1 duration is 300min (>= 3h), pauses will be generated
2026-08-17 20:05:16 - [PAUSE-GEN] Deleting all existing pauses for trajet 1
2026-08-17 20:05:16 - [PAUSE-GEN] Appel Flask AI à http://pause-ai.test/api/predict: {"trip_duration_minutes":300,"startLat":48.85,"trip_id":1,"endLat":45.75,"trip":{"geometrieItineraire":null,"longitudeDepart":2.35,"destination":"Lyon","latitudeDepart":48.85,"longitudeArrivee":4.85,"distanceKm":100.0,"id":1,"pointDepart":"Paris","latitudeArrivee":45.75,"dureeEstimeeMinutes":300},"startLon":2.35,"endLon":4.85,"departure_time":"2026-08-17T20:05:16.938626900"}
2026-08-17 20:05:16 - [PAUSE-GEN] Réponse Flask AI: not json
2026-08-17 20:05:16 - [PAUSE-GEN] Failed to generate pauses via Python for trajet 1: Unrecognized token 'not': was expecting (JSON String, Number, Array, Object or token 'null', 'true' or 'false')
 at [Source: (String)"not json"; line: 1, column: 4]
com.fasterxml.jackson.core.JsonParseException: Unrecognized token 'not': was expecting (JSON String, Number, Array, Object or token 'null', 'true' or 'false')
 at [Source: (String)"not json"; line: 1, column: 4]
	at com.fasterxml.jackson.core.JsonParser._constructError(JsonParser.java:2477)
	at com.fasterxml.jackson.core.base.ParserMinimalBase._reportError(ParserMinimalBase.java:760)
	at com.fasterxml.jackson.core.json.ReaderBasedJsonParser._reportInvalidToken(ReaderBasedJsonParser.java:3041)
	at com.fasterxml.jackson.core.json.ReaderBasedJsonParser._reportInvalidToken(ReaderBasedJsonParser.java:3019)
	at com.fasterxml.jackson.core.json.ReaderBasedJsonParser._matchToken(ReaderBasedJsonParser.java:2793)
	at com.fasterxml.jackson.core.json.ReaderBasedJsonParser._matchNull(ReaderBasedJsonParser.java:2779)
	at com.fasterxml.jackson.core.json.ReaderBasedJsonParser.nextToken(ReaderBasedJsonParser.java:778)
	at com.fasterxml.jackson.databind.ObjectMapper._initForReading(ObjectMapper.java:4912)
	at com.fasterxml.jackson.databind.ObjectMapper._readMapAndClose(ObjectMapper.java:4818)
	at com.fasterxml.jackson.databind.ObjectMapper.readValue(ObjectMapper.java:3772)
	at com.fasterxml.jackson.databind.ObjectMapper.readValue(ObjectMapper.java:3755)
	at com.logiway.services.impl.PauseReglementaireServiceImpl.genererPauses(PauseReglementaireServiceImpl.java:143)
	at com.logiway.services.PauseReglementaireServiceImplTest.genererPauses_fallbackNoGeometry_returnsEmpty(PauseReglementaireServiceImplTest.java:381)
	at java.base/jdk.internal.reflect.NativeMethodAccessorImpl.invoke0(Native Method)
	at java.base/jdk.internal.reflect.NativeMethodAccessorImpl.invoke(NativeMethodAccessorImpl.java:77)
	at java.base/jdk.internal.reflect.DelegatingMethodAccessorImpl.invoke(DelegatingMethodAccessorImpl.java:43)
	at java.base/java.lang.reflect.Method.invoke(Method.java:568)
	at org.junit.platform.commons.util.ReflectionUtils.invokeMethod(ReflectionUtils.java:728)
	at org.junit.jupiter.engine.execution.MethodInvocation.proceed(MethodInvocation.java:60)
	at org.junit.jupiter.engine.execution.InvocationInterceptorChain$ValidatingInvocation.proceed(InvocationInterceptorChain.java:131)
	at org.junit.jupiter.engine.extension.TimeoutExtension.intercept(TimeoutExtension.java:156)
	at org.junit.jupiter.engine.extension.TimeoutExtension.interceptTestableMethod(TimeoutExtension.java:147)
	at org.junit.jupiter.engine.extension.TimeoutExtension.interceptTestMethod(TimeoutExtension.java:86)
	at org.junit.jupiter.engine.execution.InterceptingExecutableInvoker$ReflectiveInterceptorCall.lambda$ofVoidMethod$0(InterceptingExecutableInvoker.java:103)
	at org.junit.jupiter.engine.execution.InterceptingExecutableInvoker.lambda$invoke$0(InterceptingExecutableInvoker.java:93)
	at org.junit.jupiter.engine.execution.InvocationInterceptorChain$InterceptedInvocation.proceed(InvocationInterceptorChain.java:106)
	at org.junit.jupiter.engine.execution.InvocationInterceptorChain.proceed(InvocationInterceptorChain.java:64)
	at org.junit.jupiter.engine.execution.InvocationInterceptorChain.chainAndInvoke(InvocationInterceptorChain.java:45)
	at org.junit.jupiter.engine.execution.InvocationInterceptorChain.invoke(InvocationInterceptorChain.java:37)
	at org.junit.jupiter.engine.execution.InterceptingExecutableInvoker.invoke(InterceptingExecutableInvoker.java:92)
	at org.junit.jupiter.engine.execution.InterceptingExecutableInvoker.invoke(InterceptingExecutableInvoker.java:86)
	at org.junit.jupiter.engine.descriptor.TestMethodTestDescriptor.lambda$invokeTestMethod$7(TestMethodTestDescriptor.java:218)
	at org.junit.platform.engine.support.hierarchical.ThrowableCollector.execute(ThrowableCollector.java:73)
	at org.junit.jupiter.engine.descriptor.TestMethodTestDescriptor.invokeTestMethod(TestMethodTestDescriptor.java:214)
	at org.junit.jupiter.engine.descriptor.TestMethodTestDescriptor.execute(TestMethodTestDescriptor.java:139)
	at org.junit.jupiter.engine.descriptor.TestMethodTestDescriptor.execute(TestMethodTestDescriptor.java:69)
	at org.junit.platform.engine.support.hierarchical.NodeTestTask.lambda$executeRecursively$6(NodeTestTask.java:151)
	at org.junit.platform.engine.support.hierarchical.ThrowableCollector.execute(ThrowableCollector.java:73)
	at org.junit.platform.engine.support.hierarchical.NodeTestTask.lambda$executeRecursively$8(NodeTestTask.java:141)
	at org.junit.platform.engine.support.hierarchical.Node.around(Node.java:137)
	at org.junit.platform.engine.support.hierarchical.NodeTestTask.lambda$executeRecursively$9(NodeTestTask.java:139)
	at org.junit.platform.engine.support.hierarchical.ThrowableCollector.execute(ThrowableCollector.java:73)
	at org.junit.platform.engine.support.hierarchical.NodeTestTask.executeRecursively(NodeTestTask.java:138)
	at org.junit.platform.engine.support.hierarchical.NodeTestTask.execute(NodeTestTask.java:95)
	at java.base/java.util.ArrayList.forEach(ArrayList.java:1511)
	at org.junit.platform.engine.support.hierarchical.SameThreadHierarchicalTestExecutorService.invokeAll(SameThreadHierarchicalTestExecutorService.java:41)
	at org.junit.platform.engine.support.hierarchical.NodeTestTask.lambda$executeRecursively$6(NodeTestTask.java:155)
	at org.junit.platform.engine.support.hierarchical.ThrowableCollector.execute(ThrowableCollector.java:73)
	at org.junit.platform.engine.support.hierarchical.NodeTestTask.lambda$executeRecursively$8(NodeTestTask.java:141)
	at org.junit.platform.engine.support.hierarchical.Node.around(Node.java:137)
	at org.junit.platform.engine.support.hierarchical.NodeTestTask.lambda$executeRecursively$9(NodeTestTask.java:139)
	at org.junit.platform.engine.support.hierarchical.ThrowableCollector.execute(ThrowableCollector.java:73)
	at org.junit.platform.engine.support.hierarchical.NodeTestTask.executeRecursively(NodeTestTask.java:138)
	at org.junit.platform.engine.support.hierarchical.NodeTestTask.execute(NodeTestTask.java:95)
	at java.base/java.util.ArrayList.forEach(ArrayList.java:1511)
	at org.junit.platform.engine.support.hierarchical.SameThreadHierarchicalTestExecutorService.invokeAll(SameThreadHierarchicalTestExecutorService.java:41)
	at org.junit.platform.engine.support.hierarchical.NodeTestTask.lambda$executeRecursively$6(NodeTestTask.java:155)
	at org.junit.platform.engine.support.hierarchical.ThrowableCollector.execute(ThrowableCollector.java:73)
	at org.junit.platform.engine.support.hierarchical.NodeTestTask.lambda$executeRecursively$8(NodeTestTask.java:141)
	at org.junit.platform.engine.support.hierarchical.Node.around(Node.java:137)
	at org.junit.platform.engine.support.hierarchical.NodeTestTask.lambda$executeRecursively$9(NodeTestTask.java:139)
	at org.junit.platform.engine.support.hierarchical.ThrowableCollector.execute(ThrowableCollector.java:73)
	at org.junit.platform.engine.support.hierarchical.NodeTestTask.executeRecursively(NodeTestTask.java:138)
	at org.junit.platform.engine.support.hierarchical.NodeTestTask.execute(NodeTestTask.java:95)
	at org.junit.platform.engine.support.hierarchical.SameThreadHierarchicalTestExecutorService.submit(SameThreadHierarchicalTestExecutorService.java:35)
	at org.junit.platform.engine.support.hierarchical.HierarchicalTestExecutor.execute(HierarchicalTestExecutor.java:57)
	at org.junit.platform.engine.support.hierarchical.HierarchicalTestEngine.execute(HierarchicalTestEngine.java:54)
	at org.junit.platform.launcher.core.EngineExecutionOrchestrator.execute(EngineExecutionOrchestrator.java:198)
	at org.junit.platform.launcher.core.EngineExecutionOrchestrator.execute(EngineExecutionOrchestrator.java:169)
	at org.junit.platform.launcher.core.EngineExecutionOrchestrator.execute(EngineExecutionOrchestrator.java:93)
	at org.junit.platform.launcher.core.EngineExecutionOrchestrator.lambda$execute$0(EngineExecutionOrchestrator.java:58)
	at org.junit.platform.launcher.core.EngineExecutionOrchestrator.withInterceptedStreams(EngineExecutionOrchestrator.java:141)
	at org.junit.platform.launcher.core.EngineExecutionOrchestrator.execute(EngineExecutionOrchestrator.java:57)
	at org.junit.platform.launcher.core.DefaultLauncher.execute(DefaultLauncher.java:103)
	at org.junit.platform.launcher.core.DefaultLauncher.execute(DefaultLauncher.java:85)
	at org.junit.platform.launcher.core.DelegatingLauncher.execute(DelegatingLauncher.java:47)
	at org.apache.maven.surefire.junitplatform.LazyLauncher.execute(LazyLauncher.java:56)
	at org.apache.maven.surefire.junitplatform.JUnitPlatformProvider.execute(JUnitPlatformProvider.java:184)
	at org.apache.maven.surefire.junitplatform.JUnitPlatformProvider.invokeAllTests(JUnitPlatformProvider.java:148)
	at org.apache.maven.surefire.junitplatform.JUnitPlatformProvider.invoke(JUnitPlatformProvider.java:122)
	at org.apache.maven.surefire.booter.ForkedBooter.runSuitesInProcess(ForkedBooter.java:385)
	at org.apache.maven.surefire.booter.ForkedBooter.execute(ForkedBooter.java:162)
	at org.apache.maven.surefire.booter.ForkedBooter.run(ForkedBooter.java:507)
	at org.apache.maven.surefire.booter.ForkedBooter.main(ForkedBooter.java:495)
2026-08-17 20:05:16 - [PAUSE-GEN] Attempting fallback generation for trajet 1...
2026-08-17 20:05:16 - [PAUSE-FALLBACK] No route geometry for trajet 1
2026-08-17 20:05:16 - [PAUSE-GEN] === FIN genererPauses (avec erreur) pour trajet 1 ===
]]></system-out>
  </testcase>
  <testcase name="parseDateTime_unparsableString_returnsNull" classname="com.logiway.services.PauseReglementaireServiceImplTest" time="0.002">
    <system-out><![CDATA[2026-08-17 20:05:16 - Failed to parse datetime: totally_invalid_date_string
]]></system-out>
  </testcase>
  <testcase name="interpolateOnRoute_singleCoord_returnsNull" classname="com.logiway.services.PauseReglementaireServiceImplTest" time="0.002"/>
  <testcase name="getPausesForTrajet_chauffeurRole_nullTrajetChauffeur_denied" classname="com.logiway.services.PauseReglementaireServiceImplTest" time="0.006">
    <system-out><![CDATA[2026-08-17 20:05:16 - [PAUSE-GET] GET /api/trajets/1/pauses called by user 10 (role: CHAUFFEUR)
2026-08-17 20:05:16 - [PAUSE-GET] Chauffeur 10 denied access to trajet 1
]]></system-out>
  </testcase>
  <testcase name="genererPauses_missingCoordinates_noDeparture_usesZero" classname="com.logiway.services.PauseReglementaireServiceImplTest" time="0.013">
    <system-out><![CDATA[2026-08-17 20:05:16 - [PAUSE-GEN] === DEBUT genererPauses pour trajet 1 ===
2026-08-17 20:05:16 - [PAUSE-GEN] Trajet 1 - Durée estimée: 300 minutes
2026-08-17 20:05:16 - [PAUSE-GEN] Trajet 1 duration is 300min (>= 3h), pauses will be generated
2026-08-17 20:05:16 - [PAUSE-GEN] Deleting all existing pauses for trajet 1
2026-08-17 20:05:16 - [PAUSE-GEN] Appel Flask AI à http://pause-ai.test/api/predict: {"trip_duration_minutes":300,"startLat":null,"trip_id":1,"endLat":null,"trip":{"geometrieItineraire":null,"longitudeDepart":null,"destination":null,"latitudeDepart":null,"longitudeArrivee":null,"distanceKm":100.0,"id":1,"pointDepart":null,"latitudeArrivee":null,"dureeEstimeeMinutes":300},"startLon":null,"endLon":null}
2026-08-17 20:05:16 - [PAUSE-GEN] Réponse Flask AI: {"stops":[{"type":"parking"}]}
2026-08-17 20:05:16 - [PAUSE-GEN] Received 1 pauses from simulator for trajet 1
2026-08-17 20:05:16 - [PAUSE-GEN] - Pause type: parking, distance: null m
2026-08-17 20:05:16 - [PAUSE-GEN] nb pauses saveAll(): 1
2026-08-17 20:05:16 - [PAUSE-GEN] Successfully saved 1 PauseReglementaire entities to database for trajet 1
2026-08-17 20:05:16 - [PAUSE-GEN] === FIN genererPauses pour trajet 1 ===
]]></system-out>
  </testcase>
  <testcase name="genererPauses_fallbackFeatureCollectionWithDirectCoords_generatesPauses" classname="com.logiway.services.PauseReglementaireServiceImplTest" time="0.016">
    <system-out><![CDATA[2026-08-17 20:05:16 - [PAUSE-GEN] === DEBUT genererPauses pour trajet 1 ===
2026-08-17 20:05:16 - [PAUSE-GEN] Trajet 1 - Durée estimée: 300 minutes
2026-08-17 20:05:16 - [PAUSE-GEN] Trajet 1 duration is 300min (>= 3h), pauses will be generated
2026-08-17 20:05:16 - [PAUSE-GEN] Deleting all existing pauses for trajet 1
2026-08-17 20:05:16 - [PAUSE-GEN] Appel Flask AI à http://pause-ai.test/api/predict: {"trip_duration_minutes":300,"startLat":48.85,"trip_id":1,"endLat":45.75,"trip":{"geometrieItineraire":"{\"type\":\"FeatureCollection\",\"features\":[{\"geometry\":\"garbage\"}],\"coordinates\":[[2.35,48.85],[4.85,45.75]]}","longitudeDepart":2.35,"destination":"Lyon","latitudeDepart":48.85,"longitudeArrivee":4.85,"distanceKm":100.0,"id":1,"pointDepart":"Paris","latitudeArrivee":45.75,"dureeEstimeeMinutes":300},"startLon":2.35,"endLon":4.85,"departure_time":"2026-08-17T20:05:16.984044600"}
2026-08-17 20:05:16 - [PAUSE-GEN] Failed to generate pauses via Python for trajet 1: down
java.lang.RuntimeException: down
	at org.springframework.web.client.RestTemplate.postForEntity(RestTemplate.java:527)
	at com.logiway.services.impl.PauseReglementaireServiceImpl.genererPauses(PauseReglementaireServiceImpl.java:131)
	at com.logiway.services.PauseReglementaireServiceImplTest.genererPauses_fallbackFeatureCollectionWithDirectCoords_generatesPauses(PauseReglementaireServiceImplTest.java:648)
	at java.base/jdk.internal.reflect.NativeMethodAccessorImpl.invoke0(Native Method)
	at java.base/jdk.internal.reflect.NativeMethodAccessorImpl.invoke(NativeMethodAccessorImpl.java:77)
	at java.base/jdk.internal.reflect.DelegatingMethodAccessorImpl.invoke(DelegatingMethodAccessorImpl.java:43)
	at java.base/java.lang.reflect.Method.invoke(Method.java:568)
	at org.junit.platform.commons.util.ReflectionUtils.invokeMethod(ReflectionUtils.java:728)
	at org.junit.jupiter.engine.execution.MethodInvocation.proceed(MethodInvocation.java:60)
	at org.junit.jupiter.engine.execution.InvocationInterceptorChain$ValidatingInvocation.proceed(InvocationInterceptorChain.java:131)
	at org.junit.jupiter.engine.extension.TimeoutExtension.intercept(TimeoutExtension.java:156)
	at org.junit.jupiter.engine.extension.TimeoutExtension.interceptTestableMethod(TimeoutExtension.java:147)
	at org.junit.jupiter.engine.extension.TimeoutExtension.interceptTestMethod(TimeoutExtension.java:86)
	at org.junit.jupiter.engine.execution.InterceptingExecutableInvoker$ReflectiveInterceptorCall.lambda$ofVoidMethod$0(InterceptingExecutableInvoker.java:103)
	at org.junit.jupiter.engine.execution.InterceptingExecutableInvoker.lambda$invoke$0(InterceptingExecutableInvoker.java:93)
	at org.junit.jupiter.engine.execution.InvocationInterceptorChain$InterceptedInvocation.proceed(InvocationInterceptorChain.java:106)
	at org.junit.jupiter.engine.execution.InvocationInterceptorChain.proceed(InvocationInterceptorChain.java:64)
	at org.junit.jupiter.engine.execution.InvocationInterceptorChain.chainAndInvoke(InvocationInterceptorChain.java:45)
	at org.junit.jupiter.engine.execution.InvocationInterceptorChain.invoke(InvocationInterceptorChain.java:37)
	at org.junit.jupiter.engine.execution.InterceptingExecutableInvoker.invoke(InterceptingExecutableInvoker.java:92)
	at org.junit.jupiter.engine.execution.InterceptingExecutableInvoker.invoke(InterceptingExecutableInvoker.java:86)
	at org.junit.jupiter.engine.descriptor.TestMethodTestDescriptor.lambda$invokeTestMethod$7(TestMethodTestDescriptor.java:218)
	at org.junit.platform.engine.support.hierarchical.ThrowableCollector.execute(ThrowableCollector.java:73)
	at org.junit.jupiter.engine.descriptor.TestMethodTestDescriptor.invokeTestMethod(TestMethodTestDescriptor.java:214)
	at org.junit.jupiter.engine.descriptor.TestMethodTestDescriptor.execute(TestMethodTestDescriptor.java:139)
	at org.junit.jupiter.engine.descriptor.TestMethodTestDescriptor.execute(TestMethodTestDescriptor.java:69)
	at org.junit.platform.engine.support.hierarchical.NodeTestTask.lambda$executeRecursively$6(NodeTestTask.java:151)
	at org.junit.platform.engine.support.hierarchical.ThrowableCollector.execute(ThrowableCollector.java:73)
	at org.junit.platform.engine.support.hierarchical.NodeTestTask.lambda$executeRecursively$8(NodeTestTask.java:141)
	at org.junit.platform.engine.support.hierarchical.Node.around(Node.java:137)
	at org.junit.platform.engine.support.hierarchical.NodeTestTask.lambda$executeRecursively$9(NodeTestTask.java:139)
	at org.junit.platform.engine.support.hierarchical.ThrowableCollector.execute(ThrowableCollector.java:73)
	at org.junit.platform.engine.support.hierarchical.NodeTestTask.executeRecursively(NodeTestTask.java:138)
	at org.junit.platform.engine.support.hierarchical.NodeTestTask.execute(NodeTestTask.java:95)
	at java.base/java.util.ArrayList.forEach(ArrayList.java:1511)
	at org.junit.platform.engine.support.hierarchical.SameThreadHierarchicalTestExecutorService.invokeAll(SameThreadHierarchicalTestExecutorService.java:41)
	at org.junit.platform.engine.support.hierarchical.NodeTestTask.lambda$executeRecursively$6(NodeTestTask.java:155)
	at org.junit.platform.engine.support.hierarchical.ThrowableCollector.execute(ThrowableCollector.java:73)
	at org.junit.platform.engine.support.hierarchical.NodeTestTask.lambda$executeRecursively$8(NodeTestTask.java:141)
	at org.junit.platform.engine.support.hierarchical.Node.around(Node.java:137)
	at org.junit.platform.engine.support.hierarchical.NodeTestTask.lambda$executeRecursively$9(NodeTestTask.java:139)
	at org.junit.platform.engine.support.hierarchical.ThrowableCollector.execute(ThrowableCollector.java:73)
	at org.junit.platform.engine.support.hierarchical.NodeTestTask.executeRecursively(NodeTestTask.java:138)
	at org.junit.platform.engine.support.hierarchical.NodeTestTask.execute(NodeTestTask.java:95)
	at java.base/java.util.ArrayList.forEach(ArrayList.java:1511)
	at org.junit.platform.engine.support.hierarchical.SameThreadHierarchicalTestExecutorService.invokeAll(SameThreadHierarchicalTestExecutorService.java:41)
	at org.junit.platform.engine.support.hierarchical.NodeTestTask.lambda$executeRecursively$6(NodeTestTask.java:155)
	at org.junit.platform.engine.support.hierarchical.ThrowableCollector.execute(ThrowableCollector.java:73)
	at org.junit.platform.engine.support.hierarchical.NodeTestTask.lambda$executeRecursively$8(NodeTestTask.java:141)
	at org.junit.platform.engine.support.hierarchical.Node.around(Node.java:137)
	at org.junit.platform.engine.support.hierarchical.NodeTestTask.lambda$executeRecursively$9(NodeTestTask.java:139)
	at org.junit.platform.engine.support.hierarchical.ThrowableCollector.execute(ThrowableCollector.java:73)
	at org.junit.platform.engine.support.hierarchical.NodeTestTask.executeRecursively(NodeTestTask.java:138)
	at org.junit.platform.engine.support.hierarchical.NodeTestTask.execute(NodeTestTask.java:95)
	at org.junit.platform.engine.support.hierarchical.SameThreadHierarchicalTestExecutorService.submit(SameThreadHierarchicalTestExecutorService.java:35)
	at org.junit.platform.engine.support.hierarchical.HierarchicalTestExecutor.execute(HierarchicalTestExecutor.java:57)
	at org.junit.platform.engine.support.hierarchical.HierarchicalTestEngine.execute(HierarchicalTestEngine.java:54)
	at org.junit.platform.launcher.core.EngineExecutionOrchestrator.execute(EngineExecutionOrchestrator.java:198)
	at org.junit.platform.launcher.core.EngineExecutionOrchestrator.execute(EngineExecutionOrchestrator.java:169)
	at org.junit.platform.launcher.core.EngineExecutionOrchestrator.execute(EngineExecutionOrchestrator.java:93)
	at org.junit.platform.launcher.core.EngineExecutionOrchestrator.lambda$execute$0(EngineExecutionOrchestrator.java:58)
	at org.junit.platform.launcher.core.EngineExecutionOrchestrator.withInterceptedStreams(EngineExecutionOrchestrator.java:141)
	at org.junit.platform.launcher.core.EngineExecutionOrchestrator.execute(EngineExecutionOrchestrator.java:57)
	at org.junit.platform.launcher.core.DefaultLauncher.execute(DefaultLauncher.java:103)
	at org.junit.platform.launcher.core.DefaultLauncher.execute(DefaultLauncher.java:85)
	at org.junit.platform.launcher.core.DelegatingLauncher.execute(DelegatingLauncher.java:47)
	at org.apache.maven.surefire.junitplatform.LazyLauncher.execute(LazyLauncher.java:56)
	at org.apache.maven.surefire.junitplatform.JUnitPlatformProvider.execute(JUnitPlatformProvider.java:184)
	at org.apache.maven.surefire.junitplatform.JUnitPlatformProvider.invokeAllTests(JUnitPlatformProvider.java:148)
	at org.apache.maven.surefire.junitplatform.JUnitPlatformProvider.invoke(JUnitPlatformProvider.java:122)
	at org.apache.maven.surefire.booter.ForkedBooter.runSuitesInProcess(ForkedBooter.java:385)
	at org.apache.maven.surefire.booter.ForkedBooter.execute(ForkedBooter.java:162)
	at org.apache.maven.surefire.booter.ForkedBooter.run(ForkedBooter.java:507)
	at org.apache.maven.surefire.booter.ForkedBooter.main(ForkedBooter.java:495)
2026-08-17 20:05:16 - [PAUSE-GEN] Attempting fallback generation for trajet 1...
2026-08-17 20:05:16 - [PAUSE-GEN] Fallback: generated 2 pauses for trajet 1
]]></system-out>
  </testcase>
  <testcase name="mettreAJourStatutPause_managerOfChauffeurNoSameCompany_grantsAccess" classname="com.logiway.services.PauseReglementaireServiceImplTest" time="0.005"/>
  <testcase name="mettreAJourStatutPause_unknownRole_throws" classname="com.logiway.services.PauseReglementaireServiceImplTest" time="0.002"/>
  <testcase name="interpolateOnRoute_emptyLoop_returnsLastCoord" classname="com.logiway.services.PauseReglementaireServiceImplTest" time="0.001"/>
  <testcase name="interpolateOnRoute_targetBeyondTotal_returnsLastCoord" classname="com.logiway.services.PauseReglementaireServiceImplTest" time="0.001"/>
  <testcase name="genererPauses_stopsKeyAbsent_returnsEmpty" classname="com.logiway.services.PauseReglementaireServiceImplTest" time="0.005">
    <system-out><![CDATA[2026-08-17 20:05:17 - [PAUSE-GEN] === DEBUT genererPauses pour trajet 1 ===
2026-08-17 20:05:17 - [PAUSE-GEN] Trajet 1 - Durée estimée: 300 minutes
2026-08-17 20:05:17 - [PAUSE-GEN] Trajet 1 duration is 300min (>= 3h), pauses will be generated
2026-08-17 20:05:17 - [PAUSE-GEN] Deleting all existing pauses for trajet 1
2026-08-17 20:05:17 - [PAUSE-GEN] Appel Flask AI à http://pause-ai.test/api/predict: {"trip_duration_minutes":300,"startLat":48.85,"trip_id":1,"endLat":45.75,"trip":{"geometrieItineraire":null,"longitudeDepart":2.35,"destination":"Lyon","latitudeDepart":48.85,"longitudeArrivee":4.85,"distanceKm":100.0,"id":1,"pointDepart":"Paris","latitudeArrivee":45.75,"dureeEstimeeMinutes":300},"startLon":2.35,"endLon":4.85,"departure_time":"2026-08-17T20:05:17.012966900"}
2026-08-17 20:05:17 - [PAUSE-GEN] Réponse Flask AI: {"meta":{"break_alert_applicable":true}}
2026-08-17 20:05:17 - [PAUSE-GEN] No stops generated for trajet 1
]]></system-out>
  </testcase>
  <testcase name="mettreAJourStatutPause_managerAssigned_success" classname="com.logiway.services.PauseReglementaireServiceImplTest" time="0.003"/>
  <testcase name="genererPauses_fallbackShortDuration_returnsEmpty" classname="com.logiway.services.PauseReglementaireServiceImplTest" time="0.006">
    <system-out><![CDATA[2026-08-17 20:05:17 - [PAUSE-GEN] === DEBUT genererPauses pour trajet 1 ===
2026-08-17 20:05:17 - [PAUSE-GEN] Trajet 1 - Durée estimée: 100 minutes
2026-08-17 20:05:17 - [PAUSE-GEN] Trajet 1 duration is 100min (< 3h threshold), simulator will return empty pauses
2026-08-17 20:05:17 - [PAUSE-GEN] Deleting all existing pauses for trajet 1
2026-08-17 20:05:17 - [PAUSE-GEN] Appel Flask AI à http://pause-ai.test/api/predict: {"trip_duration_minutes":100,"startLat":48.85,"trip_id":1,"endLat":45.75,"trip":{"geometrieItineraire":"{\"coordinates\":[[2.35,48.85],[4.85,45.75]]}","longitudeDepart":2.35,"destination":"Lyon","latitudeDepart":48.85,"longitudeArrivee":4.85,"distanceKm":100.0,"id":1,"pointDepart":"Paris","latitudeArrivee":45.75,"dureeEstimeeMinutes":100},"startLon":2.35,"endLon":4.85,"departure_time":"2026-08-17T20:05:17.022515800"}
2026-08-17 20:05:17 - [PAUSE-GEN] Failed to generate pauses via Python for trajet 1: down
java.lang.RuntimeException: down
	at org.springframework.web.client.RestTemplate.postForEntity(RestTemplate.java:527)
	at com.logiway.services.impl.PauseReglementaireServiceImpl.genererPauses(PauseReglementaireServiceImpl.java:131)
	at com.logiway.services.PauseReglementaireServiceImplTest.genererPauses_fallbackShortDuration_returnsEmpty(PauseReglementaireServiceImplTest.java:527)
	at java.base/jdk.internal.reflect.NativeMethodAccessorImpl.invoke0(Native Method)
	at java.base/jdk.internal.reflect.NativeMethodAccessorImpl.invoke(NativeMethodAccessorImpl.java:77)
	at java.base/jdk.internal.reflect.DelegatingMethodAccessorImpl.invoke(DelegatingMethodAccessorImpl.java:43)
	at java.base/java.lang.reflect.Method.invoke(Method.java:568)
	at org.junit.platform.commons.util.ReflectionUtils.invokeMethod(ReflectionUtils.java:728)
	at org.junit.jupiter.engine.execution.MethodInvocation.proceed(MethodInvocation.java:60)
	at org.junit.jupiter.engine.execution.InvocationInterceptorChain$ValidatingInvocation.proceed(InvocationInterceptorChain.java:131)
	at org.junit.jupiter.engine.extension.TimeoutExtension.intercept(TimeoutExtension.java:156)
	at org.junit.jupiter.engine.extension.TimeoutExtension.interceptTestableMethod(TimeoutExtension.java:147)
	at org.junit.jupiter.engine.extension.TimeoutExtension.interceptTestMethod(TimeoutExtension.java:86)
	at org.junit.jupiter.engine.execution.InterceptingExecutableInvoker$ReflectiveInterceptorCall.lambda$ofVoidMethod$0(InterceptingExecutableInvoker.java:103)
	at org.junit.jupiter.engine.execution.InterceptingExecutableInvoker.lambda$invoke$0(InterceptingExecutableInvoker.java:93)
	at org.junit.jupiter.engine.execution.InvocationInterceptorChain$InterceptedInvocation.proceed(InvocationInterceptorChain.java:106)
	at org.junit.jupiter.engine.execution.InvocationInterceptorChain.proceed(InvocationInterceptorChain.java:64)
	at org.junit.jupiter.engine.execution.InvocationInterceptorChain.chainAndInvoke(InvocationInterceptorChain.java:45)
	at org.junit.jupiter.engine.execution.InvocationInterceptorChain.invoke(InvocationInterceptorChain.java:37)
	at org.junit.jupiter.engine.execution.InterceptingExecutableInvoker.invoke(InterceptingExecutableInvoker.java:92)
	at org.junit.jupiter.engine.execution.InterceptingExecutableInvoker.invoke(InterceptingExecutableInvoker.java:86)
	at org.junit.jupiter.engine.descriptor.TestMethodTestDescriptor.lambda$invokeTestMethod$7(TestMethodTestDescriptor.java:218)
	at org.junit.platform.engine.support.hierarchical.ThrowableCollector.execute(ThrowableCollector.java:73)
	at org.junit.jupiter.engine.descriptor.TestMethodTestDescriptor.invokeTestMethod(TestMethodTestDescriptor.java:214)
	at org.junit.jupiter.engine.descriptor.TestMethodTestDescriptor.execute(TestMethodTestDescriptor.java:139)
	at org.junit.jupiter.engine.descriptor.TestMethodTestDescriptor.execute(TestMethodTestDescriptor.java:69)
	at org.junit.platform.engine.support.hierarchical.NodeTestTask.lambda$executeRecursively$6(NodeTestTask.java:151)
	at org.junit.platform.engine.support.hierarchical.ThrowableCollector.execute(ThrowableCollector.java:73)
	at org.junit.platform.engine.support.hierarchical.NodeTestTask.lambda$executeRecursively$8(NodeTestTask.java:141)
	at org.junit.platform.engine.support.hierarchical.Node.around(Node.java:137)
	at org.junit.platform.engine.support.hierarchical.NodeTestTask.lambda$executeRecursively$9(NodeTestTask.java:139)
	at org.junit.platform.engine.support.hierarchical.ThrowableCollector.execute(ThrowableCollector.java:73)
	at org.junit.platform.engine.support.hierarchical.NodeTestTask.executeRecursively(NodeTestTask.java:138)
	at org.junit.platform.engine.support.hierarchical.NodeTestTask.execute(NodeTestTask.java:95)
	at java.base/java.util.ArrayList.forEach(ArrayList.java:1511)
	at org.junit.platform.engine.support.hierarchical.SameThreadHierarchicalTestExecutorService.invokeAll(SameThreadHierarchicalTestExecutorService.java:41)
	at org.junit.platform.engine.support.hierarchical.NodeTestTask.lambda$executeRecursively$6(NodeTestTask.java:155)
	at org.junit.platform.engine.support.hierarchical.ThrowableCollector.execute(ThrowableCollector.java:73)
	at org.junit.platform.engine.support.hierarchical.NodeTestTask.lambda$executeRecursively$8(NodeTestTask.java:141)
	at org.junit.platform.engine.support.hierarchical.Node.around(Node.java:137)
	at org.junit.platform.engine.support.hierarchical.NodeTestTask.lambda$executeRecursively$9(NodeTestTask.java:139)
	at org.junit.platform.engine.support.hierarchical.ThrowableCollector.execute(ThrowableCollector.java:73)
	at org.junit.platform.engine.support.hierarchical.NodeTestTask.executeRecursively(NodeTestTask.java:138)
	at org.junit.platform.engine.support.hierarchical.NodeTestTask.execute(NodeTestTask.java:95)
	at java.base/java.util.ArrayList.forEach(ArrayList.java:1511)
	at org.junit.platform.engine.support.hierarchical.SameThreadHierarchicalTestExecutorService.invokeAll(SameThreadHierarchicalTestExecutorService.java:41)
	at org.junit.platform.engine.support.hierarchical.NodeTestTask.lambda$executeRecursively$6(NodeTestTask.java:155)
	at org.junit.platform.engine.support.hierarchical.ThrowableCollector.execute(ThrowableCollector.java:73)
	at org.junit.platform.engine.support.hierarchical.NodeTestTask.lambda$executeRecursively$8(NodeTestTask.java:141)
	at org.junit.platform.engine.support.hierarchical.Node.around(Node.java:137)
	at org.junit.platform.engine.support.hierarchical.NodeTestTask.lambda$executeRecursively$9(NodeTestTask.java:139)
	at org.junit.platform.engine.support.hierarchical.ThrowableCollector.execute(ThrowableCollector.java:73)
	at org.junit.platform.engine.support.hierarchical.NodeTestTask.executeRecursively(NodeTestTask.java:138)
	at org.junit.platform.engine.support.hierarchical.NodeTestTask.execute(NodeTestTask.java:95)
	at org.junit.platform.engine.support.hierarchical.SameThreadHierarchicalTestExecutorService.submit(SameThreadHierarchicalTestExecutorService.java:35)
	at org.junit.platform.engine.support.hierarchical.HierarchicalTestExecutor.execute(HierarchicalTestExecutor.java:57)
	at org.junit.platform.engine.support.hierarchical.HierarchicalTestEngine.execute(HierarchicalTestEngine.java:54)
	at org.junit.platform.launcher.core.EngineExecutionOrchestrator.execute(EngineExecutionOrchestrator.java:198)
	at org.junit.platform.launcher.core.EngineExecutionOrchestrator.execute(EngineExecutionOrchestrator.java:169)
	at org.junit.platform.launcher.core.EngineExecutionOrchestrator.execute(EngineExecutionOrchestrator.java:93)
	at org.junit.platform.launcher.core.EngineExecutionOrchestrator.lambda$execute$0(EngineExecutionOrchestrator.java:58)
	at org.junit.platform.launcher.core.EngineExecutionOrchestrator.withInterceptedStreams(EngineExecutionOrchestrator.java:141)
	at org.junit.platform.launcher.core.EngineExecutionOrchestrator.execute(EngineExecutionOrchestrator.java:57)
	at org.junit.platform.launcher.core.DefaultLauncher.execute(DefaultLauncher.java:103)
	at org.junit.platform.launcher.core.DefaultLauncher.execute(DefaultLauncher.java:85)
	at org.junit.platform.launcher.core.DelegatingLauncher.execute(DelegatingLauncher.java:47)
	at org.apache.maven.surefire.junitplatform.LazyLauncher.execute(LazyLauncher.java:56)
	at org.apache.maven.surefire.junitplatform.JUnitPlatformProvider.execute(JUnitPlatformProvider.java:184)
	at org.apache.maven.surefire.junitplatform.JUnitPlatformProvider.invokeAllTests(JUnitPlatformProvider.java:148)
	at org.apache.maven.surefire.junitplatform.JUnitPlatformProvider.invoke(JUnitPlatformProvider.java:122)
	at org.apache.maven.surefire.booter.ForkedBooter.runSuitesInProcess(ForkedBooter.java:385)
	at org.apache.maven.surefire.booter.ForkedBooter.execute(ForkedBooter.java:162)
	at org.apache.maven.surefire.booter.ForkedBooter.run(ForkedBooter.java:507)
	at org.apache.maven.surefire.booter.ForkedBooter.main(ForkedBooter.java:495)
2026-08-17 20:05:17 - [PAUSE-GEN] Attempting fallback generation for trajet 1...
2026-08-17 20:05:17 - [PAUSE-FALLBACK] Trajet 1 duration 100 < 180 min, no fallback stops
2026-08-17 20:05:17 - [PAUSE-GEN] === FIN genererPauses (avec erreur) pour trajet 1 ===
]]></system-out>
  </testcase>
  <testcase name="genererPauses_blankNomLieu_triggersGenerateNomLieu" classname="com.logiway.services.PauseReglementaireServiceImplTest" time="0.008">
    <system-out><![CDATA[2026-08-17 20:05:17 - [PAUSE-GEN] === DEBUT genererPauses pour trajet 1 ===
2026-08-17 20:05:17 - [PAUSE-GEN] Trajet 1 - Durée estimée: 300 minutes
2026-08-17 20:05:17 - [PAUSE-GEN] Trajet 1 duration is 300min (>= 3h), pauses will be generated
2026-08-17 20:05:17 - [PAUSE-GEN] Deleting all existing pauses for trajet 1
2026-08-17 20:05:17 - [PAUSE-GEN] Appel Flask AI à http://pause-ai.test/api/predict: {"trip_duration_minutes":300,"startLat":48.85,"trip_id":1,"endLat":45.75,"trip":{"geometrieItineraire":null,"longitudeDepart":2.35,"destination":"Lyon","latitudeDepart":48.85,"longitudeArrivee":4.85,"distanceKm":100.0,"id":1,"pointDepart":"Paris","latitudeArrivee":45.75,"dureeEstimeeMinutes":300},"startLon":2.35,"endLon":4.85,"departure_time":"2026-08-17T20:05:17.030598"}
2026-08-17 20:05:17 - [PAUSE-GEN] Réponse Flask AI: {"stops":[{"type":"cafe","lonlat":[4.0,46.0],"distanceAlongRouteM":5000,"nomLieu":"   "}]}
2026-08-17 20:05:17 - [PAUSE-GEN] Received 1 pauses from simulator for trajet 1
2026-08-17 20:05:17 - [PAUSE-GEN] - Pause type: cafe, distance: 5000 m
2026-08-17 20:05:17 - [PAUSE-GEN] nb pauses saveAll(): 1
2026-08-17 20:05:17 - [PAUSE-GEN] Successfully saved 1 PauseReglementaire entities to database for trajet 1
2026-08-17 20:05:17 - [PAUSE-GEN] === FIN genererPauses pour trajet 1 ===
]]></system-out>
  </testcase>
  <testcase name="genererPauses_fallback_onlyMandatoryRestExists" classname="com.logiway.services.PauseReglementaireServiceImplTest" time="0.008">
    <system-out><![CDATA[2026-08-17 20:05:17 - [PAUSE-GEN] === DEBUT genererPauses pour trajet 1 ===
2026-08-17 20:05:17 - [PAUSE-GEN] Trajet 1 - Durée estimée: 300 minutes
2026-08-17 20:05:17 - [PAUSE-GEN] Trajet 1 duration is 300min (>= 3h), pauses will be generated
2026-08-17 20:05:17 - [PAUSE-GEN] Deleting all existing pauses for trajet 1
2026-08-17 20:05:17 - [PAUSE-GEN] Appel Flask AI à http://pause-ai.test/api/predict: {"trip_duration_minutes":300,"startLat":48.85,"trip_id":1,"endLat":45.75,"trip":{"geometrieItineraire":"{\"coordinates\":[[2.35,48.85],[4.85,45.75]]}","longitudeDepart":2.35,"destination":"Lyon","latitudeDepart":48.85,"longitudeArrivee":4.85,"distanceKm":100.0,"id":1,"pointDepart":"Paris","latitudeArrivee":45.75,"dureeEstimeeMinutes":300},"startLon":2.35,"endLon":4.85,"departure_time":"2026-08-17T20:05:17.038688500"}
2026-08-17 20:05:17 - [PAUSE-GEN] Failed to generate pauses via Python for trajet 1: flask down
java.lang.RuntimeException: flask down
	at org.springframework.web.client.RestTemplate.postForEntity(RestTemplate.java:527)
	at com.logiway.services.impl.PauseReglementaireServiceImpl.genererPauses(PauseReglementaireServiceImpl.java:131)
	at com.logiway.services.PauseReglementaireServiceImplTest.genererPauses_fallback_onlyMandatoryRestExists(PauseReglementaireServiceImplTest.java:1615)
	at java.base/jdk.internal.reflect.NativeMethodAccessorImpl.invoke0(Native Method)
	at java.base/jdk.internal.reflect.NativeMethodAccessorImpl.invoke(NativeMethodAccessorImpl.java:77)
	at java.base/jdk.internal.reflect.DelegatingMethodAccessorImpl.invoke(DelegatingMethodAccessorImpl.java:43)
	at java.base/java.lang.reflect.Method.invoke(Method.java:568)
	at org.junit.platform.commons.util.ReflectionUtils.invokeMethod(ReflectionUtils.java:728)
	at org.junit.jupiter.engine.execution.MethodInvocation.proceed(MethodInvocation.java:60)
	at org.junit.jupiter.engine.execution.InvocationInterceptorChain$ValidatingInvocation.proceed(InvocationInterceptorChain.java:131)
	at org.junit.jupiter.engine.extension.TimeoutExtension.intercept(TimeoutExtension.java:156)
	at org.junit.jupiter.engine.extension.TimeoutExtension.interceptTestableMethod(TimeoutExtension.java:147)
	at org.junit.jupiter.engine.extension.TimeoutExtension.interceptTestMethod(TimeoutExtension.java:86)
	at org.junit.jupiter.engine.execution.InterceptingExecutableInvoker$ReflectiveInterceptorCall.lambda$ofVoidMethod$0(InterceptingExecutableInvoker.java:103)
	at org.junit.jupiter.engine.execution.InterceptingExecutableInvoker.lambda$invoke$0(InterceptingExecutableInvoker.java:93)
	at org.junit.jupiter.engine.execution.InvocationInterceptorChain$InterceptedInvocation.proceed(InvocationInterceptorChain.java:106)
	at org.junit.jupiter.engine.execution.InvocationInterceptorChain.proceed(InvocationInterceptorChain.java:64)
	at org.junit.jupiter.engine.execution.InvocationInterceptorChain.chainAndInvoke(InvocationInterceptorChain.java:45)
	at org.junit.jupiter.engine.execution.InvocationInterceptorChain.invoke(InvocationInterceptorChain.java:37)
	at org.junit.jupiter.engine.execution.InterceptingExecutableInvoker.invoke(InterceptingExecutableInvoker.java:92)
	at org.junit.jupiter.engine.execution.InterceptingExecutableInvoker.invoke(InterceptingExecutableInvoker.java:86)
	at org.junit.jupiter.engine.descriptor.TestMethodTestDescriptor.lambda$invokeTestMethod$7(TestMethodTestDescriptor.java:218)
	at org.junit.platform.engine.support.hierarchical.ThrowableCollector.execute(ThrowableCollector.java:73)
	at org.junit.jupiter.engine.descriptor.TestMethodTestDescriptor.invokeTestMethod(TestMethodTestDescriptor.java:214)
	at org.junit.jupiter.engine.descriptor.TestMethodTestDescriptor.execute(TestMethodTestDescriptor.java:139)
	at org.junit.jupiter.engine.descriptor.TestMethodTestDescriptor.execute(TestMethodTestDescriptor.java:69)
	at org.junit.platform.engine.support.hierarchical.NodeTestTask.lambda$executeRecursively$6(NodeTestTask.java:151)
	at org.junit.platform.engine.support.hierarchical.ThrowableCollector.execute(ThrowableCollector.java:73)
	at org.junit.platform.engine.support.hierarchical.NodeTestTask.lambda$executeRecursively$8(NodeTestTask.java:141)
	at org.junit.platform.engine.support.hierarchical.Node.around(Node.java:137)
	at org.junit.platform.engine.support.hierarchical.NodeTestTask.lambda$executeRecursively$9(NodeTestTask.java:139)
	at org.junit.platform.engine.support.hierarchical.ThrowableCollector.execute(ThrowableCollector.java:73)
	at org.junit.platform.engine.support.hierarchical.NodeTestTask.executeRecursively(NodeTestTask.java:138)
	at org.junit.platform.engine.support.hierarchical.NodeTestTask.execute(NodeTestTask.java:95)
	at java.base/java.util.ArrayList.forEach(ArrayList.java:1511)
	at org.junit.platform.engine.support.hierarchical.SameThreadHierarchicalTestExecutorService.invokeAll(SameThreadHierarchicalTestExecutorService.java:41)
	at org.junit.platform.engine.support.hierarchical.NodeTestTask.lambda$executeRecursively$6(NodeTestTask.java:155)
	at org.junit.platform.engine.support.hierarchical.ThrowableCollector.execute(ThrowableCollector.java:73)
	at org.junit.platform.engine.support.hierarchical.NodeTestTask.lambda$executeRecursively$8(NodeTestTask.java:141)
	at org.junit.platform.engine.support.hierarchical.Node.around(Node.java:137)
	at org.junit.platform.engine.support.hierarchical.NodeTestTask.lambda$executeRecursively$9(NodeTestTask.java:139)
	at org.junit.platform.engine.support.hierarchical.ThrowableCollector.execute(ThrowableCollector.java:73)
	at org.junit.platform.engine.support.hierarchical.NodeTestTask.executeRecursively(NodeTestTask.java:138)
	at org.junit.platform.engine.support.hierarchical.NodeTestTask.execute(NodeTestTask.java:95)
	at java.base/java.util.ArrayList.forEach(ArrayList.java:1511)
	at org.junit.platform.engine.support.hierarchical.SameThreadHierarchicalTestExecutorService.invokeAll(SameThreadHierarchicalTestExecutorService.java:41)
	at org.junit.platform.engine.support.hierarchical.NodeTestTask.lambda$executeRecursively$6(NodeTestTask.java:155)
	at org.junit.platform.engine.support.hierarchical.ThrowableCollector.execute(ThrowableCollector.java:73)
	at org.junit.platform.engine.support.hierarchical.NodeTestTask.lambda$executeRecursively$8(NodeTestTask.java:141)
	at org.junit.platform.engine.support.hierarchical.Node.around(Node.java:137)
	at org.junit.platform.engine.support.hierarchical.NodeTestTask.lambda$executeRecursively$9(NodeTestTask.java:139)
	at org.junit.platform.engine.support.hierarchical.ThrowableCollector.execute(ThrowableCollector.java:73)
	at org.junit.platform.engine.support.hierarchical.NodeTestTask.executeRecursively(NodeTestTask.java:138)
	at org.junit.platform.engine.support.hierarchical.NodeTestTask.execute(NodeTestTask.java:95)
	at org.junit.platform.engine.support.hierarchical.SameThreadHierarchicalTestExecutorService.submit(SameThreadHierarchicalTestExecutorService.java:35)
	at org.junit.platform.engine.support.hierarchical.HierarchicalTestExecutor.execute(HierarchicalTestExecutor.java:57)
	at org.junit.platform.engine.support.hierarchical.HierarchicalTestEngine.execute(HierarchicalTestEngine.java:54)
	at org.junit.platform.launcher.core.EngineExecutionOrchestrator.execute(EngineExecutionOrchestrator.java:198)
	at org.junit.platform.launcher.core.EngineExecutionOrchestrator.execute(EngineExecutionOrchestrator.java:169)
	at org.junit.platform.launcher.core.EngineExecutionOrchestrator.execute(EngineExecutionOrchestrator.java:93)
	at org.junit.platform.launcher.core.EngineExecutionOrchestrator.lambda$execute$0(EngineExecutionOrchestrator.java:58)
	at org.junit.platform.launcher.core.EngineExecutionOrchestrator.withInterceptedStreams(EngineExecutionOrchestrator.java:141)
	at org.junit.platform.launcher.core.EngineExecutionOrchestrator.execute(EngineExecutionOrchestrator.java:57)
	at org.junit.platform.launcher.core.DefaultLauncher.execute(DefaultLauncher.java:103)
	at org.junit.platform.launcher.core.DefaultLauncher.execute(DefaultLauncher.java:85)
	at org.junit.platform.launcher.core.DelegatingLauncher.execute(DelegatingLauncher.java:47)
	at org.apache.maven.surefire.junitplatform.LazyLauncher.execute(LazyLauncher.java:56)
	at org.apache.maven.surefire.junitplatform.JUnitPlatformProvider.execute(JUnitPlatformProvider.java:184)
	at org.apache.maven.surefire.junitplatform.JUnitPlatformProvider.invokeAllTests(JUnitPlatformProvider.java:148)
	at org.apache.maven.surefire.junitplatform.JUnitPlatformProvider.invoke(JUnitPlatformProvider.java:122)
	at org.apache.maven.surefire.booter.ForkedBooter.runSuitesInProcess(ForkedBooter.java:385)
	at org.apache.maven.surefire.booter.ForkedBooter.execute(ForkedBooter.java:162)
	at org.apache.maven.surefire.booter.ForkedBooter.run(ForkedBooter.java:507)
	at org.apache.maven.surefire.booter.ForkedBooter.main(ForkedBooter.java:495)
2026-08-17 20:05:17 - [PAUSE-GEN] Attempting fallback generation for trajet 1...
2026-08-17 20:05:17 - [PAUSE-GEN] Fallback: generated 1 pauses for trajet 1
]]></system-out>
  </testcase>
  <testcase name="genererPauses_fallbackSingleCoordinate_returnsEmpty" classname="com.logiway.services.PauseReglementaireServiceImplTest" time="0.007">
    <system-out><![CDATA[2026-08-17 20:05:17 - [PAUSE-GEN] === DEBUT genererPauses pour trajet 1 ===
2026-08-17 20:05:17 - [PAUSE-GEN] Trajet 1 - Durée estimée: 300 minutes
2026-08-17 20:05:17 - [PAUSE-GEN] Trajet 1 duration is 300min (>= 3h), pauses will be generated
2026-08-17 20:05:17 - [PAUSE-GEN] Deleting all existing pauses for trajet 1
2026-08-17 20:05:17 - [PAUSE-GEN] Appel Flask AI à http://pause-ai.test/api/predict: {"trip_duration_minutes":300,"startLat":48.85,"trip_id":1,"endLat":45.75,"trip":{"geometrieItineraire":"{\"coordinates\":[[2.35,48.85]]}","longitudeDepart":2.35,"destination":"Lyon","latitudeDepart":48.85,"longitudeArrivee":4.85,"distanceKm":100.0,"id":1,"pointDepart":"Paris","latitudeArrivee":45.75,"dureeEstimeeMinutes":300},"startLon":2.35,"endLon":4.85,"departure_time":"2026-08-17T20:05:17.048811800"}
2026-08-17 20:05:17 - [PAUSE-GEN] Failed to generate pauses via Python for trajet 1: down
java.lang.RuntimeException: down
	at org.springframework.web.client.RestTemplate.postForEntity(RestTemplate.java:527)
	at com.logiway.services.impl.PauseReglementaireServiceImpl.genererPauses(PauseReglementaireServiceImpl.java:131)
	at com.logiway.services.PauseReglementaireServiceImplTest.genererPauses_fallbackSingleCoordinate_returnsEmpty(PauseReglementaireServiceImplTest.java:538)
	at java.base/jdk.internal.reflect.NativeMethodAccessorImpl.invoke0(Native Method)
	at java.base/jdk.internal.reflect.NativeMethodAccessorImpl.invoke(NativeMethodAccessorImpl.java:77)
	at java.base/jdk.internal.reflect.DelegatingMethodAccessorImpl.invoke(DelegatingMethodAccessorImpl.java:43)
	at java.base/java.lang.reflect.Method.invoke(Method.java:568)
	at org.junit.platform.commons.util.ReflectionUtils.invokeMethod(ReflectionUtils.java:728)
	at org.junit.jupiter.engine.execution.MethodInvocation.proceed(MethodInvocation.java:60)
	at org.junit.jupiter.engine.execution.InvocationInterceptorChain$ValidatingInvocation.proceed(InvocationInterceptorChain.java:131)
	at org.junit.jupiter.engine.extension.TimeoutExtension.intercept(TimeoutExtension.java:156)
	at org.junit.jupiter.engine.extension.TimeoutExtension.interceptTestableMethod(TimeoutExtension.java:147)
	at org.junit.jupiter.engine.extension.TimeoutExtension.interceptTestMethod(TimeoutExtension.java:86)
	at org.junit.jupiter.engine.execution.InterceptingExecutableInvoker$ReflectiveInterceptorCall.lambda$ofVoidMethod$0(InterceptingExecutableInvoker.java:103)
	at org.junit.jupiter.engine.execution.InterceptingExecutableInvoker.lambda$invoke$0(InterceptingExecutableInvoker.java:93)
	at org.junit.jupiter.engine.execution.InvocationInterceptorChain$InterceptedInvocation.proceed(InvocationInterceptorChain.java:106)
	at org.junit.jupiter.engine.execution.InvocationInterceptorChain.proceed(InvocationInterceptorChain.java:64)
	at org.junit.jupiter.engine.execution.InvocationInterceptorChain.chainAndInvoke(InvocationInterceptorChain.java:45)
	at org.junit.jupiter.engine.execution.InvocationInterceptorChain.invoke(InvocationInterceptorChain.java:37)
	at org.junit.jupiter.engine.execution.InterceptingExecutableInvoker.invoke(InterceptingExecutableInvoker.java:92)
	at org.junit.jupiter.engine.execution.InterceptingExecutableInvoker.invoke(InterceptingExecutableInvoker.java:86)
	at org.junit.jupiter.engine.descriptor.TestMethodTestDescriptor.lambda$invokeTestMethod$7(TestMethodTestDescriptor.java:218)
	at org.junit.platform.engine.support.hierarchical.ThrowableCollector.execute(ThrowableCollector.java:73)
	at org.junit.jupiter.engine.descriptor.TestMethodTestDescriptor.invokeTestMethod(TestMethodTestDescriptor.java:214)
	at org.junit.jupiter.engine.descriptor.TestMethodTestDescriptor.execute(TestMethodTestDescriptor.java:139)
	at org.junit.jupiter.engine.descriptor.TestMethodTestDescriptor.execute(TestMethodTestDescriptor.java:69)
	at org.junit.platform.engine.support.hierarchical.NodeTestTask.lambda$executeRecursively$6(NodeTestTask.java:151)
	at org.junit.platform.engine.support.hierarchical.ThrowableCollector.execute(ThrowableCollector.java:73)
	at org.junit.platform.engine.support.hierarchical.NodeTestTask.lambda$executeRecursively$8(NodeTestTask.java:141)
	at org.junit.platform.engine.support.hierarchical.Node.around(Node.java:137)
	at org.junit.platform.engine.support.hierarchical.NodeTestTask.lambda$executeRecursively$9(NodeTestTask.java:139)
	at org.junit.platform.engine.support.hierarchical.ThrowableCollector.execute(ThrowableCollector.java:73)
	at org.junit.platform.engine.support.hierarchical.NodeTestTask.executeRecursively(NodeTestTask.java:138)
	at org.junit.platform.engine.support.hierarchical.NodeTestTask.execute(NodeTestTask.java:95)
	at java.base/java.util.ArrayList.forEach(ArrayList.java:1511)
	at org.junit.platform.engine.support.hierarchical.SameThreadHierarchicalTestExecutorService.invokeAll(SameThreadHierarchicalTestExecutorService.java:41)
	at org.junit.platform.engine.support.hierarchical.NodeTestTask.lambda$executeRecursively$6(NodeTestTask.java:155)
	at org.junit.platform.engine.support.hierarchical.ThrowableCollector.execute(ThrowableCollector.java:73)
	at org.junit.platform.engine.support.hierarchical.NodeTestTask.lambda$executeRecursively$8(NodeTestTask.java:141)
	at org.junit.platform.engine.support.hierarchical.Node.around(Node.java:137)
	at org.junit.platform.engine.support.hierarchical.NodeTestTask.lambda$executeRecursively$9(NodeTestTask.java:139)
	at org.junit.platform.engine.support.hierarchical.ThrowableCollector.execute(ThrowableCollector.java:73)
	at org.junit.platform.engine.support.hierarchical.NodeTestTask.executeRecursively(NodeTestTask.java:138)
	at org.junit.platform.engine.support.hierarchical.NodeTestTask.execute(NodeTestTask.java:95)
	at java.base/java.util.ArrayList.forEach(ArrayList.java:1511)
	at org.junit.platform.engine.support.hierarchical.SameThreadHierarchicalTestExecutorService.invokeAll(SameThreadHierarchicalTestExecutorService.java:41)
	at org.junit.platform.engine.support.hierarchical.NodeTestTask.lambda$executeRecursively$6(NodeTestTask.java:155)
	at org.junit.platform.engine.support.hierarchical.ThrowableCollector.execute(ThrowableCollector.java:73)
	at org.junit.platform.engine.support.hierarchical.NodeTestTask.lambda$executeRecursively$8(NodeTestTask.java:141)
	at org.junit.platform.engine.support.hierarchical.Node.around(Node.java:137)
	at org.junit.platform.engine.support.hierarchical.NodeTestTask.lambda$executeRecursively$9(NodeTestTask.java:139)
	at org.junit.platform.engine.support.hierarchical.ThrowableCollector.execute(ThrowableCollector.java:73)
	at org.junit.platform.engine.support.hierarchical.NodeTestTask.executeRecursively(NodeTestTask.java:138)
	at org.junit.platform.engine.support.hierarchical.NodeTestTask.execute(NodeTestTask.java:95)
	at org.junit.platform.engine.support.hierarchical.SameThreadHierarchicalTestExecutorService.submit(SameThreadHierarchicalTestExecutorService.java:35)
	at org.junit.platform.engine.support.hierarchical.HierarchicalTestExecutor.execute(HierarchicalTestExecutor.java:57)
	at org.junit.platform.engine.support.hierarchical.HierarchicalTestEngine.execute(HierarchicalTestEngine.java:54)
	at org.junit.platform.launcher.core.EngineExecutionOrchestrator.execute(EngineExecutionOrchestrator.java:198)
	at org.junit.platform.launcher.core.EngineExecutionOrchestrator.execute(EngineExecutionOrchestrator.java:169)
	at org.junit.platform.launcher.core.EngineExecutionOrchestrator.execute(EngineExecutionOrchestrator.java:93)
	at org.junit.platform.launcher.core.EngineExecutionOrchestrator.lambda$execute$0(EngineExecutionOrchestrator.java:58)
	at org.junit.platform.launcher.core.EngineExecutionOrchestrator.withInterceptedStreams(EngineExecutionOrchestrator.java:141)
	at org.junit.platform.launcher.core.EngineExecutionOrchestrator.execute(EngineExecutionOrchestrator.java:57)
	at org.junit.platform.launcher.core.DefaultLauncher.execute(DefaultLauncher.java:103)
	at org.junit.platform.launcher.core.DefaultLauncher.execute(DefaultLauncher.java:85)
	at org.junit.platform.launcher.core.DelegatingLauncher.execute(DelegatingLauncher.java:47)
	at org.apache.maven.surefire.junitplatform.LazyLauncher.execute(LazyLauncher.java:56)
	at org.apache.maven.surefire.junitplatform.JUnitPlatformProvider.execute(JUnitPlatformProvider.java:184)
	at org.apache.maven.surefire.junitplatform.JUnitPlatformProvider.invokeAllTests(JUnitPlatformProvider.java:148)
	at org.apache.maven.surefire.junitplatform.JUnitPlatformProvider.invoke(JUnitPlatformProvider.java:122)
	at org.apache.maven.surefire.booter.ForkedBooter.runSuitesInProcess(ForkedBooter.java:385)
	at org.apache.maven.surefire.booter.ForkedBooter.execute(ForkedBooter.java:162)
	at org.apache.maven.surefire.booter.ForkedBooter.run(ForkedBooter.java:507)
	at org.apache.maven.surefire.booter.ForkedBooter.main(ForkedBooter.java:495)
2026-08-17 20:05:17 - [PAUSE-GEN] Attempting fallback generation for trajet 1...
2026-08-17 20:05:17 - [PAUSE-FALLBACK] Invalid geometry coordinates for trajet 1
2026-08-17 20:05:17 - [PAUSE-GEN] === FIN genererPauses (avec erreur) pour trajet 1 ===
]]></system-out>
  </testcase>
  <testcase name="getPausesForTrajet_chauffeurDenied_throws" classname="com.logiway.services.PauseReglementaireServiceImplTest" time="0.003">
    <system-out><![CDATA[2026-08-17 20:05:17 - [PAUSE-GET] GET /api/trajets/1/pauses called by user 11 (role: CHAUFFEUR)
2026-08-17 20:05:17 - [PAUSE-GET] Chauffeur 11 denied access to trajet 1
]]></system-out>
  </testcase>
  <testcase name="mettreAJourStatutPause_superadminAtteinte_setsNowAndBroadcasts" classname="com.logiway.services.PauseReglementaireServiceImplTest" time="0.005">
    <system-out><![CDATA[2026-08-17 20:05:17 - [PAUSE-AI] ? Pause effectuée — TrajetId=1 | Chauffeur=Alice A | Durée pause=0min | Remise à zéro du compteur hours_driving
]]></system-out>
  </testcase>
  <testcase name="genererPauses_shortDuration_blankFlaskResponse_returnsEmpty" classname="com.logiway.services.PauseReglementaireServiceImplTest" time="0.006">
    <system-out><![CDATA[2026-08-17 20:05:17 - [PAUSE-GEN] === DEBUT genererPauses pour trajet 1 ===
2026-08-17 20:05:17 - [PAUSE-GEN] Trajet 1 - Durée estimée: 100 minutes
2026-08-17 20:05:17 - [PAUSE-GEN] Trajet 1 duration is 100min (< 3h threshold), simulator will return empty pauses
2026-08-17 20:05:17 - [PAUSE-GEN] Deleting all existing pauses for trajet 1
2026-08-17 20:05:17 - [PAUSE-GEN] Appel Flask AI à http://pause-ai.test/api/predict: {"trip_duration_minutes":100,"startLat":48.85,"trip_id":1,"endLat":45.75,"trip":{"geometrieItineraire":null,"vehiculeId":1,"longitudeDepart":2.35,"destination":"Lyon","latitudeDepart":48.85,"longitudeArrivee":4.85,"distanceKm":100.0,"chauffeurId":10,"id":1,"pointDepart":"Paris","latitudeArrivee":45.75,"dureeEstimeeMinutes":100},"startLon":2.35,"endLon":4.85,"departure_time":"2026-08-17T20:05:17.064639600"}
2026-08-17 20:05:17 - [PAUSE-GEN] Réponse Flask AI:    
2026-08-17 20:05:17 - [PAUSE-GEN] Réponse vide du service Flask AI pour trajet 1
]]></system-out>
  </testcase>
  <testcase name="genererPauses_emptyAudience_noBroadcast" classname="com.logiway.services.PauseReglementaireServiceImplTest" time="0.007">
    <system-out><![CDATA[2026-08-17 20:05:17 - [PAUSE-GEN] === DEBUT genererPauses pour trajet 1 ===
2026-08-17 20:05:17 - [PAUSE-GEN] Trajet 1 - Durée estimée: 300 minutes
2026-08-17 20:05:17 - [PAUSE-GEN] Trajet 1 duration is 300min (>= 3h), pauses will be generated
2026-08-17 20:05:17 - [PAUSE-GEN] Deleting all existing pauses for trajet 1
2026-08-17 20:05:17 - [PAUSE-GEN] Appel Flask AI à http://pause-ai.test/api/predict: {"trip_duration_minutes":300,"startLat":48.85,"trip_id":1,"endLat":45.75,"trip":{"geometrieItineraire":null,"longitudeDepart":2.35,"destination":"Lyon","latitudeDepart":48.85,"longitudeArrivee":4.85,"distanceKm":100.0,"id":1,"pointDepart":"Paris","latitudeArrivee":45.75,"dureeEstimeeMinutes":300},"startLon":2.35,"endLon":4.85,"departure_time":"2026-08-17T20:05:17.070140"}
2026-08-17 20:05:17 - [PAUSE-GEN] Réponse Flask AI: {"stops":[{"type":"parking","reasoning":[],"arrival_time":"garbage"}]}
2026-08-17 20:05:17 - [PAUSE-GEN] Received 1 pauses from simulator for trajet 1
2026-08-17 20:05:17 - [PAUSE-GEN] - Pause type: parking, distance: null m
2026-08-17 20:05:17 - Failed to parse datetime: garbage
2026-08-17 20:05:17 - [PAUSE-GEN] nb pauses saveAll(): 1
2026-08-17 20:05:17 - [PAUSE-GEN] Successfully saved 1 PauseReglementaire entities to database for trajet 1
2026-08-17 20:05:17 - [PAUSE-GEN] === FIN genererPauses pour trajet 1 ===
]]></system-out>
  </testcase>
  <testcase name="getPausesForTrajet_managerSameCompanyThroughManager_success" classname="com.logiway.services.PauseReglementaireServiceImplTest" time="0.003">
    <system-out><![CDATA[2026-08-17 20:05:17 - [PAUSE-GET] GET /api/trajets/1/pauses called by user 20 (role: MANAGER)
2026-08-17 20:05:17 - [PAUSE-GET] Manager access granted for trajet 1
2026-08-17 20:05:17 - [PAUSE-GET] Returning 1 pauses for trajet 1
]]></system-out>
  </testcase>
  <testcase name="parseCoordinatesFromGeometry_geometryCoordinatesNull" classname="com.logiway.services.PauseReglementaireServiceImplTest" time="0.001"/>
  <testcase name="getPausesForTrajet_noAuthentication_returnsEmpty" classname="com.logiway.services.PauseReglementaireServiceImplTest" time="0.002">
    <system-out><![CDATA[2026-08-17 20:05:17 - [PAUSE-GET] getPausesForTrajet called without authentication for trajet 1, returning empty list: no auth
]]></system-out>
  </testcase>
  <testcase name="getPausesForTrajet_managerAssigned_success" classname="com.logiway.services.PauseReglementaireServiceImplTest" time="0.002">
    <system-out><![CDATA[2026-08-17 20:05:17 - [PAUSE-GET] GET /api/trajets/1/pauses called by user 20 (role: MANAGER)
2026-08-17 20:05:17 - [PAUSE-GET] Manager access granted for trajet 1
2026-08-17 20:05:17 - [PAUSE-GET] Returning 1 pauses for trajet 1
]]></system-out>
  </testcase>
  <testcase name="mettreAJourStatutPause_chauffeurDenied_throws" classname="com.logiway.services.PauseReglementaireServiceImplTest" time="0.002"/>
  <testcase name="genererPauses_nullResponseBody_returnsEmpty" classname="com.logiway.services.PauseReglementaireServiceImplTest" time="0.005">
    <system-out><![CDATA[2026-08-17 20:05:17 - [PAUSE-GEN] === DEBUT genererPauses pour trajet 1 ===
2026-08-17 20:05:17 - [PAUSE-GEN] Trajet 1 - Durée estimée: 300 minutes
2026-08-17 20:05:17 - [PAUSE-GEN] Trajet 1 duration is 300min (>= 3h), pauses will be generated
2026-08-17 20:05:17 - [PAUSE-GEN] Deleting all existing pauses for trajet 1
2026-08-17 20:05:17 - [PAUSE-GEN] Appel Flask AI à http://pause-ai.test/api/predict: {"trip_duration_minutes":300,"startLat":48.85,"trip_id":1,"endLat":45.75,"trip":{"geometrieItineraire":null,"vehiculeId":1,"longitudeDepart":2.35,"destination":"Lyon","latitudeDepart":48.85,"longitudeArrivee":4.85,"distanceKm":100.0,"chauffeurId":10,"id":1,"pointDepart":"Paris","latitudeArrivee":45.75,"dureeEstimeeMinutes":300},"startLon":2.35,"endLon":4.85,"departure_time":"2026-08-17T20:05:17.093857700"}
2026-08-17 20:05:17 - [PAUSE-GEN] Réponse Flask AI: null
2026-08-17 20:05:17 - [PAUSE-GEN] Réponse vide du service Flask AI pour trajet 1
]]></system-out>
  </testcase>
  <testcase name="mettreAJourStatutPause_managerDenied_throws" classname="com.logiway.services.PauseReglementaireServiceImplTest" time="0.003"/>
  <testcase name="getPausesForTrajet_managerDenied_throws" classname="com.logiway.services.PauseReglementaireServiceImplTest" time="0.002">
    <system-out><![CDATA[2026-08-17 20:05:17 - [PAUSE-GET] GET /api/trajets/1/pauses called by user 20 (role: MANAGER)
2026-08-17 20:05:17 - [PAUSE-GET] Manager 20 denied access to trajet 1
]]></system-out>
  </testcase>
  <testcase name="isDebugEnabled_appDebugPausesTrue_returnsTrue" classname="com.logiway.services.PauseReglementaireServiceImplTest" time="0.001"/>
  <testcase name="genererPauses_fallbackNestedGeometry_returnsEmpty" classname="com.logiway.services.PauseReglementaireServiceImplTest" time="0.006">
    <system-out><![CDATA[2026-08-17 20:05:17 - [PAUSE-GEN] === DEBUT genererPauses pour trajet 1 ===
2026-08-17 20:05:17 - [PAUSE-GEN] Trajet 1 - Durée estimée: 300 minutes
2026-08-17 20:05:17 - [PAUSE-GEN] Trajet 1 duration is 300min (>= 3h), pauses will be generated
2026-08-17 20:05:17 - [PAUSE-GEN] Deleting all existing pauses for trajet 1
2026-08-17 20:05:17 - [PAUSE-GEN] Appel Flask AI à http://pause-ai.test/api/predict: {"trip_duration_minutes":300,"startLat":48.85,"trip_id":1,"endLat":45.75,"trip":{"geometrieItineraire":"{\"geometry\":{\"coordinates\":[[2.35,48.85],[4.85,45.75]]}}","longitudeDepart":2.35,"destination":"Lyon","latitudeDepart":48.85,"longitudeArrivee":4.85,"distanceKm":100.0,"id":1,"pointDepart":"Paris","latitudeArrivee":45.75,"dureeEstimeeMinutes":300},"startLon":2.35,"endLon":4.85,"departure_time":"2026-08-17T20:05:17.106450100"}
2026-08-17 20:05:17 - [PAUSE-GEN] Failed to generate pauses via Python for trajet 1: down
java.lang.RuntimeException: down
	at org.springframework.web.client.RestTemplate.postForEntity(RestTemplate.java:527)
	at com.logiway.services.impl.PauseReglementaireServiceImpl.genererPauses(PauseReglementaireServiceImpl.java:131)
	at com.logiway.services.PauseReglementaireServiceImplTest.genererPauses_fallbackNestedGeometry_returnsEmpty(PauseReglementaireServiceImplTest.java:587)
	at java.base/jdk.internal.reflect.NativeMethodAccessorImpl.invoke0(Native Method)
	at java.base/jdk.internal.reflect.NativeMethodAccessorImpl.invoke(NativeMethodAccessorImpl.java:77)
	at java.base/jdk.internal.reflect.DelegatingMethodAccessorImpl.invoke(DelegatingMethodAccessorImpl.java:43)
	at java.base/java.lang.reflect.Method.invoke(Method.java:568)
	at org.junit.platform.commons.util.ReflectionUtils.invokeMethod(ReflectionUtils.java:728)
	at org.junit.jupiter.engine.execution.MethodInvocation.proceed(MethodInvocation.java:60)
	at org.junit.jupiter.engine.execution.InvocationInterceptorChain$ValidatingInvocation.proceed(InvocationInterceptorChain.java:131)
	at org.junit.jupiter.engine.extension.TimeoutExtension.intercept(TimeoutExtension.java:156)
	at org.junit.jupiter.engine.extension.TimeoutExtension.interceptTestableMethod(TimeoutExtension.java:147)
	at org.junit.jupiter.engine.extension.TimeoutExtension.interceptTestMethod(TimeoutExtension.java:86)
	at org.junit.jupiter.engine.execution.InterceptingExecutableInvoker$ReflectiveInterceptorCall.lambda$ofVoidMethod$0(InterceptingExecutableInvoker.java:103)
	at org.junit.jupiter.engine.execution.InterceptingExecutableInvoker.lambda$invoke$0(InterceptingExecutableInvoker.java:93)
	at org.junit.jupiter.engine.execution.InvocationInterceptorChain$InterceptedInvocation.proceed(InvocationInterceptorChain.java:106)
	at org.junit.jupiter.engine.execution.InvocationInterceptorChain.proceed(InvocationInterceptorChain.java:64)
	at org.junit.jupiter.engine.execution.InvocationInterceptorChain.chainAndInvoke(InvocationInterceptorChain.java:45)
	at org.junit.jupiter.engine.execution.InvocationInterceptorChain.invoke(InvocationInterceptorChain.java:37)
	at org.junit.jupiter.engine.execution.InterceptingExecutableInvoker.invoke(InterceptingExecutableInvoker.java:92)
	at org.junit.jupiter.engine.execution.InterceptingExecutableInvoker.invoke(InterceptingExecutableInvoker.java:86)
	at org.junit.jupiter.engine.descriptor.TestMethodTestDescriptor.lambda$invokeTestMethod$7(TestMethodTestDescriptor.java:218)
	at org.junit.platform.engine.support.hierarchical.ThrowableCollector.execute(ThrowableCollector.java:73)
	at org.junit.jupiter.engine.descriptor.TestMethodTestDescriptor.invokeTestMethod(TestMethodTestDescriptor.java:214)
	at org.junit.jupiter.engine.descriptor.TestMethodTestDescriptor.execute(TestMethodTestDescriptor.java:139)
	at org.junit.jupiter.engine.descriptor.TestMethodTestDescriptor.execute(TestMethodTestDescriptor.java:69)
	at org.junit.platform.engine.support.hierarchical.NodeTestTask.lambda$executeRecursively$6(NodeTestTask.java:151)
	at org.junit.platform.engine.support.hierarchical.ThrowableCollector.execute(ThrowableCollector.java:73)
	at org.junit.platform.engine.support.hierarchical.NodeTestTask.lambda$executeRecursively$8(NodeTestTask.java:141)
	at org.junit.platform.engine.support.hierarchical.Node.around(Node.java:137)
	at org.junit.platform.engine.support.hierarchical.NodeTestTask.lambda$executeRecursively$9(NodeTestTask.java:139)
	at org.junit.platform.engine.support.hierarchical.ThrowableCollector.execute(ThrowableCollector.java:73)
	at org.junit.platform.engine.support.hierarchical.NodeTestTask.executeRecursively(NodeTestTask.java:138)
	at org.junit.platform.engine.support.hierarchical.NodeTestTask.execute(NodeTestTask.java:95)
	at java.base/java.util.ArrayList.forEach(ArrayList.java:1511)
	at org.junit.platform.engine.support.hierarchical.SameThreadHierarchicalTestExecutorService.invokeAll(SameThreadHierarchicalTestExecutorService.java:41)
	at org.junit.platform.engine.support.hierarchical.NodeTestTask.lambda$executeRecursively$6(NodeTestTask.java:155)
	at org.junit.platform.engine.support.hierarchical.ThrowableCollector.execute(ThrowableCollector.java:73)
	at org.junit.platform.engine.support.hierarchical.NodeTestTask.lambda$executeRecursively$8(NodeTestTask.java:141)
	at org.junit.platform.engine.support.hierarchical.Node.around(Node.java:137)
	at org.junit.platform.engine.support.hierarchical.NodeTestTask.lambda$executeRecursively$9(NodeTestTask.java:139)
	at org.junit.platform.engine.support.hierarchical.ThrowableCollector.execute(ThrowableCollector.java:73)
	at org.junit.platform.engine.support.hierarchical.NodeTestTask.executeRecursively(NodeTestTask.java:138)
	at org.junit.platform.engine.support.hierarchical.NodeTestTask.execute(NodeTestTask.java:95)
	at java.base/java.util.ArrayList.forEach(ArrayList.java:1511)
	at org.junit.platform.engine.support.hierarchical.SameThreadHierarchicalTestExecutorService.invokeAll(SameThreadHierarchicalTestExecutorService.java:41)
	at org.junit.platform.engine.support.hierarchical.NodeTestTask.lambda$executeRecursively$6(NodeTestTask.java:155)
	at org.junit.platform.engine.support.hierarchical.ThrowableCollector.execute(ThrowableCollector.java:73)
	at org.junit.platform.engine.support.hierarchical.NodeTestTask.lambda$executeRecursively$8(NodeTestTask.java:141)
	at org.junit.platform.engine.support.hierarchical.Node.around(Node.java:137)
	at org.junit.platform.engine.support.hierarchical.NodeTestTask.lambda$executeRecursively$9(NodeTestTask.java:139)
	at org.junit.platform.engine.support.hierarchical.ThrowableCollector.execute(ThrowableCollector.java:73)
	at org.junit.platform.engine.support.hierarchical.NodeTestTask.executeRecursively(NodeTestTask.java:138)
	at org.junit.platform.engine.support.hierarchical.NodeTestTask.execute(NodeTestTask.java:95)
	at org.junit.platform.engine.support.hierarchical.SameThreadHierarchicalTestExecutorService.submit(SameThreadHierarchicalTestExecutorService.java:35)
	at org.junit.platform.engine.support.hierarchical.HierarchicalTestExecutor.execute(HierarchicalTestExecutor.java:57)
	at org.junit.platform.engine.support.hierarchical.HierarchicalTestEngine.execute(HierarchicalTestEngine.java:54)
	at org.junit.platform.launcher.core.EngineExecutionOrchestrator.execute(EngineExecutionOrchestrator.java:198)
	at org.junit.platform.launcher.core.EngineExecutionOrchestrator.execute(EngineExecutionOrchestrator.java:169)
	at org.junit.platform.launcher.core.EngineExecutionOrchestrator.execute(EngineExecutionOrchestrator.java:93)
	at org.junit.platform.launcher.core.EngineExecutionOrchestrator.lambda$execute$0(EngineExecutionOrchestrator.java:58)
	at org.junit.platform.launcher.core.EngineExecutionOrchestrator.withInterceptedStreams(EngineExecutionOrchestrator.java:141)
	at org.junit.platform.launcher.core.EngineExecutionOrchestrator.execute(EngineExecutionOrchestrator.java:57)
	at org.junit.platform.launcher.core.DefaultLauncher.execute(DefaultLauncher.java:103)
	at org.junit.platform.launcher.core.DefaultLauncher.execute(DefaultLauncher.java:85)
	at org.junit.platform.launcher.core.DelegatingLauncher.execute(DelegatingLauncher.java:47)
	at org.apache.maven.surefire.junitplatform.LazyLauncher.execute(LazyLauncher.java:56)
	at org.apache.maven.surefire.junitplatform.JUnitPlatformProvider.execute(JUnitPlatformProvider.java:184)
	at org.apache.maven.surefire.junitplatform.JUnitPlatformProvider.invokeAllTests(JUnitPlatformProvider.java:148)
	at org.apache.maven.surefire.junitplatform.JUnitPlatformProvider.invoke(JUnitPlatformProvider.java:122)
	at org.apache.maven.surefire.booter.ForkedBooter.runSuitesInProcess(ForkedBooter.java:385)
	at org.apache.maven.surefire.booter.ForkedBooter.execute(ForkedBooter.java:162)
	at org.apache.maven.surefire.booter.ForkedBooter.run(ForkedBooter.java:507)
	at org.apache.maven.surefire.booter.ForkedBooter.main(ForkedBooter.java:495)
2026-08-17 20:05:17 - [PAUSE-GEN] Attempting fallback generation for trajet 1...
2026-08-17 20:05:17 - [PAUSE-FALLBACK] Invalid geometry coordinates for trajet 1
2026-08-17 20:05:17 - [PAUSE-GEN] === FIN genererPauses (avec erreur) pour trajet 1 ===
]]></system-out>
  </testcase>
  <testcase name="mettreAJourStatutPause_atteinteNullDuration_logsZero" classname="com.logiway.services.PauseReglementaireServiceImplTest" time="0.005">
    <system-out><![CDATA[2026-08-17 20:05:17 - [PAUSE-AI] ? Pause effectuée — TrajetId=1 | Chauffeur=Alice A | Durée pause=0min | Remise à zéro du compteur hours_driving
]]></system-out>
  </testcase>
  <testcase name="mettreAJourStatutPause_noAuthentication_throws" classname="com.logiway.services.PauseReglementaireServiceImplTest" time="0.004"/>
  <testcase name="parseTypePause_allBranches" classname="com.logiway.services.PauseReglementaireServiceImplTest" time="0.001"/>
  <testcase name="genererPauses_latLonNonNumberStrings_triggersFallback" classname="com.logiway.services.PauseReglementaireServiceImplTest" time="0.006">
    <system-out><![CDATA[2026-08-17 20:05:17 - [PAUSE-GEN] === DEBUT genererPauses pour trajet 1 ===
2026-08-17 20:05:17 - [PAUSE-GEN] Trajet 1 - Durée estimée: 300 minutes
2026-08-17 20:05:17 - [PAUSE-GEN] Trajet 1 duration is 300min (>= 3h), pauses will be generated
2026-08-17 20:05:17 - [PAUSE-GEN] Deleting all existing pauses for trajet 1
2026-08-17 20:05:17 - [PAUSE-GEN] Appel Flask AI à http://pause-ai.test/api/predict: {"trip_duration_minutes":300,"startLat":48.85,"trip_id":1,"endLat":45.75,"trip":{"geometrieItineraire":null,"longitudeDepart":2.35,"destination":"Lyon","latitudeDepart":48.85,"longitudeArrivee":4.85,"distanceKm":100.0,"id":1,"pointDepart":"Paris","latitudeArrivee":45.75,"dureeEstimeeMinutes":300},"startLon":2.35,"endLon":4.85,"departure_time":"2026-08-17T20:05:17.123738500"}
2026-08-17 20:05:17 - [PAUSE-GEN] Réponse Flask AI: {"stops":[{"type":"parking","lat":"abc","lon":"xyz","distanceAlongRouteM":3000}]}
2026-08-17 20:05:17 - [PAUSE-GEN] Received 1 pauses from simulator for trajet 1
2026-08-17 20:05:17 - [PAUSE-GEN] - Pause type: parking, distance: 3000 m
2026-08-17 20:05:17 - [PAUSE-GEN] nb pauses saveAll(): 1
2026-08-17 20:05:17 - [PAUSE-GEN] Successfully saved 1 PauseReglementaire entities to database for trajet 1
2026-08-17 20:05:17 - [PAUSE-GEN] === FIN genererPauses pour trajet 1 ===
]]></system-out>
  </testcase>
  <testcase name="genererPausesFallback_blankGeometry_returnsEmpty" classname="com.logiway.services.PauseReglementaireServiceImplTest" time="0.005">
    <system-out><![CDATA[2026-08-17 20:05:17 - [PAUSE-GEN] === DEBUT genererPauses pour trajet 1 ===
2026-08-17 20:05:17 - [PAUSE-GEN] Trajet 1 - Durée estimée: 300 minutes
2026-08-17 20:05:17 - [PAUSE-GEN] Trajet 1 duration is 300min (>= 3h), pauses will be generated
2026-08-17 20:05:17 - [PAUSE-GEN] Deleting all existing pauses for trajet 1
2026-08-17 20:05:17 - [PAUSE-GEN] Appel Flask AI à http://pause-ai.test/api/predict: {"trip_duration_minutes":300,"startLat":48.85,"trip_id":1,"endLat":45.75,"trip":{"geometrieItineraire":"  ","longitudeDepart":2.35,"destination":"Lyon","latitudeDepart":48.85,"longitudeArrivee":4.85,"distanceKm":100.0,"id":1,"pointDepart":"Paris","latitudeArrivee":45.75,"dureeEstimeeMinutes":300},"startLon":2.35,"endLon":4.85,"departure_time":"2026-08-17T20:05:17.130278"}
2026-08-17 20:05:17 - [PAUSE-GEN] Failed to generate pauses via Python for trajet 1: flask down
java.lang.RuntimeException: flask down
	at org.springframework.web.client.RestTemplate.postForEntity(RestTemplate.java:527)
	at com.logiway.services.impl.PauseReglementaireServiceImpl.genererPauses(PauseReglementaireServiceImpl.java:131)
	at com.logiway.services.PauseReglementaireServiceImplTest.genererPausesFallback_blankGeometry_returnsEmpty(PauseReglementaireServiceImplTest.java:1322)
	at java.base/jdk.internal.reflect.NativeMethodAccessorImpl.invoke0(Native Method)
	at java.base/jdk.internal.reflect.NativeMethodAccessorImpl.invoke(NativeMethodAccessorImpl.java:77)
	at java.base/jdk.internal.reflect.DelegatingMethodAccessorImpl.invoke(DelegatingMethodAccessorImpl.java:43)
	at java.base/java.lang.reflect.Method.invoke(Method.java:568)
	at org.junit.platform.commons.util.ReflectionUtils.invokeMethod(ReflectionUtils.java:728)
	at org.junit.jupiter.engine.execution.MethodInvocation.proceed(MethodInvocation.java:60)
	at org.junit.jupiter.engine.execution.InvocationInterceptorChain$ValidatingInvocation.proceed(InvocationInterceptorChain.java:131)
	at org.junit.jupiter.engine.extension.TimeoutExtension.intercept(TimeoutExtension.java:156)
	at org.junit.jupiter.engine.extension.TimeoutExtension.interceptTestableMethod(TimeoutExtension.java:147)
	at org.junit.jupiter.engine.extension.TimeoutExtension.interceptTestMethod(TimeoutExtension.java:86)
	at org.junit.jupiter.engine.execution.InterceptingExecutableInvoker$ReflectiveInterceptorCall.lambda$ofVoidMethod$0(InterceptingExecutableInvoker.java:103)
	at org.junit.jupiter.engine.execution.InterceptingExecutableInvoker.lambda$invoke$0(InterceptingExecutableInvoker.java:93)
	at org.junit.jupiter.engine.execution.InvocationInterceptorChain$InterceptedInvocation.proceed(InvocationInterceptorChain.java:106)
	at org.junit.jupiter.engine.execution.InvocationInterceptorChain.proceed(InvocationInterceptorChain.java:64)
	at org.junit.jupiter.engine.execution.InvocationInterceptorChain.chainAndInvoke(InvocationInterceptorChain.java:45)
	at org.junit.jupiter.engine.execution.InvocationInterceptorChain.invoke(InvocationInterceptorChain.java:37)
	at org.junit.jupiter.engine.execution.InterceptingExecutableInvoker.invoke(InterceptingExecutableInvoker.java:92)
	at org.junit.jupiter.engine.execution.InterceptingExecutableInvoker.invoke(InterceptingExecutableInvoker.java:86)
	at org.junit.jupiter.engine.descriptor.TestMethodTestDescriptor.lambda$invokeTestMethod$7(TestMethodTestDescriptor.java:218)
	at org.junit.platform.engine.support.hierarchical.ThrowableCollector.execute(ThrowableCollector.java:73)
	at org.junit.jupiter.engine.descriptor.TestMethodTestDescriptor.invokeTestMethod(TestMethodTestDescriptor.java:214)
	at org.junit.jupiter.engine.descriptor.TestMethodTestDescriptor.execute(TestMethodTestDescriptor.java:139)
	at org.junit.jupiter.engine.descriptor.TestMethodTestDescriptor.execute(TestMethodTestDescriptor.java:69)
	at org.junit.platform.engine.support.hierarchical.NodeTestTask.lambda$executeRecursively$6(NodeTestTask.java:151)
	at org.junit.platform.engine.support.hierarchical.ThrowableCollector.execute(ThrowableCollector.java:73)
	at org.junit.platform.engine.support.hierarchical.NodeTestTask.lambda$executeRecursively$8(NodeTestTask.java:141)
	at org.junit.platform.engine.support.hierarchical.Node.around(Node.java:137)
	at org.junit.platform.engine.support.hierarchical.NodeTestTask.lambda$executeRecursively$9(NodeTestTask.java:139)
	at org.junit.platform.engine.support.hierarchical.ThrowableCollector.execute(ThrowableCollector.java:73)
	at org.junit.platform.engine.support.hierarchical.NodeTestTask.executeRecursively(NodeTestTask.java:138)
	at org.junit.platform.engine.support.hierarchical.NodeTestTask.execute(NodeTestTask.java:95)
	at java.base/java.util.ArrayList.forEach(ArrayList.java:1511)
	at org.junit.platform.engine.support.hierarchical.SameThreadHierarchicalTestExecutorService.invokeAll(SameThreadHierarchicalTestExecutorService.java:41)
	at org.junit.platform.engine.support.hierarchical.NodeTestTask.lambda$executeRecursively$6(NodeTestTask.java:155)
	at org.junit.platform.engine.support.hierarchical.ThrowableCollector.execute(ThrowableCollector.java:73)
	at org.junit.platform.engine.support.hierarchical.NodeTestTask.lambda$executeRecursively$8(NodeTestTask.java:141)
	at org.junit.platform.engine.support.hierarchical.Node.around(Node.java:137)
	at org.junit.platform.engine.support.hierarchical.NodeTestTask.lambda$executeRecursively$9(NodeTestTask.java:139)
	at org.junit.platform.engine.support.hierarchical.ThrowableCollector.execute(ThrowableCollector.java:73)
	at org.junit.platform.engine.support.hierarchical.NodeTestTask.executeRecursively(NodeTestTask.java:138)
	at org.junit.platform.engine.support.hierarchical.NodeTestTask.execute(NodeTestTask.java:95)
	at java.base/java.util.ArrayList.forEach(ArrayList.java:1511)
	at org.junit.platform.engine.support.hierarchical.SameThreadHierarchicalTestExecutorService.invokeAll(SameThreadHierarchicalTestExecutorService.java:41)
	at org.junit.platform.engine.support.hierarchical.NodeTestTask.lambda$executeRecursively$6(NodeTestTask.java:155)
	at org.junit.platform.engine.support.hierarchical.ThrowableCollector.execute(ThrowableCollector.java:73)
	at org.junit.platform.engine.support.hierarchical.NodeTestTask.lambda$executeRecursively$8(NodeTestTask.java:141)
	at org.junit.platform.engine.support.hierarchical.Node.around(Node.java:137)
	at org.junit.platform.engine.support.hierarchical.NodeTestTask.lambda$executeRecursively$9(NodeTestTask.java:139)
	at org.junit.platform.engine.support.hierarchical.ThrowableCollector.execute(ThrowableCollector.java:73)
	at org.junit.platform.engine.support.hierarchical.NodeTestTask.executeRecursively(NodeTestTask.java:138)
	at org.junit.platform.engine.support.hierarchical.NodeTestTask.execute(NodeTestTask.java:95)
	at org.junit.platform.engine.support.hierarchical.SameThreadHierarchicalTestExecutorService.submit(SameThreadHierarchicalTestExecutorService.java:35)
	at org.junit.platform.engine.support.hierarchical.HierarchicalTestExecutor.execute(HierarchicalTestExecutor.java:57)
	at org.junit.platform.engine.support.hierarchical.HierarchicalTestEngine.execute(HierarchicalTestEngine.java:54)
	at org.junit.platform.launcher.core.EngineExecutionOrchestrator.execute(EngineExecutionOrchestrator.java:198)
	at org.junit.platform.launcher.core.EngineExecutionOrchestrator.execute(EngineExecutionOrchestrator.java:169)
	at org.junit.platform.launcher.core.EngineExecutionOrchestrator.execute(EngineExecutionOrchestrator.java:93)
	at org.junit.platform.launcher.core.EngineExecutionOrchestrator.lambda$execute$0(EngineExecutionOrchestrator.java:58)
	at org.junit.platform.launcher.core.EngineExecutionOrchestrator.withInterceptedStreams(EngineExecutionOrchestrator.java:141)
	at org.junit.platform.launcher.core.EngineExecutionOrchestrator.execute(EngineExecutionOrchestrator.java:57)
	at org.junit.platform.launcher.core.DefaultLauncher.execute(DefaultLauncher.java:103)
[...]
	at org.junit.jupiter.engine.descriptor.TestMethodTestDescriptor.lambda$invokeTestMethod$7(TestMethodTestDescriptor.java:218)
	at org.junit.platform.engine.support.hierarchical.ThrowableCollector.execute(ThrowableCollector.java:73)
	at org.junit.jupiter.engine.descriptor.TestMethodTestDescriptor.invokeTestMethod(TestMethodTestDescriptor.java:214)
	at org.junit.jupiter.engine.descriptor.TestMethodTestDescriptor.execute(TestMethodTestDescriptor.java:139)
	at org.junit.jupiter.engine.descriptor.TestMethodTestDescriptor.execute(TestMethodTestDescriptor.java:69)
	at org.junit.platform.engine.support.hierarchical.NodeTestTask.lambda$executeRecursively$6(NodeTestTask.java:151)
	at org.junit.platform.engine.support.hierarchical.ThrowableCollector.execute(ThrowableCollector.java:73)
	at org.junit.platform.engine.support.hierarchical.NodeTestTask.lambda$executeRecursively$8(NodeTestTask.java:141)
	at org.junit.platform.engine.support.hierarchical.Node.around(Node.java:137)
	at org.junit.platform.engine.support.hierarchical.NodeTestTask.lambda$executeRecursively$9(NodeTestTask.java:139)
	at org.junit.platform.engine.support.hierarchical.ThrowableCollector.execute(ThrowableCollector.java:73)
	at org.junit.platform.engine.support.hierarchical.NodeTestTask.executeRecursively(NodeTestTask.java:138)
	at org.junit.platform.engine.support.hierarchical.NodeTestTask.execute(NodeTestTask.java:95)
	at java.base/java.util.ArrayList.forEach(ArrayList.java:1511)
	at org.junit.platform.engine.support.hierarchical.SameThreadHierarchicalTestExecutorService.invokeAll(SameThreadHierarchicalTestExecutorService.java:41)
	at org.junit.platform.engine.support.hierarchical.NodeTestTask.lambda$executeRecursively$6(NodeTestTask.java:155)
	at org.junit.platform.engine.support.hierarchical.ThrowableCollector.execute(ThrowableCollector.java:73)
	at org.junit.platform.engine.support.hierarchical.NodeTestTask.lambda$executeRecursively$8(NodeTestTask.java:141)
	at org.junit.platform.engine.support.hierarchical.Node.around(Node.java:137)
	at org.junit.platform.engine.support.hierarchical.NodeTestTask.lambda$executeRecursively$9(NodeTestTask.java:139)
	at org.junit.platform.engine.support.hierarchical.ThrowableCollector.execute(ThrowableCollector.java:73)
	at org.junit.platform.engine.support.hierarchical.NodeTestTask.executeRecursively(NodeTestTask.java:138)
	at org.junit.platform.engine.support.hierarchical.NodeTestTask.execute(NodeTestTask.java:95)
	at java.base/java.util.ArrayList.forEach(ArrayList.java:1511)
	at org.junit.platform.engine.support.hierarchical.SameThreadHierarchicalTestExecutorService.invokeAll(SameThreadHierarchicalTestExecutorService.java:41)
	at org.junit.platform.engine.support.hierarchical.NodeTestTask.lambda$executeRecursively$6(NodeTestTask.java:155)
	at org.junit.platform.engine.support.hierarchical.ThrowableCollector.execute(ThrowableCollector.java:73)
	at org.junit.platform.engine.support.hierarchical.NodeTestTask.lambda$executeRecursively$8(NodeTestTask.java:141)
	at org.junit.platform.engine.support.hierarchical.Node.around(Node.java:137)
	at org.junit.platform.engine.support.hierarchical.NodeTestTask.lambda$executeRecursively$9(NodeTestTask.java:139)
	at org.junit.platform.engine.support.hierarchical.ThrowableCollector.execute(ThrowableCollector.java:73)
	at org.junit.platform.engine.support.hierarchical.NodeTestTask.executeRecursively(NodeTestTask.java:138)
	at org.junit.platform.engine.support.hierarchical.NodeTestTask.execute(NodeTestTask.java:95)
	at org.junit.platform.engine.support.hierarchical.SameThreadHierarchicalTestExecutorService.submit(SameThreadHierarchicalTestExecutorService.java:35)
	at org.junit.platform.engine.support.hierarchical.HierarchicalTestExecutor.execute(HierarchicalTestExecutor.java:57)
	at org.junit.platform.engine.support.hierarchical.HierarchicalTestEngine.execute(HierarchicalTestEngine.java:54)
	at org.junit.platform.launcher.core.EngineExecutionOrchestrator.execute(EngineExecutionOrchestrator.java:198)
	at org.junit.platform.launcher.core.EngineExecutionOrchestrator.execute(EngineExecutionOrchestrator.java:169)
	at org.junit.platform.launcher.core.EngineExecutionOrchestrator.execute(EngineExecutionOrchestrator.java:93)
	at org.junit.platform.launcher.core.EngineExecutionOrchestrator.lambda$execute$0(EngineExecutionOrchestrator.java:58)
	at org.junit.platform.launcher.core.EngineExecutionOrchestrator.withInterceptedStreams(EngineExecutionOrchestrator.java:141)
	at org.junit.platform.launcher.core.EngineExecutionOrchestrator.execute(EngineExecutionOrchestrator.java:57)
	at org.junit.platform.launcher.core.DefaultLauncher.execute(DefaultLauncher.java:103)
	at org.junit.platform.launcher.core.DefaultLauncher.execute(DefaultLauncher.java:85)
	at org.junit.platform.launcher.core.DelegatingLauncher.execute(DelegatingLauncher.java:47)
	at org.apache.maven.surefire.junitplatform.LazyLauncher.execute(LazyLauncher.java:56)
	at org.apache.maven.surefire.junitplatform.JUnitPlatformProvider.execute(JUnitPlatformProvider.java:184)
	at org.apache.maven.surefire.junitplatform.JUnitPlatformProvider.invokeAllTests(JUnitPlatformProvider.java:148)
	at org.apache.maven.surefire.junitplatform.JUnitPlatformProvider.invoke(JUnitPlatformProvider.java:122)
	at org.apache.maven.surefire.booter.ForkedBooter.runSuitesInProcess(ForkedBooter.java:385)
	at org.apache.maven.surefire.booter.ForkedBooter.execute(ForkedBooter.java:162)
	at org.apache.maven.surefire.booter.ForkedBooter.run(ForkedBooter.java:507)
	at org.apache.maven.surefire.booter.ForkedBooter.main(ForkedBooter.java:495)
2026-08-17 20:05:17 - [PAUSE-GEN] Attempting fallback generation for trajet 1...
2026-08-17 20:05:17 - [PAUSE-GEN] Fallback: generated 2 pauses for trajet 1
]]></system-out>
  </testcase>
  <testcase name="genererPauses_blankArrivalTime_returnsNull" classname="com.logiway.services.PauseReglementaireServiceImplTest" time="0.005">
    <system-out><![CDATA[2026-08-17 20:05:17 - [PAUSE-GEN] === DEBUT genererPauses pour trajet 1 ===
2026-08-17 20:05:17 - [PAUSE-GEN] Trajet 1 - Durée estimée: 300 minutes
2026-08-17 20:05:17 - [PAUSE-GEN] Trajet 1 duration is 300min (>= 3h), pauses will be generated
2026-08-17 20:05:17 - [PAUSE-GEN] Deleting all existing pauses for trajet 1
2026-08-17 20:05:17 - [PAUSE-GEN] Appel Flask AI à http://pause-ai.test/api/predict: {"trip_duration_minutes":300,"startLat":48.85,"trip_id":1,"endLat":45.75,"trip":{"geometrieItineraire":null,"longitudeDepart":2.35,"destination":"Lyon","latitudeDepart":48.85,"longitudeArrivee":4.85,"distanceKm":100.0,"id":1,"pointDepart":"Paris","latitudeArrivee":45.75,"dureeEstimeeMinutes":300},"startLon":2.35,"endLon":4.85,"departure_time":"2026-08-17T20:05:17.434651"}
2026-08-17 20:05:17 - [PAUSE-GEN] Réponse Flask AI: {"stops":[{"type":"parking","lonlat":[4.0,46.0],"arrivalTime":"  "}]}
2026-08-17 20:05:17 - [PAUSE-GEN] Received 1 pauses from simulator for trajet 1
2026-08-17 20:05:17 - [PAUSE-GEN] - Pause type: parking, distance: null m
2026-08-17 20:05:17 - [PAUSE-GEN] nb pauses saveAll(): 1
2026-08-17 20:05:17 - [PAUSE-GEN] Successfully saved 1 PauseReglementaire entities to database for trajet 1
2026-08-17 20:05:17 - [PAUSE-GEN] === FIN genererPauses pour trajet 1 ===
]]></system-out>
  </testcase>
  <testcase name="genererPauses_warningAlert_enforcesDurationZero" classname="com.logiway.services.PauseReglementaireServiceImplTest" time="0.005">
    <system-out><![CDATA[2026-08-17 20:05:17 - [PAUSE-GEN] === DEBUT genererPauses pour trajet 1 ===
2026-08-17 20:05:17 - [PAUSE-GEN] Trajet 1 - Durée estimée: 300 minutes
2026-08-17 20:05:17 - [PAUSE-GEN] Trajet 1 duration is 300min (>= 3h), pauses will be generated
2026-08-17 20:05:17 - [PAUSE-GEN] Deleting all existing pauses for trajet 1
2026-08-17 20:05:17 - [PAUSE-GEN] Appel Flask AI à http://pause-ai.test/api/predict: {"trip_duration_minutes":300,"startLat":48.85,"trip_id":1,"endLat":45.75,"trip":{"geometrieItineraire":null,"vehiculeId":1,"longitudeDepart":2.35,"destination":"Lyon","latitudeDepart":48.85,"longitudeArrivee":4.85,"distanceKm":100.0,"chauffeurId":10,"id":1,"pointDepart":"Paris","latitudeArrivee":45.75,"dureeEstimeeMinutes":300},"startLon":2.35,"endLon":4.85,"departure_time":"2026-08-17T20:05:17.439912900"}
2026-08-17 20:05:17 - [PAUSE-GEN] Réponse Flask AI: {"stops":[{"type":"warning_alert","lonlat":[4.0,46.0],"distanceAlongRouteM":500,"arrivalTime":"2026-08-10T11:00:00","durationSec":900,"resumeTime":"2026-08-10T11:15:00"}]}
2026-08-17 20:05:17 - [PAUSE-GEN] Received 1 pauses from simulator for trajet 1
2026-08-17 20:05:17 - [PAUSE-GEN] - Pause type: warning_alert, distance: 500 m
2026-08-17 20:05:17 - [PAUSE-GEN] nb pauses saveAll(): 1
2026-08-17 20:05:17 - [PAUSE-GEN] Successfully saved 1 PauseReglementaire entities to database for trajet 1
2026-08-17 20:05:17 - [PAUSE-GEN] === FIN genererPauses pour trajet 1 ===
2026-08-17 20:05:17 - [PAUSE-GEN] envoyerSSE("PAUSES_GENEREES", 1) to audience [10, 20]
]]></system-out>
  </testcase>
  <testcase name="genererPauses_durationExactly180_proceedsToFlask" classname="com.logiway.services.PauseReglementaireServiceImplTest" time="0.005">
    <system-out><![CDATA[2026-08-17 20:05:17 - [PAUSE-GEN] === DEBUT genererPauses pour trajet 1 ===
2026-08-17 20:05:17 - [PAUSE-GEN] Trajet 1 - Durée estimée: 180 minutes
2026-08-17 20:05:17 - [PAUSE-GEN] Trajet 1 duration is 180min (>= 3h), pauses will be generated
2026-08-17 20:05:17 - [PAUSE-GEN] Deleting all existing pauses for trajet 1
2026-08-17 20:05:17 - [PAUSE-GEN] Appel Flask AI à http://pause-ai.test/api/predict: {"trip_duration_minutes":180,"startLat":48.85,"trip_id":1,"endLat":45.75,"trip":{"geometrieItineraire":null,"longitudeDepart":2.35,"destination":"Lyon","latitudeDepart":48.85,"longitudeArrivee":4.85,"distanceKm":100.0,"id":1,"pointDepart":"Paris","latitudeArrivee":45.75,"dureeEstimeeMinutes":180},"startLon":2.35,"endLon":4.85,"departure_time":"2026-08-17T20:05:17.445887100"}
2026-08-17 20:05:17 - [PAUSE-GEN] Réponse Flask AI: {"stops":[]}
2026-08-17 20:05:17 - [PAUSE-GEN] No stops generated for trajet 1
]]></system-out>
  </testcase>
  <testcase name="getPausesForTrajet_superadmin_success" classname="com.logiway.services.PauseReglementaireServiceImplTest" time="0.002">
    <system-out><![CDATA[2026-08-17 20:05:17 - [PAUSE-GET] GET /api/trajets/1/pauses called by user 99 (role: SUPERADMIN)
2026-08-17 20:05:17 - [PAUSE-GET] SuperAdmin access granted for trajet 1
2026-08-17 20:05:17 - [PAUSE-GET] Returning 1 pauses for trajet 1
]]></system-out>
  </testcase>
  <testcase name="genererPausesFallback_warningAlertExists_skipsWarning" classname="com.logiway.services.PauseReglementaireServiceImplTest" time="0.006">
    <system-out><![CDATA[2026-08-17 20:05:17 - [PAUSE-GEN] === DEBUT genererPauses pour trajet 1 ===
2026-08-17 20:05:17 - [PAUSE-GEN] Trajet 1 - Durée estimée: 300 minutes
2026-08-17 20:05:17 - [PAUSE-GEN] Trajet 1 duration is 300min (>= 3h), pauses will be generated
2026-08-17 20:05:17 - [PAUSE-GEN] Deleting all existing pauses for trajet 1
2026-08-17 20:05:17 - [PAUSE-GEN] Appel Flask AI à http://pause-ai.test/api/predict: {"trip_duration_minutes":300,"startLat":48.85,"trip_id":1,"endLat":45.75,"trip":{"geometrieItineraire":"{\"coordinates\":[[2.35,48.85],[4.85,45.75]]}","longitudeDepart":2.35,"destination":"Lyon","latitudeDepart":48.85,"longitudeArrivee":4.85,"distanceKm":100.0,"id":1,"pointDepart":"Paris","latitudeArrivee":45.75,"dureeEstimeeMinutes":300},"startLon":2.35,"endLon":4.85,"departure_time":"2026-08-17T20:05:17.453275800"}
2026-08-17 20:05:17 - [PAUSE-GEN] Failed to generate pauses via Python for trajet 1: flask down
java.lang.RuntimeException: flask down
	at org.springframework.web.client.RestTemplate.postForEntity(RestTemplate.java:527)
	at com.logiway.services.impl.PauseReglementaireServiceImpl.genererPauses(PauseReglementaireServiceImpl.java:131)
	at com.logiway.services.PauseReglementaireServiceImplTest.genererPausesFallback_warningAlertExists_skipsWarning(PauseReglementaireServiceImplTest.java:1378)
	at java.base/jdk.internal.reflect.NativeMethodAccessorImpl.invoke0(Native Method)
	at java.base/jdk.internal.reflect.NativeMethodAccessorImpl.invoke(NativeMethodAccessorImpl.java:77)
	at java.base/jdk.internal.reflect.DelegatingMethodAccessorImpl.invoke(DelegatingMethodAccessorImpl.java:43)
	at java.base/java.lang.reflect.Method.invoke(Method.java:568)
	at org.junit.platform.commons.util.ReflectionUtils.invokeMethod(ReflectionUtils.java:728)
	at org.junit.jupiter.engine.execution.MethodInvocation.proceed(MethodInvocation.java:60)
	at org.junit.jupiter.engine.execution.InvocationInterceptorChain$ValidatingInvocation.proceed(InvocationInterceptorChain.java:131)
	at org.junit.jupiter.engine.extension.TimeoutExtension.intercept(TimeoutExtension.java:156)
	at org.junit.jupiter.engine.extension.TimeoutExtension.interceptTestableMethod(TimeoutExtension.java:147)
	at org.junit.jupiter.engine.extension.TimeoutExtension.interceptTestMethod(TimeoutExtension.java:86)
	at org.junit.jupiter.engine.execution.InterceptingExecutableInvoker$ReflectiveInterceptorCall.lambda$ofVoidMethod$0(InterceptingExecutableInvoker.java:103)
	at org.junit.jupiter.engine.execution.InterceptingExecutableInvoker.lambda$invoke$0(InterceptingExecutableInvoker.java:93)
	at org.junit.jupiter.engine.execution.InvocationInterceptorChain$InterceptedInvocation.proceed(InvocationInterceptorChain.java:106)
	at org.junit.jupiter.engine.execution.InvocationInterceptorChain.proceed(InvocationInterceptorChain.java:64)
	at org.junit.jupiter.engine.execution.InvocationInterceptorChain.chainAndInvoke(InvocationInterceptorChain.java:45)
	at org.junit.jupiter.engine.execution.InvocationInterceptorChain.invoke(InvocationInterceptorChain.java:37)
	at org.junit.jupiter.engine.execution.InterceptingExecutableInvoker.invoke(InterceptingExecutableInvoker.java:92)
	at org.junit.jupiter.engine.execution.InterceptingExecutableInvoker.invoke(InterceptingExecutableInvoker.java:86)
	at org.junit.jupiter.engine.descriptor.TestMethodTestDescriptor.lambda$invokeTestMethod$7(TestMethodTestDescriptor.java:218)
	at org.junit.platform.engine.support.hierarchical.ThrowableCollector.execute(ThrowableCollector.java:73)
	at org.junit.jupiter.engine.descriptor.TestMethodTestDescriptor.invokeTestMethod(TestMethodTestDescriptor.java:214)
	at org.junit.jupiter.engine.descriptor.TestMethodTestDescriptor.execute(TestMethodTestDescriptor.java:139)
	at org.junit.jupiter.engine.descriptor.TestMethodTestDescriptor.execute(TestMethodTestDescriptor.java:69)
	at org.junit.platform.engine.support.hierarchical.NodeTestTask.lambda$executeRecursively$6(NodeTestTask.java:151)
	at org.junit.platform.engine.support.hierarchical.ThrowableCollector.execute(ThrowableCollector.java:73)
	at org.junit.platform.engine.support.hierarchical.NodeTestTask.lambda$executeRecursively$8(NodeTestTask.java:141)
	at org.junit.platform.engine.support.hierarchical.Node.around(Node.java:137)
	at org.junit.platform.engine.support.hierarchical.NodeTestTask.lambda$executeRecursively$9(NodeTestTask.java:139)
	at org.junit.platform.engine.support.hierarchical.ThrowableCollector.execute(ThrowableCollector.java:73)
	at org.junit.platform.engine.support.hierarchical.NodeTestTask.executeRecursively(NodeTestTask.java:138)
	at org.junit.platform.engine.support.hierarchical.NodeTestTask.execute(NodeTestTask.java:95)
	at java.base/java.util.ArrayList.forEach(ArrayList.java:1511)
	at org.junit.platform.engine.support.hierarchical.SameThreadHierarchicalTestExecutorService.invokeAll(SameThreadHierarchicalTestExecutorService.java:41)
	at org.junit.platform.engine.support.hierarchical.NodeTestTask.lambda$executeRecursively$6(NodeTestTask.java:155)
	at org.junit.platform.engine.support.hierarchical.ThrowableCollector.execute(ThrowableCollector.java:73)
	at org.junit.platform.engine.support.hierarchical.NodeTestTask.lambda$executeRecursively$8(NodeTestTask.java:141)
	at org.junit.platform.engine.support.hierarchical.Node.around(Node.java:137)
	at org.junit.platform.engine.support.hierarchical.NodeTestTask.lambda$executeRecursively$9(NodeTestTask.java:139)
	at org.junit.platform.engine.support.hierarchical.ThrowableCollector.execute(ThrowableCollector.java:73)
	at org.junit.platform.engine.support.hierarchical.NodeTestTask.executeRecursively(NodeTestTask.java:138)
	at org.junit.platform.engine.support.hierarchical.NodeTestTask.execute(NodeTestTask.java:95)
	at java.base/java.util.ArrayList.forEach(ArrayList.java:1511)
	at org.junit.platform.engine.support.hierarchical.SameThreadHierarchicalTestExecutorService.invokeAll(SameThreadHierarchicalTestExecutorService.java:41)
	at org.junit.platform.engine.support.hierarchical.NodeTestTask.lambda$executeRecursively$6(NodeTestTask.java:155)
	at org.junit.platform.engine.support.hierarchical.ThrowableCollector.execute(ThrowableCollector.java:73)
	at org.junit.platform.engine.support.hierarchical.NodeTestTask.lambda$executeRecursively$8(NodeTestTask.java:141)
	at org.junit.platform.engine.support.hierarchical.Node.around(Node.java:137)
	at org.junit.platform.engine.support.hierarchical.NodeTestTask.lambda$executeRecursively$9(NodeTestTask.java:139)
	at org.junit.platform.engine.support.hierarchical.ThrowableCollector.execute(ThrowableCollector.java:73)
	at org.junit.platform.engine.support.hierarchical.NodeTestTask.executeRecursively(NodeTestTask.java:138)
	at org.junit.platform.engine.support.hierarchical.NodeTestTask.execute(NodeTestTask.java:95)
	at org.junit.platform.engine.support.hierarchical.SameThreadHierarchicalTestExecutorService.submit(SameThreadHierarchicalTestExecutorService.java:35)
	at org.junit.platform.engine.support.hierarchical.HierarchicalTestExecutor.execute(HierarchicalTestExecutor.java:57)
	at org.junit.platform.engine.support.hierarchical.HierarchicalTestEngine.execute(HierarchicalTestEngine.java:54)
	at org.junit.platform.launcher.core.EngineExecutionOrchestrator.execute(EngineExecutionOrchestrator.java:198)
	at org.junit.platform.launcher.core.EngineExecutionOrchestrator.execute(EngineExecutionOrchestrator.java:169)
	at org.junit.platform.launcher.core.EngineExecutionOrchestrator.execute(EngineExecutionOrchestrator.java:93)
	at org.junit.platform.launcher.core.EngineExecutionOrchestrator.lambda$execute$0(EngineExecutionOrchestrator.java:58)
	at org.junit.platform.launcher.core.EngineExecutionOrchestrator.withInterceptedStreams(EngineExecutionOrchestrator.java:141)
	at org.junit.platform.launcher.core.EngineExecutionOrchestrator.execute(EngineExecutionOrchestrator.java:57)
	at org.junit.platform.launcher.core.DefaultLauncher.execute(DefaultLauncher.java:103)
	at org.junit.platform.launcher.core.DefaultLauncher.execute(DefaultLauncher.java:85)
	at org.junit.platform.launcher.core.DelegatingLauncher.execute(DelegatingLauncher.java:47)
	at org.apache.maven.surefire.junitplatform.LazyLauncher.execute(LazyLauncher.java:56)
	at org.apache.maven.surefire.junitplatform.JUnitPlatformProvider.execute(JUnitPlatformProvider.java:184)
	at org.apache.maven.surefire.junitplatform.JUnitPlatformProvider.invokeAllTests(JUnitPlatformProvider.java:148)
	at org.apache.maven.surefire.junitplatform.JUnitPlatformProvider.invoke(JUnitPlatformProvider.java:122)
	at org.apache.maven.surefire.booter.ForkedBooter.runSuitesInProcess(ForkedBooter.java:385)
	at org.apache.maven.surefire.booter.ForkedBooter.execute(ForkedBooter.java:162)
	at org.apache.maven.surefire.booter.ForkedBooter.run(ForkedBooter.java:507)
	at org.apache.maven.surefire.booter.ForkedBooter.main(ForkedBooter.java:495)
2026-08-17 20:05:17 - [PAUSE-GEN] Attempting fallback generation for trajet 1...
2026-08-17 20:05:17 - [PAUSE-GEN] Fallback: generated 1 pauses for trajet 1
]]></system-out>
  </testcase>
  <testcase name="parseCoordinatesFromGeometry_featureCollectionEmptyFeatures" classname="com.logiway.services.PauseReglementaireServiceImplTest" time="0.001"/>
</testsuite>