TN:
SF:src\app\app.component.ts
FN:19,(anonymous_0)
FN:24,(anonymous_1)
FN:28,(anonymous_2)
FN:42,(anonymous_3)
FNF:4
FNH:4
FNDA:3,(anonymous_0)
FNDA:3,(anonymous_1)
FNDA:4,(anonymous_2)
FNDA:4,(anonymous_3)
DA:1,1
DA:2,1
DA:3,1
DA:4,1
DA:5,1
DA:6,1
DA:15,1
DA:16,3
DA:17,3
DA:20,3
DA:21,3
DA:26,3
DA:29,4
DA:31,2
DA:34,2
DA:39,3
DA:43,4
DA:44,4
DA:45,4
LF:19
LH:19
BRDA:29,0,0,2
BRDA:29,0,1,2
BRDA:29,1,0,4
BRDA:29,1,1,2
BRF:4
BRH:4
end_of_record
TN:
SF:src\app\core\auth.service.ts
FN:125,(anonymous_0)
FN:127,(anonymous_1)
FN:131,(anonymous_2)
FN:133,(anonymous_3)
FN:143,(anonymous_4)
FN:145,(anonymous_5)
FN:151,(anonymous_6)
FN:158,(anonymous_7)
FN:167,(anonymous_8)
FN:171,(anonymous_9)
FN:175,(anonymous_10)
FN:179,(anonymous_11)
FN:183,(anonymous_12)
FN:187,(anonymous_13)
FN:191,(anonymous_14)
FN:198,(anonymous_15)
FN:199,(anonymous_16)
FN:216,(anonymous_17)
FN:222,(anonymous_18)
FN:223,(anonymous_19)
FN:238,(anonymous_20)
FN:243,(anonymous_21)
FN:255,(anonymous_22)
FN:260,(anonymous_23)
FN:271,(anonymous_24)
FN:276,(anonymous_25)
FN:287,(anonymous_26)
FN:295,(anonymous_27)
FN:299,(anonymous_28)
FN:302,(anonymous_29)
FN:303,(anonymous_30)
FN:307,(anonymous_31)
FN:311,(anonymous_32)
FN:315,(anonymous_33)
FN:319,(anonymous_34)
FN:323,(anonymous_35)
FN:336,(anonymous_36)
FN:340,(anonymous_37)
FN:344,(anonymous_38)
FN:354,(anonymous_39)
FN:365,(anonymous_40)
FN:380,(anonymous_41)
FN:402,(anonymous_42)
FN:414,(anonymous_43)
FN:427,(anonymous_44)
FN:440,(anonymous_45)
FN:447,(anonymous_46)
FN:449,(anonymous_47)
FN:454,(anonymous_48)
FN:455,(anonymous_49)
FN:462,(anonymous_50)
FN:470,(anonymous_51)
FN:474,(anonymous_52)
FN:487,(anonymous_53)
FN:493,(anonymous_54)
FNF:55
FNH:55
FNDA:63,(anonymous_0)
FNDA:1,(anonymous_1)
FNDA:11,(anonymous_2)
FNDA:11,(anonymous_3)
FNDA:8,(anonymous_4)
FNDA:7,(anonymous_5)
FNDA:7,(anonymous_6)
FNDA:3,(anonymous_7)
FNDA:1,(anonymous_8)
FNDA:1,(anonymous_9)
FNDA:1,(anonymous_10)
FNDA:1,(anonymous_11)
FNDA:1,(anonymous_12)
FNDA:2,(anonymous_13)
FNDA:4,(anonymous_14)
FNDA:21,(anonymous_15)
FNDA:20,(anonymous_16)
FNDA:3,(anonymous_17)
FNDA:14,(anonymous_18)
FNDA:14,(anonymous_19)
FNDA:2,(anonymous_20)
FNDA:7,(anonymous_21)
FNDA:3,(anonymous_22)
FNDA:14,(anonymous_23)
FNDA:3,(anonymous_24)
FNDA:14,(anonymous_25)
FNDA:2,(anonymous_26)
FNDA:1,(anonymous_27)
FNDA:4,(anonymous_28)
FNDA:3,(anonymous_29)
FNDA:1,(anonymous_30)
FNDA:26,(anonymous_31)
FNDA:1,(anonymous_32)
FNDA:6,(anonymous_33)
FNDA:3,(anonymous_34)
FNDA:10,(anonymous_35)
FNDA:2,(anonymous_36)
FNDA:9,(anonymous_37)
FNDA:5,(anonymous_38)
FNDA:2,(anonymous_39)
FNDA:4,(anonymous_40)
FNDA:18,(anonymous_41)
FNDA:9,(anonymous_42)
FNDA:5,(anonymous_43)
FNDA:5,(anonymous_44)
FNDA:10,(anonymous_45)
FNDA:2,(anonymous_46)
FNDA:1,(anonymous_47)
FNDA:1,(anonymous_48)
FNDA:1,(anonymous_49)
FNDA:18,(anonymous_50)
FNDA:17,(anonymous_51)
FNDA:16,(anonymous_52)
FNDA:1,(anonymous_53)
FNDA:5,(anonymous_54)
DA:1,56
DA:2,56
DA:3,56
DA:4,56
DA:5,56
DA:6,56
DA:34,56
DA:35,63
DA:36,63
DA:37,63
DA:39,63
DA:40,63
DA:42,63
DA:123,63
DA:125,63
DA:128,1
DA:132,11
DA:134,11
DA:135,11
DA:136,11
DA:137,11
DA:138,11
DA:144,8
DA:146,7
DA:147,7
DA:148,7
DA:149,7
DA:152,7
DA:153,7
DA:159,3
DA:160,3
DA:161,1
DA:162,1
DA:163,1
DA:166,2
DA:168,1
DA:169,1
DA:171,1
DA:176,1
DA:180,1
DA:184,1
DA:188,2
DA:192,4
DA:193,4
DA:195,3
DA:197,3
DA:198,21
DA:200,20
DA:201,20
DA:202,3
DA:212,17
DA:217,3
DA:218,3
DA:219,2
DA:221,2
DA:222,14
DA:224,14
DA:225,14
DA:226,2
DA:234,12
DA:239,2
DA:240,2
DA:242,1
DA:243,1
DA:244,7
DA:245,7
DA:247,7
DA:248,7
DA:250,7
DA:252,1
DA:256,3
DA:257,3
DA:259,2
DA:260,2
DA:261,14
DA:262,2
DA:263,2
DA:264,2
DA:266,12
DA:268,2
DA:272,3
DA:273,3
DA:275,2
DA:276,2
DA:277,14
DA:278,2
DA:279,2
DA:280,2
DA:282,12
DA:284,2
DA:288,2
DA:289,2
DA:290,1
DA:291,1
DA:296,1
DA:300,4
DA:301,4
DA:302,3
DA:303,1
DA:308,26
DA:312,1
DA:316,6
DA:320,3
DA:324,10
DA:325,10
DA:326,1
DA:329,9
DA:330,6
DA:333,3
DA:337,2
DA:341,9
DA:345,5
DA:346,5
DA:347,5
DA:348,5
DA:349,5
DA:350,5
DA:355,2
DA:356,2
DA:357,1
DA:360,1
DA:361,1
DA:362,1
DA:366,4
DA:367,4
DA:368,4
DA:381,18
DA:382,18
DA:383,18
DA:384,18
DA:387,18
DA:403,9
DA:404,3
DA:407,6
DA:408,1
DA:411,5
DA:415,5
DA:416,5
DA:417,1
DA:420,4
DA:421,4
DA:428,5
DA:429,5
DA:430,0
DA:433,5
DA:434,5
DA:436,1
DA:441,10
DA:442,1
DA:444,9
DA:448,2
DA:452,1
DA:454,1
DA:456,1
DA:457,1
DA:463,18
DA:464,18
DA:465,1
DA:468,17
DA:469,17
DA:471,17
DA:475,16
DA:476,16
DA:477,1
DA:480,15
DA:481,15
DA:482,11
DA:485,4
DA:494,5
DA:495,5
DA:496,4
DA:497,3
LF:172
LH:171
BRDA:147,0,0,7
BRDA:147,0,1,2
BRDA:160,1,0,1
BRDA:188,2,0,2
BRDA:188,2,1,1
BRDA:193,3,0,1
BRDA:198,4,0,21
BRDA:198,4,1,20
BRDA:198,5,0,21
BRDA:198,5,1,1
BRDA:200,6,0,20
BRDA:200,6,1,1
BRDA:200,6,2,19
BRDA:201,7,0,3
BRDA:205,8,0,1
BRDA:205,8,1,2
BRDA:208,9,0,1
BRDA:208,9,1,2
BRDA:209,10,0,1
BRDA:209,10,1,2
BRDA:218,11,0,1
BRDA:222,12,0,14
BRDA:222,12,1,14
BRDA:222,13,0,14
BRDA:222,13,1,0
BRDA:224,14,0,14
BRDA:224,14,1,0
BRDA:224,14,2,14
BRDA:225,15,0,2
BRDA:225,16,0,14
BRDA:225,16,1,2
BRDA:240,17,0,1
BRDA:244,18,0,0
BRDA:244,18,1,7
BRDA:245,19,0,7
BRDA:247,20,0,0
BRDA:247,20,1,7
BRDA:248,21,0,7
BRDA:257,22,0,1
BRDA:261,23,0,2
BRDA:262,24,0,0
BRDA:262,24,1,2
BRDA:263,25,0,2
BRDA:273,26,0,1
BRDA:277,27,0,2
BRDA:278,28,0,0
BRDA:278,28,1,2
BRDA:279,29,0,2
BRDA:289,30,0,1
BRDA:320,31,0,3
BRDA:320,31,1,2
BRDA:325,32,0,1
BRDA:329,33,0,6
BRDA:333,34,0,3
BRDA:333,34,1,2
BRDA:341,35,0,9
BRDA:341,35,1,2
BRDA:346,36,0,5
BRDA:348,37,0,4
BRDA:348,37,1,1
BRDA:348,38,0,4
BRDA:348,38,1,3
BRDA:356,39,0,1
BRDA:366,40,0,2
BRDA:366,40,1,2
BRDA:375,41,0,3
BRDA:375,41,1,1
BRDA:381,42,0,2
BRDA:381,42,1,16
BRDA:382,43,0,18
BRDA:382,43,1,16
BRDA:384,44,0,13
BRDA:384,44,1,5
BRDA:389,45,0,18
BRDA:389,45,1,1
BRDA:389,46,0,18
BRDA:389,46,1,1
BRDA:389,47,0,18
BRDA:389,47,1,1
BRDA:390,48,0,18
BRDA:390,48,1,1
BRDA:391,49,0,18
BRDA:391,49,1,1
BRDA:398,50,0,14
BRDA:398,50,1,4
BRDA:403,51,0,3
BRDA:407,52,0,1
BRDA:416,53,0,1
BRDA:421,54,0,3
BRDA:421,54,1,1
BRDA:429,55,0,0
BRDA:441,56,0,1
BRDA:441,57,0,10
BRDA:441,57,1,9
BRDA:464,58,0,1
BRDA:464,59,0,18
BRDA:464,59,1,18
BRDA:476,60,0,1
BRDA:480,61,0,15
BRDA:480,61,1,11
BRDA:481,62,0,11
BRDA:481,63,0,15
BRDA:481,63,1,13
BRDA:494,64,0,5
BRDA:494,64,1,2
BRDA:495,65,0,1
BRDA:496,66,0,1
BRF:107
BRH:100
end_of_record
TN:
SF:src\app\core\guards\auth.guard.ts
FN:6,(anonymous_0)
FN:11,(anonymous_1)
FNF:2
FNH:2
FNDA:3,(anonymous_0)
FNDA:3,(anonymous_1)
DA:1,1
DA:2,1
DA:3,1
DA:4,1
DA:6,1
DA:7,3
DA:8,3
DA:10,3
DA:11,3
LF:9
LH:9
BRDA:11,0,0,2
BRDA:11,0,1,1
BRF:2
BRH:2
end_of_record
TN:
SF:src\app\core\guards\company.guard.ts
FN:8,(anonymous_0)
FN:14,(anonymous_1)
FN:24,(anonymous_2)
FN:46,normalizeCompanyStatus
FNF:4
FNH:4
FNDA:12,(anonymous_0)
FNDA:12,(anonymous_1)
FNDA:10,(anonymous_2)
FNDA:10,normalizeCompanyStatus
DA:1,1
DA:2,1
DA:3,1
DA:4,1
DA:5,1
DA:6,1
DA:8,1
DA:9,12
DA:10,12
DA:11,12
DA:13,12
DA:15,12
DA:16,1
DA:19,11
DA:20,1
DA:23,10
DA:25,10
DA:26,10
DA:27,10
DA:29,10
DA:31,10
DA:32,2
DA:35,8
DA:36,5
DA:39,3
DA:47,10
DA:48,1
DA:51,9
DA:52,9
DA:53,7
DA:54,3
DA:55,2
DA:56,1
LF:33
LH:33
BRDA:15,0,0,1
BRDA:19,1,0,1
BRDA:25,2,0,10
BRDA:25,2,1,0
BRDA:26,3,0,10
BRDA:26,3,1,2
BRDA:31,4,0,2
BRDA:35,5,0,5
BRDA:47,6,0,1
BRDA:52,7,0,2
BRDA:53,8,0,4
BRDA:54,9,0,1
BRDA:55,10,0,1
BRF:13
BRH:12
end_of_record
TN:
SF:src\app\core\guards\role.guard.ts
FN:6,(anonymous_0)
FN:12,(anonymous_1)
FNF:2
FNH:2
FNDA:7,(anonymous_0)
FNDA:7,(anonymous_1)
DA:1,1
DA:2,1
DA:3,1
DA:4,1
DA:6,1
DA:7,7
DA:8,7
DA:9,7
DA:11,7
DA:13,7
DA:14,1
DA:17,6
DA:18,3
DA:21,3
DA:22,2
DA:23,1
LF:16
LH:16
BRDA:9,0,0,7
BRDA:9,0,1,1
BRDA:13,1,0,1
BRDA:17,2,0,3
BRDA:17,3,0,6
BRDA:17,3,1,4
BRDA:21,4,0,1
BRDA:22,5,0,1
BRF:8
BRH:8
end_of_record
TN:
SF:src\app\core\helpers\date-helper.ts
FN:5,(anonymous_0)
FN:9,(anonymous_1)
FNF:2
FNH:2
FNDA:1,(anonymous_0)
FNDA:1,(anonymous_1)
DA:4,1
DA:6,1
DA:10,1
LF:3
LH:3
BRF:0
BRH:0
end_of_record
TN:
SF:src\app\core\interceptors\credentials.interceptor.ts
FN:3,(anonymous_0)
FNF:1
FNH:1
FNDA:2,(anonymous_0)
DA:3,1
DA:4,2
DA:5,2
LF:3
LH:3
BRF:0
BRH:0
end_of_record
TN:
SF:src\app\core\interceptors\error.interceptor.ts
FN:7,(anonymous_0)
FN:19,(anonymous_1)
FN:34,(anonymous_2)
FNF:3
FNH:3
FNDA:8,(anonymous_0)
FNDA:7,(anonymous_1)
FNDA:7,(anonymous_2)
DA:2,1
DA:3,1
DA:4,1
DA:5,1
DA:7,1
DA:8,8
DA:9,8
DA:10,8
DA:18,8
DA:20,7
DA:22,2
DA:23,1
DA:27,7
DA:28,3
DA:29,3
DA:30,2
DA:31,1
DA:34,7
LF:18
LH:18
BRDA:10,0,0,8
BRDA:10,0,1,7
BRDA:10,0,2,7
BRDA:10,0,3,6
BRDA:10,0,4,6
BRDA:10,0,5,6
BRDA:10,0,6,6
BRDA:20,1,0,2
BRDA:20,2,0,7
BRDA:20,2,1,3
BRDA:22,3,0,1
BRDA:27,4,0,3
BRDA:27,5,0,7
BRDA:27,5,1,4
BRDA:29,6,0,1
BRDA:29,6,1,2
BRDA:30,7,0,1
BRDA:30,7,1,1
BRF:18
BRH:18
end_of_record
TN:
SF:src\app\core\interceptors\jwt.interceptor.ts
FN:5,(anonymous_0)
FNF:1
FNH:1
FNDA:2,(anonymous_0)
DA:2,1
DA:3,1
DA:5,1
DA:6,2
DA:7,2
DA:9,2
DA:10,1
DA:13,1
DA:19,1
LF:9
LH:9
BRDA:9,0,0,1
BRF:1
BRH:1
end_of_record
TN:
SF:src\app\core\interceptors\token.interceptor.ts
FN:22,(anonymous_0)
FN:28,(anonymous_1)
FN:29,(anonymous_2)
FN:35,(anonymous_3)
FN:39,(anonymous_4)
FN:45,isPublicEndpoint
FN:46,(anonymous_6)
FN:49,handleTokenRefresh
FN:59,(anonymous_8)
FN:63,(anonymous_9)
FN:69,(anonymous_10)
FN:71,(anonymous_11)
FN:76,(anonymous_12)
FN:78,(anonymous_13)
FNF:14
FNH:14
FNDA:8,(anonymous_0)
FNDA:1,(anonymous_1)
FNDA:1,(anonymous_2)
FNDA:6,(anonymous_3)
FNDA:1,(anonymous_4)
FNDA:13,isPublicEndpoint
FNDA:85,(anonymous_6)
FNDA:5,handleTokenRefresh
FNDA:3,(anonymous_8)
FNDA:1,(anonymous_9)
FNDA:2,(anonymous_10)
FNDA:2,(anonymous_11)
FNDA:2,(anonymous_12)
FNDA:1,(anonymous_13)
DA:2,1
DA:3,1
DA:4,1
DA:5,1
DA:8,1
DA:9,1
DA:12,1
DA:22,1
DA:23,8
DA:26,8
DA:27,2
DA:29,1
DA:34,6
DA:36,6
DA:37,5
DA:39,1
DA:46,85
DA:54,5
DA:55,4
DA:56,4
DA:58,4
DA:60,3
DA:61,3
DA:62,1
DA:63,1
DA:66,2
DA:67,2
DA:70,2
DA:71,2
DA:75,1
DA:76,2
DA:78,1
LF:32
LH:32
BRDA:26,0,0,2
BRDA:36,1,0,5
BRDA:36,1,1,1
BRDA:36,2,0,6
BRDA:36,2,1,5
BRDA:54,3,0,4
BRDA:54,3,1,1
BRDA:61,4,0,1
BRF:8
BRH:8
end_of_record
TN:
SF:src\app\core\layout\chatbot\chatbot.component.ts
FN:38,(anonymous_0)
FN:40,(anonymous_1)
FN:47,(anonymous_2)
FN:54,(anonymous_3)
FN:61,(anonymous_4)
FN:71,(anonymous_5)
FN:76,(anonymous_6)
FN:87,(anonymous_7)
FN:96,(anonymous_8)
FNF:9
FNH:9
FNDA:11,(anonymous_0)
FNDA:11,(anonymous_1)
FNDA:13,(anonymous_2)
FNDA:2,(anonymous_3)
FNDA:5,(anonymous_4)
FNDA:2,(anonymous_5)
FNDA:1,(anonymous_6)
FNDA:1,(anonymous_7)
FNDA:1,(anonymous_8)
DA:1,2
DA:2,2
DA:3,2
DA:4,2
DA:5,2
DA:6,2
DA:7,2
DA:8,2
DA:29,2
DA:32,11
DA:33,11
DA:34,11
DA:35,11
DA:36,11
DA:38,11
DA:41,11
DA:48,13
DA:49,1
DA:50,1
DA:55,2
DA:56,2
DA:57,1
DA:62,5
DA:63,5
DA:65,3
DA:66,3
DA:67,3
DA:68,3
DA:70,3
DA:72,2
DA:73,2
DA:74,2
DA:77,1
DA:81,1
DA:82,1
DA:88,1
DA:89,1
DA:90,1
DA:96,1
LF:39
LH:39
BRDA:48,0,0,1
BRDA:56,1,0,1
BRDA:63,2,0,2
BRDA:63,3,0,5
BRDA:63,3,1,4
BRDA:89,4,0,1
BRF:6
BRH:6
end_of_record
TN:
SF:src\app\core\layout\footer\footer.component.ts
FNF:0
FNH:0
DA:1,2
DA:2,2
DA:11,2
LF:3
LH:3
BRF:0
BRH:0
end_of_record
TN:
SF:src\app\core\layout\main-layout\main-layout.component.ts
FN:38,(anonymous_0)
FN:32,(anonymous_1)
FN:43,(anonymous_2)
FN:44,(anonymous_3)
FNF:4
FNH:4
FNDA:3,(anonymous_0)
FNDA:3,(anonymous_1)
FNDA:22,(anonymous_2)
FNDA:2,(anonymous_3)
DA:1,1
DA:2,1
DA:3,1
DA:4,1
DA:5,1
DA:6,1
DA:7,1
DA:8,1
DA:9,1
DA:10,1
DA:11,1
DA:29,1
DA:30,3
DA:32,3
DA:36,3
DA:39,3
DA:40,3
DA:42,3
DA:43,22
DA:45,2
LF:20
LH:20
BRF:0
BRH:0
end_of_record
TN:
SF:src\app\core\layout\navbar\navbar.component.ts
FN:51,(anonymous_0)
FN:60,(anonymous_1)
FN:61,(anonymous_2)
FN:65,(anonymous_3)
FN:69,(anonymous_4)
FN:73,(anonymous_5)
FN:87,(anonymous_6)
FN:100,(anonymous_7)
FN:108,(anonymous_8)
FN:110,(anonymous_9)
FN:112,(anonymous_10)
FN:114,(anonymous_11)
FN:119,(anonymous_12)
FN:124,(anonymous_13)
FN:127,(anonymous_14)
FN:132,(anonymous_15)
FN:153,(anonymous_16)
FN:157,(anonymous_17)
FN:161,(anonymous_18)
FN:167,(anonymous_19)
FN:207,(anonymous_20)
FN:224,(anonymous_21)
FN:239,(anonymous_22)
FN:245,(anonymous_23)
FN:255,(anonymous_24)
FN:263,(anonymous_25)
FN:268,(anonymous_26)
FN:278,(anonymous_27)
FN:286,(anonymous_28)
FN:304,(anonymous_29)
FN:354,(anonymous_30)
FN:372,(anonymous_31)
FNF:32
FNH:32
FNDA:31,(anonymous_0)
FNDA:31,(anonymous_1)
FNDA:34,(anonymous_2)
FNDA:32,(anonymous_3)
FNDA:34,(anonymous_4)
FNDA:4,(anonymous_5)
FNDA:33,(anonymous_6)
FNDA:31,(anonymous_7)
FNDA:3,(anonymous_8)
FNDA:3,(anonymous_9)
FNDA:152,(anonymous_10)
FNDA:2,(anonymous_11)
FNDA:3,(anonymous_12)
FNDA:1,(anonymous_13)
FNDA:65,(anonymous_14)
FNDA:190,(anonymous_15)
FNDA:1,(anonymous_16)
FNDA:1,(anonymous_17)
FNDA:1,(anonymous_18)
FNDA:5,(anonymous_19)
FNDA:2,(anonymous_20)
FNDA:1,(anonymous_21)
FNDA:2,(anonymous_22)
FNDA:2,(anonymous_23)
FNDA:2,(anonymous_24)
FNDA:1,(anonymous_25)
FNDA:2,(anonymous_26)
FNDA:3,(anonymous_27)
FNDA:13,(anonymous_28)
FNDA:31,(anonymous_29)
FNDA:13,(anonymous_30)
FNDA:4,(anonymous_31)
DA:1,2
DA:2,2
DA:3,2
DA:4,2
DA:5,2
DA:6,2
DA:7,2
DA:8,2
DA:9,2
DA:10,2
DA:11,2
DA:12,2
DA:13,2
DA:14,2
DA:15,2
DA:16,2
DA:17,2
DA:36,2
DA:37,31
DA:40,31
DA:41,31
DA:42,31
DA:43,31
DA:49,31
DA:52,31
DA:53,31
DA:54,31
DA:55,31
DA:56,31
DA:57,31
DA:61,31
DA:62,34
DA:65,31
DA:66,32
DA:69,31
DA:70,34
DA:73,31
DA:74,4
DA:87,31
DA:88,33
DA:89,33
DA:90,1
DA:91,1
DA:92,1
DA:95,32
DA:101,31
DA:102,31
DA:103,31
DA:104,31
DA:105,31
DA:109,3
DA:111,3
DA:112,152
DA:114,2
DA:120,3
DA:121,1
DA:124,2
DA:128,65
DA:129,65
DA:133,190
DA:135,190
DA:136,1
DA:150,190
DA:154,1
DA:158,1
DA:162,1
DA:163,1
DA:164,1
DA:168,5
DA:169,1
DA:179,1
DA:182,4
DA:183,4
DA:184,1
DA:194,1
DA:197,3
DA:198,3
DA:202,3
DA:206,3
DA:208,2
DA:209,2
DA:211,2
DA:225,1
DA:240,2
DA:241,1
DA:246,2
DA:247,2
DA:248,1
DA:249,1
DA:251,1
DA:252,1
DA:256,2
DA:257,2
DA:258,2
DA:259,1
DA:264,1
DA:265,1
DA:267,1
DA:268,1
DA:269,2
DA:270,1
DA:274,1
DA:275,1
DA:279,3
DA:280,1
DA:283,2
DA:287,13
DA:288,1
DA:289,1
DA:290,1
DA:291,1
DA:292,1
DA:293,1
DA:294,1
DA:295,1
DA:296,1
DA:297,1
DA:298,1
DA:299,1
DA:300,1
DA:305,31
DA:306,5
DA:307,1
DA:308,1
DA:309,1
DA:310,1
DA:311,1
DA:315,26
DA:316,1
DA:318,4
DA:319,3
DA:320,2
DA:321,1
DA:322,1
DA:323,1
DA:325,5
DA:326,1
DA:327,1
DA:328,1
DA:329,1
DA:330,1
DA:333,5
DA:334,1
DA:335,1
DA:336,1
DA:337,1
DA:338,1
DA:343,6
DA:344,1
DA:345,2
DA:346,3
DA:348,1
DA:349,1
DA:350,1
DA:355,13
DA:356,1
DA:357,1
DA:358,1
DA:359,1
DA:360,1
DA:361,1
DA:362,1
DA:363,1
DA:364,1
DA:365,1
DA:366,1
DA:367,1
DA:368,1
DA:373,4
DA:374,1
DA:375,1
DA:376,1
DA:377,1
LF:173
LH:173
BRDA:70,0,0,1
BRDA:70,0,1,33
BRDA:70,1,0,33
BRDA:70,1,1,32
BRDA:89,2,0,1
BRDA:89,2,1,32
BRDA:112,3,0,1
BRDA:112,3,1,2
BRDA:120,4,0,1
BRDA:135,5,0,1
BRDA:135,6,0,190
BRDA:135,6,1,2
BRDA:168,7,0,1
BRDA:183,8,0,1
BRDA:202,9,0,2
BRDA:202,9,1,1
BRDA:216,10,0,1
BRDA:216,10,1,1
BRDA:217,11,0,1
BRDA:217,11,1,1
BRDA:220,12,0,1
BRDA:220,12,1,1
BRDA:240,13,0,1
BRDA:247,14,0,1
BRDA:258,15,0,1
BRDA:269,16,0,1
BRDA:279,17,0,1
BRDA:287,18,0,1
BRDA:287,18,1,1
BRDA:287,18,2,1
BRDA:287,18,3,1
BRDA:287,18,4,1
BRDA:287,18,5,1
BRDA:287,18,6,1
BRDA:287,18,7,1
BRDA:287,18,8,1
BRDA:287,18,9,1
BRDA:287,18,10,1
BRDA:287,18,11,1
BRDA:287,18,12,1
BRDA:305,19,0,5
BRDA:306,20,0,1
BRDA:306,20,1,1
BRDA:306,20,2,1
BRDA:306,20,3,1
BRDA:306,20,4,1
BRDA:315,21,0,1
BRDA:315,21,1,4
BRDA:315,21,2,1
BRDA:315,21,3,1
BRDA:315,21,4,5
BRDA:315,21,5,5
BRDA:315,21,6,3
BRDA:315,21,7,5
BRDA:315,21,8,6
BRDA:315,21,9,1
BRDA:315,21,10,1
BRDA:315,21,11,1
BRDA:318,22,0,1
BRDA:319,23,0,1
BRDA:320,24,0,1
BRDA:325,25,0,1
BRDA:325,25,1,1
BRDA:325,25,2,1
BRDA:325,25,3,1
BRDA:325,25,4,1
BRDA:333,26,0,1
BRDA:333,26,1,1
BRDA:333,26,2,1
BRDA:333,26,3,1
BRDA:333,26,4,1
BRDA:343,27,0,1
BRDA:343,27,1,2
BRDA:343,27,2,3
BRDA:355,28,0,1
BRDA:355,28,1,1
BRDA:355,28,2,1
BRDA:355,28,3,1
BRDA:355,28,4,1
BRDA:355,28,5,1
BRDA:355,28,6,1
BRDA:355,28,7,1
BRDA:355,28,8,1
BRDA:355,28,9,1
BRDA:355,28,10,1
BRDA:355,28,11,1
BRDA:355,28,12,1
BRDA:373,29,0,1
BRDA:373,29,1,1
BRDA:373,29,2,1
BRDA:373,29,3,1
BRF:91
BRH:91
end_of_record
TN:
SF:src\app\core\layout\sidebar\sidebar.component.ts
FN:31,(anonymous_0)
FN:33,(anonymous_1)
FN:38,(anonymous_2)
FN:42,(anonymous_3)
FNF:4
FNH:4
FNDA:8,(anonymous_0)
FNDA:9,(anonymous_1)
FNDA:18,(anonymous_2)
FNDA:8,(anonymous_3)
DA:1,2
DA:2,2
DA:3,2
DA:4,2
DA:5,2
DA:6,2
DA:7,2
DA:8,2
DA:9,2
DA:27,2
DA:31,8
DA:32,8
DA:33,8
DA:34,9
DA:39,18
DA:43,8
LF:16
LH:16
BRDA:39,0,0,18
BRDA:39,0,1,12
BRF:2
BRH:2
end_of_record
TN:
SF:src\app\core\services\admin-kpi.service.ts
FN:7,(anonymous_0)
FN:9,(anonymous_1)
FNF:2
FNH:2
FNDA:4,(anonymous_0)
FNDA:3,(anonymous_1)
DA:1,2
DA:2,2
DA:6,2
DA:7,4
DA:10,3
LF:5
LH:5
BRDA:9,0,0,2
BRF:1
BRH:1
end_of_record
TN:
SF:src\app\core\services\affectation.service.ts
FN:9,(anonymous_0)
FN:12,(anonymous_1)
FNF:2
FNH:2
FNDA:5,(anonymous_0)
FNDA:4,(anonymous_1)
DA:1,10
DA:2,10
DA:6,10
DA:7,5
DA:9,5
DA:13,4
DA:14,4
DA:15,4
LF:8
LH:8
BRF:0
BRH:0
end_of_record
TN:
SF:src\app\core\services\calendar.service.ts
FN:22,(anonymous_0)
FN:24,(anonymous_1)
FN:28,(anonymous_2)
FN:34,(anonymous_3)
FN:38,(anonymous_4)
FN:39,(anonymous_5)
FN:40,(anonymous_6)
FN:45,(anonymous_7)
FN:46,(anonymous_8)
FN:53,(anonymous_9)
FN:83,(anonymous_10)
FN:90,(anonymous_11)
FN:99,(anonymous_12)
FN:110,(anonymous_13)
FNF:14
FNH:14
FNDA:16,(anonymous_0)
FNDA:7,(anonymous_1)
FNDA:7,(anonymous_2)
FNDA:2,(anonymous_3)
FNDA:5,(anonymous_4)
FNDA:5,(anonymous_5)
FNDA:5,(anonymous_6)
FNDA:10,(anonymous_7)
FNDA:10,(anonymous_8)
FNDA:3,(anonymous_9)
FNDA:126,(anonymous_10)
FNDA:10,(anonymous_11)
FNDA:5,(anonymous_12)
FNDA:12,(anonymous_13)
DA:1,2
DA:2,2
DA:3,2
DA:17,2
DA:18,16
DA:19,16
DA:20,16
DA:22,16
DA:25,7
DA:29,7
DA:30,7
DA:31,7
DA:35,2
DA:39,5
DA:40,5
DA:41,5
DA:46,10
DA:54,3
DA:55,3
DA:56,3
DA:59,3
DA:62,3
DA:63,7
DA:64,7
DA:68,3
DA:69,91
DA:70,91
DA:74,3
DA:75,3
DA:76,28
DA:77,28
DA:80,3
DA:84,126
DA:85,126
DA:91,10
DA:92,10
DA:93,10
DA:94,10
DA:95,10
DA:96,10
DA:100,5
DA:111,12
LF:42
LH:42
BRDA:85,0,0,126
BRDA:85,0,1,4
BRDA:85,0,2,1
BRDA:92,1,0,7
BRDA:92,1,1,3
BRDA:96,2,0,10
BRDA:96,2,1,8
BRDA:106,3,0,1
BRDA:106,3,1,4
BRF:9
BRH:9
end_of_record
TN:
SF:src\app\core\services\chatbot.service.ts
FN:13,(anonymous_0)
FN:15,(anonymous_1)
FN:17,(anonymous_2)
FNF:3
FNH:3
FNDA:7,(anonymous_0)
FNDA:3,(anonymous_1)
FNDA:2,(anonymous_2)
DA:1,3
DA:2,3
DA:3,3
DA:10,3
DA:11,7
DA:13,7
DA:16,3
DA:17,2
LF:8
LH:8
BRF:0
BRH:0
end_of_record
TN:
SF:src\app\core\services\company.service.ts
FN:70,(anonymous_0)
FN:72,(anonymous_1)
FN:74,(anonymous_2)
FN:74,(anonymous_3)
FN:75,(anonymous_4)
FN:76,(anonymous_5)
FN:80,(anonymous_6)
FN:82,(anonymous_7)
FN:83,(anonymous_8)
FN:91,(anonymous_9)
FN:95,(anonymous_10)
FN:97,(anonymous_11)
FN:98,(anonymous_12)
FN:105,(anonymous_13)
FN:107,(anonymous_14)
FN:108,(anonymous_15)
FN:115,(anonymous_16)
FN:117,(anonymous_17)
FN:121,(anonymous_18)
FN:122,(anonymous_19)
FN:126,(anonymous_20)
FN:128,(anonymous_21)
FN:137,(anonymous_22)
FN:141,(anonymous_23)
FN:143,(anonymous_24)
FN:144,(anonymous_25)
FN:148,(anonymous_26)
FN:165,(anonymous_27)
FN:188,(anonymous_28)
FN:197,(anonymous_29)
FN:206,(anonymous_30)
FN:216,(anonymous_31)
FN:218,(anonymous_32)
FN:229,(anonymous_33)
FN:230,(anonymous_34)
FN:234,(anonymous_35)
FNF:36
FNH:36
FNDA:15,(anonymous_0)
FNDA:3,(anonymous_1)
FNDA:2,(anonymous_2)
FNDA:4,(anonymous_3)
FNDA:2,(anonymous_4)
FNDA:1,(anonymous_5)
FNDA:5,(anonymous_6)
FNDA:4,(anonymous_7)
FNDA:4,(anonymous_8)
FNDA:1,(anonymous_9)
FNDA:3,(anonymous_10)
FNDA:3,(anonymous_11)
FNDA:3,(anonymous_12)
FNDA:3,(anonymous_13)
FNDA:3,(anonymous_14)
FNDA:3,(anonymous_15)
FNDA:2,(anonymous_16)
FNDA:1,(anonymous_17)
FNDA:1,(anonymous_18)
FNDA:1,(anonymous_19)
FNDA:2,(anonymous_20)
FNDA:2,(anonymous_21)
FNDA:1,(anonymous_22)
FNDA:1,(anonymous_23)
FNDA:1,(anonymous_24)
FNDA:1,(anonymous_25)
FNDA:6,(anonymous_26)
FNDA:13,(anonymous_27)
FNDA:13,(anonymous_28)
FNDA:3,(anonymous_29)
FNDA:8,(anonymous_30)
FNDA:7,(anonymous_31)
FNDA:17,(anonymous_32)
FNDA:1,(anonymous_33)
FNDA:3,(anonymous_34)
FNDA:15,(anonymous_35)
DA:1,18
DA:2,18
DA:3,18
DA:4,18
DA:65,18
DA:66,15
DA:68,15
DA:70,15
DA:73,3
DA:74,4
DA:75,2
DA:76,1
DA:81,5
DA:82,4
DA:84,4
DA:85,2
DA:86,2
DA:89,2
DA:91,1
DA:96,3
DA:97,3
DA:99,3
DA:100,3
DA:106,3
DA:107,3
DA:109,3
DA:110,3
DA:116,2
DA:118,1
DA:119,1
DA:121,1
DA:122,1
DA:127,2
DA:129,2
DA:130,1
DA:132,1
DA:138,1
DA:142,1
DA:143,1
DA:144,1
DA:149,6
DA:166,13
DA:189,13
DA:190,2
DA:191,1
DA:192,2
DA:193,8
DA:198,3
DA:199,1
DA:200,0
DA:201,1
DA:202,1
DA:207,8
DA:208,0
DA:209,1
DA:210,1
DA:211,6
DA:212,0
DA:217,7
DA:218,17
DA:219,7
DA:220,4
DA:221,4
DA:224,3
DA:225,3
DA:226,3
DA:230,3
DA:231,1
DA:235,15
LF:69
LH:66
BRDA:82,0,0,2
BRDA:82,0,1,2
BRDA:84,1,0,2
BRDA:129,2,0,1
BRDA:154,3,0,3
BRDA:154,3,1,3
BRDA:155,4,0,6
BRDA:155,4,1,6
BRDA:155,4,2,5
BRDA:169,5,0,13
BRDA:169,5,1,13
BRDA:170,6,0,13
BRDA:170,6,1,13
BRDA:171,7,0,13
BRDA:171,7,1,13
BRDA:172,8,0,13
BRDA:172,8,1,13
BRDA:174,9,0,13
BRDA:174,9,1,0
BRDA:175,10,0,13
BRDA:175,10,1,13
BRDA:176,11,0,13
BRDA:176,11,1,13
BRDA:177,12,0,13
BRDA:177,12,1,13
BRDA:178,13,0,13
BRDA:178,13,1,13
BRDA:179,14,0,13
BRDA:179,14,1,13
BRDA:180,15,0,13
BRDA:180,15,1,13
BRDA:181,16,0,13
BRDA:181,16,1,13
BRDA:182,17,0,13
BRDA:182,17,1,13
BRDA:183,18,0,13
BRDA:183,18,1,13
BRDA:184,19,0,13
BRDA:184,19,1,13
BRDA:189,20,0,2
BRDA:189,20,1,1
BRDA:189,20,2,2
BRDA:189,20,3,8
BRDA:198,21,0,1
BRDA:198,21,1,0
BRDA:198,21,2,1
BRDA:198,21,3,1
BRDA:207,22,0,0
BRDA:207,22,1,1
BRDA:207,22,2,1
BRDA:207,22,3,6
BRDA:207,22,4,0
BRDA:219,23,0,4
BRF:53
BRH:49
end_of_record
TN:
SF:src\app\core\services\fleet.service.ts
FN:118,(anonymous_0)
FN:123,(anonymous_1)
FN:125,(anonymous_2)
FN:125,(anonymous_3)
FN:126,(anonymous_4)
FN:129,(anonymous_5)
FN:133,(anonymous_6)
FN:135,(anonymous_7)
FN:139,(anonymous_8)
FN:141,(anonymous_9)
FN:145,(anonymous_10)
FN:147,(anonymous_11)
FN:151,(anonymous_12)
FN:153,(anonymous_13)
FN:157,(anonymous_14)
FN:159,(anonymous_15)
FN:163,(anonymous_16)
FN:165,(anonymous_17)
FN:169,(anonymous_18)
FN:173,(anonymous_19)
FN:175,(anonymous_20)
FN:175,(anonymous_21)
FN:181,(anonymous_22)
FN:185,(anonymous_23)
FN:187,(anonymous_24)
FN:188,(anonymous_25)
FN:188,(anonymous_26)
FN:189,(anonymous_27)
FN:192,(anonymous_28)
FN:196,(anonymous_29)
FN:198,(anonymous_30)
FN:203,(anonymous_31)
FN:212,(anonymous_32)
FN:214,(anonymous_33)
FN:215,(anonymous_34)
FN:218,(anonymous_35)
FN:220,(anonymous_36)
FN:220,(anonymous_37)
FN:224,(anonymous_38)
FN:230,(anonymous_39)
FN:234,(anonymous_40)
FN:242,(anonymous_41)
FN:255,(anonymous_42)
FN:266,(anonymous_43)
FN:273,(anonymous_44)
FN:280,(anonymous_45)
FN:313,(anonymous_46)
FN:330,(anonymous_47)
FN:332,(anonymous_48)
FN:336,(anonymous_49)
FN:338,(anonymous_50)
FN:338,(anonymous_51)
FN:368,(anonymous_52)
FN:375,(anonymous_53)
FN:377,(anonymous_54)
FN:381,(anonymous_55)
FN:427,(anonymous_56)
FN:445,(anonymous_57)
FN:448,(anonymous_58)
FN:449,(anonymous_59)
FN:456,(anonymous_60)
FN:457,(anonymous_61)
FN:463,(anonymous_62)
FN:464,(anonymous_63)
FN:468,(anonymous_64)
FN:469,(anonymous_65)
FN:471,(anonymous_66)
FN:475,(anonymous_67)
FN:492,(anonymous_68)
FN:506,(anonymous_69)
FN:516,(anonymous_70)
FN:520,(anonymous_71)
FN:571,(anonymous_72)
FN:585,(anonymous_73)
FN:595,(anonymous_74)
FNF:75
FNH:75
FNDA:91,(anonymous_0)
FNDA:24,(anonymous_1)
FNDA:15,(anonymous_2)
FNDA:20,(anonymous_3)
FNDA:15,(anonymous_4)
FNDA:9,(anonymous_5)
FNDA:3,(anonymous_6)
FNDA:2,(anonymous_7)
FNDA:1,(anonymous_8)
FNDA:1,(anonymous_9)
FNDA:1,(anonymous_10)
FNDA:1,(anonymous_11)
FNDA:1,(anonymous_12)
FNDA:1,(anonymous_13)
FNDA:1,(anonymous_14)
FNDA:1,(anonymous_15)
FNDA:1,(anonymous_16)
FNDA:1,(anonymous_17)
FNDA:1,(anonymous_18)
FNDA:2,(anonymous_19)
FNDA:1,(anonymous_20)
FNDA:1,(anonymous_21)
FNDA:1,(anonymous_22)
FNDA:15,(anonymous_23)
FNDA:13,(anonymous_24)
FNDA:13,(anonymous_25)
FNDA:28,(anonymous_26)
FNDA:13,(anonymous_27)
FNDA:2,(anonymous_28)
FNDA:1,(anonymous_29)
FNDA:1,(anonymous_30)
FNDA:9,(anonymous_31)
FNDA:2,(anonymous_32)
FNDA:3,(anonymous_33)
FNDA:2,(anonymous_34)
FNDA:1,(anonymous_35)
FNDA:1,(anonymous_36)
FNDA:1,(anonymous_37)
FNDA:3,(anonymous_38)
FNDA:1,(anonymous_39)
FNDA:9,(anonymous_40)
FNDA:9,(anonymous_41)
FNDA:2,(anonymous_42)
FNDA:6,(anonymous_43)
FNDA:3,(anonymous_44)
FNDA:27,(anonymous_45)
FNDA:27,(anonymous_46)
FNDA:2,(anonymous_47)
FNDA:2,(anonymous_48)
FNDA:3,(anonymous_49)
FNDA:2,(anonymous_50)
FNDA:2,(anonymous_51)
FNDA:1,(anonymous_52)
FNDA:2,(anonymous_53)
FNDA:1,(anonymous_54)
FNDA:45,(anonymous_55)
FNDA:47,(anonymous_56)
FNDA:17,(anonymous_57)
FNDA:16,(anonymous_58)
FNDA:1,(anonymous_59)
FNDA:2,(anonymous_60)
FNDA:1,(anonymous_61)
FNDA:1,(anonymous_62)
FNDA:1,(anonymous_63)
FNDA:2,(anonymous_64)
FNDA:1,(anonymous_65)
FNDA:1,(anonymous_66)
FNDA:4,(anonymous_67)
FNDA:19,(anonymous_68)
FNDA:18,(anonymous_69)
FNDA:2,(anonymous_70)
FNDA:20,(anonymous_71)
FNDA:5,(anonymous_72)
FNDA:20,(anonymous_73)
FNDA:19,(anonymous_74)
DA:1,22
DA:2,22
DA:3,22
DA:4,22
DA:5,22
DA:109,22
DA:110,91
DA:111,91
DA:112,91
DA:114,91
DA:116,91
DA:119,91
DA:120,91
DA:124,24
DA:125,20
DA:127,15
DA:129,9
DA:134,3
DA:135,2
DA:140,1
DA:141,1
DA:146,1
DA:147,1
DA:152,1
DA:153,1
DA:158,1
DA:159,1
DA:164,1
DA:165,1
DA:170,1
DA:174,2
DA:175,1
DA:181,1
DA:186,15
DA:187,13
DA:188,28
DA:190,13
DA:192,2
DA:197,1
DA:199,1
DA:203,1
DA:204,9
DA:205,9
DA:207,1
DA:213,2
DA:214,3
DA:215,2
DA:219,1
DA:220,1
DA:225,3
DA:226,1
DA:229,2
DA:230,1
DA:235,9
DA:236,8
DA:239,1
DA:243,9
DA:244,9
DA:245,1
DA:248,8
DA:249,1
DA:252,7
DA:253,3
DA:254,3
DA:255,2
DA:256,1
DA:257,1
DA:262,2
DA:265,4
DA:266,6
DA:267,4
DA:268,1
DA:271,3
DA:272,3
DA:273,3
DA:277,1
DA:281,27
DA:282,27
DA:283,27
DA:284,27
DA:285,27
DA:286,27
DA:287,27
DA:290,27
DA:291,27
DA:293,27
DA:314,27
DA:316,21
DA:318,1
DA:320,1
DA:322,4
DA:331,2
DA:332,2
DA:337,3
DA:338,2
DA:368,1
DA:376,2
DA:377,1
DA:382,45
DA:383,45
DA:384,45
DA:428,47
DA:430,7
DA:432,1
DA:435,6
DA:437,2
DA:439,1
DA:441,30
DA:446,17
DA:447,17
DA:448,16
DA:450,1
DA:451,1
DA:457,2
DA:458,2
DA:459,1
DA:461,2
DA:462,2
DA:463,1
DA:464,1
DA:469,2
DA:470,2
DA:471,1
DA:476,4
DA:477,4
DA:478,1
DA:481,3
DA:482,2
DA:489,1
DA:493,19
DA:507,18
DA:508,2
DA:511,16
DA:512,16
DA:513,14
DA:516,2
DA:517,2
DA:521,20
DA:522,1
DA:525,19
DA:526,19
DA:527,19
DA:528,15
DA:531,4
DA:532,4
DA:533,1
DA:534,1
DA:535,1
DA:539,3
DA:554,3
DA:558,3
DA:559,2
DA:560,2
DA:561,2
DA:562,2
DA:563,2
DA:564,2
DA:568,1
DA:572,5
DA:573,1
DA:576,4
DA:577,4
DA:578,4
DA:579,4
DA:580,4
DA:581,4
DA:582,4
DA:586,20
DA:587,20
DA:588,20
DA:589,20
DA:590,20
DA:591,20
DA:592,20
DA:596,19
DA:598,12
DA:603,2
DA:605,3
DA:607,2
LF:179
LH:179
BRDA:177,0,0,1
BRDA:177,0,1,0
BRDA:178,1,0,1
BRDA:178,1,1,0
BRDA:179,2,0,1
BRDA:179,2,1,0
BRDA:187,3,0,12
BRDA:187,3,1,1
BRDA:187,4,0,1
BRDA:187,4,1,0
BRDA:225,5,0,1
BRDA:235,6,0,8
BRDA:244,7,0,1
BRDA:248,8,0,1
BRDA:252,9,0,3
BRDA:253,10,0,3
BRDA:253,10,1,2
BRDA:253,10,2,2
BRDA:254,11,0,1
BRDA:255,12,0,2
BRDA:255,12,1,0
BRDA:256,13,0,1
BRDA:265,14,0,4
BRDA:266,15,0,6
BRDA:266,15,1,1
BRDA:266,16,0,6
BRDA:266,16,1,0
BRDA:267,17,0,1
BRDA:271,18,0,3
BRDA:271,18,1,1
BRDA:271,19,0,3
BRDA:271,19,1,1
BRDA:272,20,0,2
BRDA:273,21,0,3
BRDA:273,21,1,0
BRDA:283,22,0,27
BRDA:283,22,1,6
BRDA:283,22,2,5
BRDA:284,23,0,27
BRDA:284,23,1,27
BRDA:284,23,2,26
BRDA:285,24,0,27
BRDA:285,24,1,27
BRDA:285,24,2,26
BRDA:286,25,0,27
BRDA:286,25,1,6
BRDA:286,25,2,5
BRDA:286,25,3,4
BRDA:287,26,0,27
BRDA:287,26,1,6
BRDA:287,26,2,5
BRDA:288,27,0,1
BRDA:288,27,1,5
BRDA:288,28,0,1
BRDA:288,28,1,0
BRDA:288,29,0,1
BRDA:288,29,1,0
BRDA:290,30,0,27
BRDA:290,30,1,27
BRDA:291,31,0,27
BRDA:291,31,1,27
BRDA:294,32,0,27
BRDA:294,32,1,0
BRDA:295,33,0,27
BRDA:295,33,1,2
BRDA:295,33,2,1
BRDA:296,34,0,27
BRDA:296,34,1,1
BRDA:296,34,2,1
BRDA:298,35,0,22
BRDA:298,35,1,5
BRDA:299,36,0,1
BRDA:299,36,1,26
BRDA:300,37,0,22
BRDA:300,37,1,5
BRDA:302,38,0,23
BRDA:302,38,1,4
BRDA:305,39,0,27
BRDA:305,39,1,5
BRDA:306,40,0,27
BRDA:306,40,1,5
BRDA:307,41,0,27
BRDA:307,41,1,26
BRDA:307,41,2,25
BRDA:314,42,0,21
BRDA:314,42,1,1
BRDA:314,42,2,1
BRDA:314,42,3,4
BRDA:314,43,0,27
BRDA:314,43,1,2
BRDA:322,44,0,4
BRDA:322,44,1,2
BRDA:339,45,0,2
BRDA:339,45,1,0
BRDA:340,46,0,2
BRDA:340,46,1,0
BRDA:341,47,0,2
BRDA:341,47,1,0
BRDA:342,48,0,2
BRDA:342,48,1,0
BRDA:343,49,0,2
BRDA:343,49,1,0
BRDA:344,50,0,2
BRDA:344,50,1,1
BRDA:345,51,0,2
BRDA:345,51,1,1
BRDA:346,52,0,2
BRDA:346,52,1,1
BRDA:347,53,0,2
BRDA:347,53,1,1
BRDA:348,54,0,2
BRDA:348,54,1,1
BRDA:350,55,0,1
BRDA:350,55,1,1
BRDA:351,56,0,2
BRDA:351,56,1,1
BRDA:352,57,0,2
BRDA:352,57,1,1
BRDA:353,58,0,2
BRDA:353,58,1,1
BRDA:354,59,0,2
BRDA:354,59,1,1
BRDA:355,60,0,2
BRDA:355,60,1,1
BRDA:356,61,0,2
BRDA:356,61,1,1
BRDA:357,62,0,1
BRDA:357,62,1,1
BRDA:358,63,0,2
BRDA:358,63,1,1
BRDA:359,64,0,2
BRDA:359,64,1,1
BRDA:360,65,0,2
BRDA:360,65,1,1
BRDA:361,66,0,2
BRDA:361,66,1,1
BRDA:362,67,0,2
BRDA:362,67,1,1
BRDA:363,68,0,2
BRDA:363,68,1,1
BRDA:364,69,0,2
BRDA:364,69,1,1
BRDA:365,70,0,2
BRDA:365,70,1,1
BRDA:366,71,0,2
BRDA:366,71,1,1
BRDA:382,72,0,8
BRDA:382,72,1,37
BRDA:383,73,0,6
BRDA:383,73,1,39
BRDA:385,74,0,45
BRDA:385,74,1,15
BRDA:386,75,0,8
BRDA:386,75,1,37
BRDA:393,76,0,6
BRDA:393,76,1,39
BRDA:400,77,0,45
BRDA:400,77,1,37
BRDA:401,78,0,45
BRDA:401,78,1,39
BRDA:402,79,0,45
BRDA:402,79,1,39
BRDA:402,79,2,39
BRDA:402,79,3,39
BRDA:403,80,0,7
BRDA:403,80,1,38
BRDA:404,81,0,45
BRDA:404,81,1,39
BRDA:404,81,2,39
BRDA:405,82,0,45
BRDA:405,82,1,36
BRDA:406,83,0,45
BRDA:406,83,1,36
BRDA:407,84,0,9
BRDA:407,84,1,36
BRDA:408,85,0,9
BRDA:408,85,1,0
BRDA:408,86,0,9
BRDA:408,86,1,0
BRDA:409,87,0,36
BRDA:409,87,1,35
BRDA:410,88,0,9
BRDA:410,88,1,36
BRDA:411,89,0,9
BRDA:411,89,1,0
BRDA:411,90,0,9
BRDA:411,90,1,0
BRDA:412,91,0,36
BRDA:412,91,1,35
BRDA:415,92,0,45
BRDA:415,92,1,36
BRDA:415,92,2,35
BRDA:416,93,0,45
BRDA:416,93,1,45
BRDA:416,93,2,38
BRDA:418,94,0,45
BRDA:418,94,1,39
BRDA:419,95,0,45
BRDA:419,95,1,39
BRDA:420,96,0,45
BRDA:420,96,1,39
BRDA:421,97,0,45
BRDA:421,97,1,45
BRDA:422,98,0,45
BRDA:422,98,1,45
BRDA:423,99,0,45
BRDA:423,99,1,45
BRDA:428,100,0,7
BRDA:428,100,1,1
BRDA:428,100,2,5
BRDA:428,100,3,6
BRDA:428,100,4,2
BRDA:428,100,5,1
BRDA:428,100,6,30
BRDA:428,101,0,47
BRDA:428,101,1,29
BRDA:441,102,0,30
BRDA:441,102,1,29
BRDA:458,103,0,1
BRDA:461,104,0,2
BRDA:461,104,1,1
BRDA:477,105,0,1
BRDA:481,106,0,2
BRDA:497,107,0,0
BRDA:497,107,1,19
BRDA:498,108,0,18
BRDA:498,108,1,1
BRDA:499,109,0,1
BRDA:499,109,1,18
BRDA:500,110,0,18
BRDA:500,110,1,1
BRDA:502,111,0,19
BRDA:502,111,1,19
BRDA:507,112,0,2
BRDA:512,113,0,14
BRDA:512,114,0,16
BRDA:512,114,1,14
BRDA:516,115,0,2
BRDA:516,115,1,1
BRDA:517,116,0,1
BRDA:517,116,1,1
BRDA:521,117,0,1
BRDA:527,118,0,15
BRDA:532,119,0,1
BRDA:534,120,0,1
BRDA:558,121,0,2
BRDA:562,122,0,2
BRDA:562,122,1,0
BRDA:562,122,2,0
BRDA:563,123,0,2
BRDA:572,124,0,1
BRDA:576,125,0,4
BRDA:576,125,1,1
BRDA:578,126,0,4
BRDA:578,126,1,0
BRDA:579,127,0,4
BRDA:579,127,1,1
BRDA:581,128,0,3
BRDA:581,128,1,1
BRDA:581,129,0,4
BRDA:581,129,1,0
BRDA:596,130,0,12
BRDA:596,130,1,1
BRDA:596,130,2,1
BRDA:596,130,3,2
BRDA:596,130,4,2
BRDA:596,130,5,3
BRDA:596,130,6,2
BRDA:596,131,0,19
BRDA:596,131,1,0
BRF:270
BRH:245
end_of_record
TN:
SF:src\app\core\services\leave.service.ts
FN:80,(anonymous_0)
FN:82,(anonymous_1)
FN:84,(anonymous_2)
FN:84,(anonymous_3)
FN:85,(anonymous_4)
FN:89,(anonymous_5)
FN:91,(anonymous_6)
FN:91,(anonymous_7)
FN:95,(anonymous_8)
FN:97,(anonymous_9)
FN:101,(anonymous_10)
FN:103,(anonymous_11)
FN:107,(anonymous_12)
FN:109,(anonymous_13)
FN:113,(anonymous_14)
FN:115,(anonymous_15)
FN:119,(anonymous_16)
FN:123,(anonymous_17)
FN:132,(anonymous_18)
FN:168,(anonymous_19)
FN:177,(anonymous_20)
FN:187,(anonymous_21)
FN:191,(anonymous_22)
FN:195,(anonymous_23)
FN:202,(anonymous_24)
FNF:25
FNH:24
FNDA:48,(anonymous_0)
FNDA:8,(anonymous_1)
FNDA:7,(anonymous_2)
FNDA:8,(anonymous_3)
FNDA:1,(anonymous_4)
FNDA:1,(anonymous_5)
FNDA:1,(anonymous_6)
FNDA:2,(anonymous_7)
FNDA:1,(anonymous_8)
FNDA:1,(anonymous_9)
FNDA:1,(anonymous_10)
FNDA:1,(anonymous_11)
FNDA:2,(anonymous_12)
FNDA:2,(anonymous_13)
FNDA:1,(anonymous_14)
FNDA:1,(anonymous_15)
FNDA:1,(anonymous_16)
FNDA:2,(anonymous_17)
FNDA:13,(anonymous_18)
FNDA:13,(anonymous_19)
FNDA:13,(anonymous_20)
FNDA:2,(anonymous_21)
FNDA:26,(anonymous_22)
FNDA:1,(anonymous_23)
FNDA:0,(anonymous_24)
DA:1,11
DA:2,11
DA:3,11
DA:77,11
DA:78,48
DA:80,48
DA:83,8
DA:84,8
DA:85,1
DA:90,1
DA:91,2
DA:96,1
DA:97,1
DA:102,1
DA:103,1
DA:108,2
DA:109,2
DA:114,1
DA:115,1
DA:120,1
DA:124,2
DA:133,13
DA:134,13
DA:135,13
DA:137,13
DA:169,13
DA:170,0
DA:171,0
DA:172,13
DA:173,0
DA:178,13
DA:179,10
DA:180,2
DA:181,1
DA:182,0
DA:183,0
DA:188,2
DA:192,26
DA:196,1
DA:197,1
DA:198,1
DA:199,1
DA:203,0
DA:204,0
DA:207,0
LF:45
LH:37
BRDA:107,0,0,1
BRDA:113,1,0,0
BRDA:126,2,0,1
BRDA:126,2,1,1
BRDA:127,3,0,1
BRDA:127,3,1,1
BRDA:133,4,0,13
BRDA:133,4,1,0
BRDA:134,5,0,13
BRDA:134,5,1,0
BRDA:139,6,0,13
BRDA:139,6,1,0
BRDA:141,7,0,13
BRDA:141,7,1,0
BRDA:143,8,0,13
BRDA:143,8,1,0
BRDA:144,9,0,13
BRDA:144,9,1,0
BRDA:145,10,0,13
BRDA:145,10,1,0
BRDA:146,11,0,13
BRDA:146,11,1,13
BRDA:147,12,0,13
BRDA:147,12,1,13
BRDA:148,13,0,13
BRDA:148,13,1,13
BRDA:155,14,0,13
BRDA:155,14,1,1
BRDA:156,15,0,13
BRDA:156,15,1,0
BRDA:159,16,0,13
BRDA:159,16,1,13
BRDA:160,17,0,13
BRDA:160,17,1,0
BRDA:161,18,0,13
BRDA:161,18,1,13
BRDA:169,19,0,0
BRDA:169,19,1,0
BRDA:169,19,2,13
BRDA:169,19,3,0
BRDA:178,20,0,10
BRDA:178,20,1,2
BRDA:178,20,2,1
BRDA:178,20,3,0
BRDA:178,20,4,0
BRDA:203,21,0,0
BRF:46
BRH:30
end_of_record
TN:
SF:src\app\core\services\messenger.service.ts
FN:126,(anonymous_0)
FN:128,(anonymous_1)
FN:135,(anonymous_2)
FN:136,(anonymous_3)
FN:143,(anonymous_4)
FN:150,(anonymous_5)
FN:152,(anonymous_6)
FN:154,(anonymous_7)
FN:162,(anonymous_8)
FN:169,(anonymous_9)
FN:170,(anonymous_10)
FN:172,(anonymous_11)
FN:176,(anonymous_12)
FN:181,(anonymous_13)
FN:182,(anonymous_14)
FN:183,(anonymous_15)
FN:184,(anonymous_16)
FN:189,(anonymous_17)
FN:195,(anonymous_18)
FN:196,(anonymous_19)
FN:197,(anonymous_20)
FN:198,(anonymous_21)
FN:203,(anonymous_22)
FN:212,(anonymous_23)
FN:213,(anonymous_24)
FN:214,(anonymous_25)
FN:215,(anonymous_26)
FN:220,(anonymous_27)
FN:222,(anonymous_28)
FN:223,(anonymous_29)
FN:227,(anonymous_30)
FN:229,(anonymous_31)
FN:233,(anonymous_32)
FN:235,(anonymous_33)
FN:236,(anonymous_34)
FN:240,(anonymous_35)
FN:242,(anonymous_36)
FN:246,(anonymous_37)
FN:248,(anonymous_38)
FN:252,(anonymous_39)
FN:259,(anonymous_40)
FN:259,(anonymous_41)
FN:260,(anonymous_42)
FN:262,(anonymous_43)
FN:269,(anonymous_44)
FN:284,(anonymous_45)
FN:288,(anonymous_46)
FN:292,(anonymous_47)
FN:296,(anonymous_48)
FN:300,(anonymous_49)
FN:313,(anonymous_50)
FN:330,(anonymous_51)
FN:334,(anonymous_52)
FN:338,(anonymous_53)
FN:343,(anonymous_54)
FN:348,(anonymous_55)
FN:349,(anonymous_56)
FN:361,(anonymous_57)
FN:362,(anonymous_58)
FN:369,(anonymous_59)
FN:379,(anonymous_60)
FNF:61
FNH:55
FNDA:21,(anonymous_0)
FNDA:5,(anonymous_1)
FNDA:4,(anonymous_2)
FNDA:1,(anonymous_3)
FNDA:16,(anonymous_4)
FNDA:15,(anonymous_5)
FNDA:4,(anonymous_6)
FNDA:1,(anonymous_7)
FNDA:2,(anonymous_8)
FNDA:1,(anonymous_9)
FNDA:2,(anonymous_10)
FNDA:1,(anonymous_11)
FNDA:2,(anonymous_12)
FNDA:1,(anonymous_13)
FNDA:1,(anonymous_14)
FNDA:1,(anonymous_15)
FNDA:1,(anonymous_16)
FNDA:1,(anonymous_17)
FNDA:1,(anonymous_18)
FNDA:1,(anonymous_19)
FNDA:0,(anonymous_20)
FNDA:0,(anonymous_21)
FNDA:2,(anonymous_22)
FNDA:2,(anonymous_23)
FNDA:2,(anonymous_24)
FNDA:0,(anonymous_25)
FNDA:0,(anonymous_26)
FNDA:1,(anonymous_27)
FNDA:1,(anonymous_28)
FNDA:1,(anonymous_29)
FNDA:1,(anonymous_30)
FNDA:1,(anonymous_31)
FNDA:2,(anonymous_32)
FNDA:1,(anonymous_33)
FNDA:1,(anonymous_34)
FNDA:5,(anonymous_35)
FNDA:1,(anonymous_36)
FNDA:2,(anonymous_37)
FNDA:1,(anonymous_38)
FNDA:5,(anonymous_39)
FNDA:18,(anonymous_40)
FNDA:7,(anonymous_41)
FNDA:1,(anonymous_42)
FNDA:0,(anonymous_43)
FNDA:23,(anonymous_44)
FNDA:3,(anonymous_45)
FNDA:2,(anonymous_46)
FNDA:2,(anonymous_47)
FNDA:2,(anonymous_48)
FNDA:4,(anonymous_49)
FNDA:7,(anonymous_50)
FNDA:12,(anonymous_51)
FNDA:1,(anonymous_52)
FNDA:3,(anonymous_53)
FNDA:0,(anonymous_54)
FNDA:4,(anonymous_55)
FNDA:4,(anonymous_56)
FNDA:15,(anonymous_57)
FNDA:4,(anonymous_58)
FNDA:7,(anonymous_59)
FNDA:5,(anonymous_60)
DA:1,5
DA:2,5
DA:3,5
DA:4,5
DA:5,5
DA:6,5
DA:108,5
DA:109,21
DA:110,21
DA:112,21
DA:113,21
DA:114,21
DA:115,21
DA:121,21
DA:122,21
DA:123,21
DA:124,21
DA:126,21
DA:129,5
DA:130,5
DA:131,1
DA:134,5
DA:135,4
DA:137,1
DA:138,1
DA:144,16
DA:145,16
DA:146,0
DA:149,16
DA:151,15
DA:152,15
DA:155,1
DA:156,1
DA:157,1
DA:163,2
DA:170,2
DA:172,1
DA:177,2
DA:181,1
DA:182,1
DA:184,1
DA:190,1
DA:191,1
DA:192,1
DA:194,1
DA:195,1
DA:196,1
DA:198,0
DA:204,2
DA:205,2
DA:206,2
DA:207,2
DA:208,1
DA:211,2
DA:212,2
DA:213,2
DA:215,0
DA:221,1
DA:222,1
DA:223,1
DA:228,1
DA:229,1
DA:234,2
DA:235,1
DA:236,1
DA:241,5
DA:242,1
DA:247,2
DA:248,1
DA:253,5
DA:254,2
DA:257,3
DA:258,3
DA:259,18
DA:260,3
DA:261,1
DA:262,1
DA:265,3
DA:266,3
DA:270,23
DA:271,1
DA:272,1
DA:275,23
DA:276,3
DA:277,3
DA:280,23
DA:281,23
DA:285,3
DA:289,2
DA:293,2
DA:297,2
DA:301,4
DA:302,1
DA:305,3
DA:306,1
DA:309,2
DA:310,2
DA:314,7
DA:315,7
DA:316,6
DA:318,6
DA:319,5
DA:322,6
DA:323,1
DA:331,12
DA:335,1
DA:339,3
DA:340,0
DA:343,3
DA:344,0
DA:349,4
DA:350,4
DA:351,4
DA:352,3
DA:355,1
DA:356,1
DA:357,1
DA:362,15
DA:363,4
DA:364,4
DA:365,4
DA:370,7
DA:371,7
DA:372,7
DA:380,5
DA:381,5
LF:126
LH:121
BRDA:128,0,0,4
BRDA:130,1,0,1
BRDA:143,2,0,16
BRDA:145,3,0,0
BRDA:152,4,0,4
BRDA:152,4,1,1
BRDA:162,5,0,0
BRDA:162,6,0,1
BRDA:207,7,0,1
BRDA:253,8,0,2
BRDA:253,9,0,5
BRDA:253,9,1,4
BRDA:270,10,0,1
BRDA:275,11,0,3
BRDA:297,12,0,2
BRDA:297,12,1,1
BRDA:301,13,0,1
BRDA:305,14,0,1
BRDA:310,15,0,1
BRDA:310,15,1,1
BRDA:318,16,0,5
BRDA:318,17,0,6
BRDA:318,17,1,5
BRDA:318,17,2,4
BRDA:318,17,3,3
BRDA:318,17,4,2
BRDA:322,18,0,1
BRDA:339,19,0,0
BRDA:351,20,0,3
BRDA:355,21,0,1
BRDA:355,21,1,1
BRDA:355,22,0,1
BRDA:355,22,1,1
BRDA:356,23,0,1
BRDA:356,23,1,0
BRDA:356,24,0,1
BRDA:356,24,1,0
BRDA:363,25,0,3
BRDA:363,25,1,1
BRDA:364,26,0,2
BRDA:364,26,1,2
BRDA:370,27,0,7
BRDA:370,27,1,0
BRDA:375,28,0,6
BRDA:375,28,1,1
BRDA:375,29,0,6
BRDA:375,29,1,0
BRF:47
BRH:40
end_of_record
TN:
SF:src\app\core\services\notification.service.ts
FN:56,(anonymous_0)
FN:58,(anonymous_1)
FN:62,(anonymous_2)
FN:64,(anonymous_3)
FN:66,(anonymous_4)
FN:77,(anonymous_5)
FN:83,(anonymous_6)
FN:83,(anonymous_7)
FN:84,(anonymous_8)
FN:86,(anonymous_9)
FN:89,(anonymous_10)
FN:94,(anonymous_11)
FN:100,(anonymous_12)
FN:103,(anonymous_13)
FN:105,(anonymous_14)
FN:113,(anonymous_15)
FN:123,(anonymous_16)
FN:125,(anonymous_17)
FN:127,(anonymous_18)
FN:128,(anonymous_19)
FN:129,(anonymous_20)
FN:130,(anonymous_21)
FN:135,(anonymous_22)
FN:136,(anonymous_23)
FN:137,(anonymous_24)
FN:145,(anonymous_25)
FN:147,(anonymous_26)
FN:148,(anonymous_27)
FN:152,(anonymous_28)
FN:153,(anonymous_29)
FN:161,(anonymous_30)
FN:165,(anonymous_31)
FN:168,(anonymous_32)
FN:173,(anonymous_33)
FN:175,(anonymous_34)
FN:180,(anonymous_35)
FN:198,(anonymous_36)
FN:207,(anonymous_37)
FN:209,(anonymous_38)
FN:225,(anonymous_39)
FN:231,(anonymous_40)
FN:233,(anonymous_41)
FN:243,(anonymous_42)
FN:266,(anonymous_43)
FN:284,(anonymous_44)
FN:329,(anonymous_45)
FN:336,(anonymous_46)
FN:345,(anonymous_47)
FN:358,(anonymous_48)
FN:359,(anonymous_49)
FN:363,(anonymous_50)
FN:377,(anonymous_51)
FN:382,(anonymous_52)
FN:386,(anonymous_53)
FNF:54
FNH:52
FNDA:41,(anonymous_0)
FNDA:20,(anonymous_1)
FNDA:3,(anonymous_2)
FNDA:3,(anonymous_3)
FNDA:0,(anonymous_4)
FNDA:12,(anonymous_5)
FNDA:2,(anonymous_6)
FNDA:2,(anonymous_7)
FNDA:1,(anonymous_8)
FNDA:1,(anonymous_9)
FNDA:1,(anonymous_10)
FNDA:35,(anonymous_11)
FNDA:9,(anonymous_12)
FNDA:2,(anonymous_13)
FNDA:1,(anonymous_14)
FNDA:5,(anonymous_15)
FNDA:23,(anonymous_16)
FNDA:22,(anonymous_17)
FNDA:65,(anonymous_18)
FNDA:65,(anonymous_19)
FNDA:65,(anonymous_20)
FNDA:2,(anonymous_21)
FNDA:22,(anonymous_22)
FNDA:1,(anonymous_23)
FNDA:0,(anonymous_24)
FNDA:2,(anonymous_25)
FNDA:1,(anonymous_26)
FNDA:1,(anonymous_27)
FNDA:1,(anonymous_28)
FNDA:1,(anonymous_29)
FNDA:31,(anonymous_30)
FNDA:3,(anonymous_31)
FNDA:2,(anonymous_32)
FNDA:1,(anonymous_33)
FNDA:1,(anonymous_34)
FNDA:4,(anonymous_35)
FNDA:3,(anonymous_36)
FNDA:5,(anonymous_37)
FNDA:5,(anonymous_38)
FNDA:5,(anonymous_39)
FNDA:2,(anonymous_40)
FNDA:2,(anonymous_41)
FNDA:74,(anonymous_42)
FNDA:74,(anonymous_43)
FNDA:74,(anonymous_44)
FNDA:78,(anonymous_45)
FNDA:9,(anonymous_46)
FNDA:2,(anonymous_47)
FNDA:42,(anonymous_48)
FNDA:79,(anonymous_49)
FNDA:7,(anonymous_50)
FNDA:74,(anonymous_51)
FNDA:74,(anonymous_52)
FNDA:73,(anonymous_53)
DA:1,58
DA:2,58
DA:3,58
DA:4,58
DA:5,58
DA:38,58
DA:39,41
DA:40,41
DA:41,41
DA:42,41
DA:46,41
DA:47,41
DA:48,41
DA:49,41
DA:50,41
DA:51,41
DA:54,41
DA:56,41
DA:59,20
DA:60,19
DA:61,19
DA:62,3
DA:63,3
DA:64,3
DA:65,3
DA:69,3
DA:71,3
DA:73,16
DA:78,12
DA:79,8
DA:82,12
DA:83,3
DA:84,2
DA:85,1
DA:95,35
DA:96,23
DA:99,12
DA:100,12
DA:101,9
DA:103,12
DA:104,2
DA:105,2
DA:109,12
DA:110,12
DA:114,5
DA:115,1
DA:116,1
DA:119,5
DA:120,5
DA:124,23
DA:126,22
DA:127,65
DA:128,65
DA:129,65
DA:130,22
DA:131,22
DA:132,22
DA:133,22
DA:135,22
DA:137,1
DA:138,1
DA:139,1
DA:140,1
DA:146,2
DA:148,1
DA:149,1
DA:150,1
DA:152,1
DA:154,1
DA:155,1
DA:156,1
DA:162,31
DA:166,3
DA:167,3
DA:168,3
DA:169,3
DA:170,3
DA:174,1
DA:175,1
DA:176,1
DA:177,1
DA:181,4
DA:182,4
DA:194,4
DA:195,4
DA:199,3
DA:200,1
DA:203,2
DA:204,2
DA:208,5
DA:209,5
DA:210,5
DA:211,1
DA:214,4
DA:215,4
DA:217,4
DA:223,4
DA:225,4
DA:226,5
DA:228,4
DA:232,2
DA:233,2
DA:234,2
DA:235,1
DA:237,1
DA:239,2
DA:240,2
DA:244,74
DA:245,74
DA:246,74
DA:251,74
DA:267,74
DA:268,4
DA:269,17
DA:270,14
DA:271,3
DA:272,9
DA:273,4
DA:274,4
DA:275,4
DA:276,4
DA:277,4
DA:278,3
DA:279,2
DA:280,2
DA:285,74
DA:287,4
DA:288,1
DA:290,3
DA:291,1
DA:293,2
DA:294,17
DA:296,14
DA:297,1
DA:299,13
DA:300,1
DA:302,12
DA:303,2
DA:305,10
DA:306,3
DA:307,9
DA:309,4
DA:310,3
DA:311,2
DA:313,4
DA:314,3
DA:315,2
DA:317,4
DA:319,4
DA:321,4
DA:323,3
DA:324,2
DA:325,2
DA:330,78
DA:337,9
DA:338,9
DA:339,8
DA:340,8
DA:341,8
DA:342,1
DA:345,7
DA:346,7
DA:348,7
DA:350,7
DA:352,7
DA:359,79
DA:360,42
DA:364,7
DA:365,2
DA:366,2
DA:367,1
DA:368,1
DA:369,1
DA:370,1
DA:371,1
DA:378,74
DA:379,74
DA:383,74
DA:387,73
DA:388,73
DA:389,71
DA:392,2
LF:182
LH:182
BRDA:59,0,0,1
BRDA:61,1,0,19
BRDA:61,1,1,17
BRDA:63,2,0,0
BRDA:78,3,0,8
BRDA:82,4,0,9
BRDA:82,5,0,12
BRDA:82,5,1,4
BRDA:95,6,0,23
BRDA:95,7,0,35
BRDA:95,7,1,34
BRDA:114,8,0,1
BRDA:199,9,0,1
BRDA:204,10,0,2
BRDA:204,10,1,1
BRDA:210,11,0,1
BRDA:214,12,0,2
BRDA:214,12,1,2
BRDA:220,13,0,2
BRDA:220,13,1,2
BRDA:221,14,0,2
BRDA:221,14,1,2
BRDA:226,15,0,4
BRDA:226,15,1,1
BRDA:234,16,0,1
BRDA:267,17,0,4
BRDA:267,17,1,17
BRDA:267,17,2,14
BRDA:267,17,3,3
BRDA:267,17,4,9
BRDA:267,17,5,4
BRDA:267,17,6,4
BRDA:267,17,7,4
BRDA:267,17,8,4
BRDA:267,17,9,4
BRDA:267,17,10,3
BRDA:267,17,11,2
BRDA:267,17,12,2
BRDA:285,18,0,4
BRDA:285,18,1,17
BRDA:285,18,2,14
BRDA:285,18,3,3
BRDA:285,18,4,9
BRDA:285,18,5,4
BRDA:285,18,6,4
BRDA:285,18,7,4
BRDA:285,18,8,4
BRDA:285,18,9,4
BRDA:285,18,10,3
BRDA:285,18,11,2
BRDA:285,18,12,2
BRDA:287,19,0,1
BRDA:290,20,0,1
BRDA:296,21,0,1
BRDA:299,22,0,1
BRDA:302,23,0,2
BRDA:303,24,0,1
BRDA:303,24,1,1
BRDA:305,25,0,2
BRDA:305,25,1,8
BRDA:309,26,0,1
BRDA:310,27,0,1
BRDA:313,28,0,1
BRDA:314,29,0,1
BRDA:317,30,0,1
BRDA:317,30,1,3
BRDA:317,31,0,1
BRDA:317,31,1,2
BRDA:319,32,0,1
BRDA:319,32,1,3
BRDA:319,33,0,1
BRDA:319,33,1,2
BRDA:321,34,0,1
BRDA:321,34,1,3
BRDA:321,35,0,1
BRDA:321,35,1,2
BRDA:341,36,0,1
BRDA:364,37,0,5
BRDA:364,38,0,7
BRDA:364,38,1,3
BRDA:378,39,0,74
BRDA:378,39,1,1
BRDA:383,40,0,74
BRDA:383,40,1,1
BRDA:388,41,0,71
BRF:85
BRH:84
end_of_record
TN:
SF:src\app\core\services\pause-ai.service.ts
FN:32,(anonymous_0)
FN:34,(anonymous_1)
FN:42,(anonymous_2)
FN:52,(anonymous_3)
FN:62,(anonymous_4)
FN:74,(anonymous_5)
FN:77,(anonymous_6)
FN:81,(anonymous_7)
FN:94,(anonymous_8)
FN:101,(anonymous_9)
FN:106,(anonymous_10)
FN:111,(anonymous_11)
FN:116,(anonymous_12)
FN:124,(anonymous_13)
FN:133,(anonymous_14)
FN:155,(anonymous_15)
FN:168,(anonymous_16)
FN:185,(anonymous_17)
FN:190,(anonymous_18)
FN:193,(anonymous_19)
FN:193,(anonymous_20)
FN:199,(anonymous_21)
FN:216,(anonymous_22)
FN:224,(anonymous_23)
FN:231,(anonymous_24)
FN:244,(anonymous_25)
FN:259,(anonymous_26)
FN:268,(anonymous_27)
FNF:28
FNH:27
FNDA:12,(anonymous_0)
FNDA:4,(anonymous_1)
FNDA:2,(anonymous_2)
FNDA:1,(anonymous_3)
FNDA:2,(anonymous_4)
FNDA:1,(anonymous_5)
FNDA:0,(anonymous_6)
FNDA:14,(anonymous_7)
FNDA:1,(anonymous_8)
FNDA:1,(anonymous_9)
FNDA:1,(anonymous_10)
FNDA:1,(anonymous_11)
FNDA:1,(anonymous_12)
FNDA:1,(anonymous_13)
FNDA:2,(anonymous_14)
FNDA:2,(anonymous_15)
FNDA:1,(anonymous_16)
FNDA:2,(anonymous_17)
FNDA:2,(anonymous_18)
FNDA:2,(anonymous_19)
FNDA:2,(anonymous_20)
FNDA:2,(anonymous_21)
FNDA:2,(anonymous_22)
FNDA:1,(anonymous_23)
FNDA:3,(anonymous_24)
FNDA:4,(anonymous_25)
FNDA:2,(anonymous_26)
FNDA:2,(anonymous_27)
DA:1,4
DA:2,4
DA:3,4
DA:4,4
DA:18,4
DA:19,12
DA:20,12
DA:23,12
DA:24,12
DA:25,12
DA:26,12
DA:27,12
DA:28,12
DA:32,12
DA:35,4
DA:36,2
DA:39,2
DA:40,2
DA:42,2
DA:43,2
DA:44,2
DA:45,1
DA:46,1
DA:48,1
DA:52,2
DA:53,1
DA:54,1
DA:55,1
DA:56,1
DA:58,0
DA:62,2
DA:63,2
DA:64,2
DA:65,2
DA:66,1
DA:67,1
DA:70,0
DA:74,2
DA:75,1
DA:76,1
DA:77,1
DA:82,14
DA:83,1
DA:84,1
DA:87,14
DA:88,14
DA:95,1
DA:102,1
DA:103,1
DA:107,1
DA:108,1
DA:112,1
DA:113,1
DA:117,1
DA:118,1
DA:125,1
DA:134,2
DA:138,2
DA:139,1
DA:142,2
DA:151,2
DA:156,2
DA:166,2
DA:167,1
DA:168,1
DA:176,1
DA:186,2
DA:187,2
DA:191,2
DA:193,2
DA:197,2
DA:198,1
DA:199,2
DA:207,1
DA:217,2
DA:218,2
DA:225,1
DA:232,3
DA:233,1
DA:234,2
DA:235,1
DA:237,1
DA:245,4
DA:246,1
DA:247,3
DA:248,1
DA:249,2
DA:250,1
DA:252,1
DA:260,2
DA:261,2
DA:262,2
DA:269,2
DA:270,1
DA:272,1
LF:95
LH:93
BRDA:35,0,0,2
BRDA:35,1,0,4
BRDA:35,1,1,3
BRDA:65,2,0,1
BRDA:82,3,0,1
BRDA:138,4,0,1
BRDA:157,5,0,2
BRDA:157,5,1,1
BRDA:158,6,0,2
BRDA:158,6,1,1
BRDA:166,7,0,1
BRDA:166,7,1,1
BRDA:166,8,0,2
BRDA:166,8,1,2
BRDA:192,9,0,2
BRDA:192,9,1,1
BRDA:197,10,0,1
BRDA:197,10,1,1
BRDA:197,11,0,2
BRDA:197,11,1,2
BRDA:203,12,0,2
BRDA:203,12,1,1
BRDA:203,13,0,2
BRDA:203,13,1,1
BRDA:232,14,0,1
BRDA:232,14,1,2
BRDA:234,15,0,1
BRDA:234,15,1,1
BRDA:245,16,0,1
BRDA:245,16,1,3
BRDA:247,17,0,1
BRDA:247,17,1,2
BRDA:249,18,0,1
BRDA:249,18,1,1
BRDA:269,19,0,1
BRF:35
BRH:35
end_of_record
TN:
SF:src\app\core\services\profile.service.ts
FN:36,(anonymous_0)
FN:38,(anonymous_1)
FN:42,(anonymous_2)
FN:46,(anonymous_3)
FN:50,(anonymous_4)
FN:54,(anonymous_5)
FNF:6
FNH:6
FNDA:7,(anonymous_0)
FNDA:1,(anonymous_1)
FNDA:1,(anonymous_2)
FNDA:1,(anonymous_3)
FNDA:1,(anonymous_4)
FNDA:3,(anonymous_5)
DA:1,5
DA:2,5
DA:33,5
DA:34,7
DA:36,7
DA:39,1
DA:43,1
DA:47,1
DA:51,1
DA:55,3
DA:56,3
DA:57,1
DA:59,3
LF:13
LH:13
BRDA:54,0,0,1
BRDA:54,1,0,1
BRDA:56,2,0,1
BRF:3
BRH:3
end_of_record
TN:
SF:src\app\core\services\reclamation.service.ts
FN:56,(anonymous_0)
FN:58,(anonymous_1)
FN:60,(anonymous_2)
FN:60,(anonymous_3)
FN:61,(anonymous_4)
FN:65,(anonymous_5)
FN:66,(anonymous_6)
FN:69,(anonymous_7)
FN:70,(anonymous_8)
FN:73,(anonymous_9)
FN:77,(anonymous_10)
FN:78,(anonymous_11)
FN:81,(anonymous_12)
FN:82,(anonymous_13)
FN:85,(anonymous_14)
FN:89,(anonymous_15)
FNF:16
FNH:16
FNDA:45,(anonymous_0)
FNDA:4,(anonymous_1)
FNDA:3,(anonymous_2)
FNDA:3,(anonymous_3)
FNDA:1,(anonymous_4)
FNDA:1,(anonymous_5)
FNDA:1,(anonymous_6)
FNDA:1,(anonymous_7)
FNDA:1,(anonymous_8)
FNDA:1,(anonymous_9)
FNDA:1,(anonymous_10)
FNDA:1,(anonymous_11)
FNDA:1,(anonymous_12)
FNDA:1,(anonymous_13)
FNDA:2,(anonymous_14)
FNDA:7,(anonymous_15)
DA:1,7
DA:2,7
DA:3,7
DA:53,7
DA:54,45
DA:56,45
DA:59,4
DA:60,3
DA:61,1
DA:66,1
DA:70,1
DA:74,1
DA:78,1
DA:82,1
DA:86,2
DA:90,7
LF:16
LH:16
BRDA:96,0,0,7
BRDA:96,0,1,7
BRDA:97,1,0,7
BRDA:97,1,1,0
BRDA:98,2,0,7
BRDA:98,2,1,0
BRDA:99,3,0,7
BRDA:99,3,1,0
BRDA:100,4,0,7
BRDA:100,4,1,0
BRDA:101,5,0,7
BRDA:101,5,1,0
BRF:12
BRH:7
end_of_record
TN:
SF:src\app\core\services\report.service.ts
FN:18,(anonymous_0)
FN:23,(anonymous_1)
FN:25,(anonymous_2)
FN:44,(anonymous_3)
FN:51,(anonymous_4)
FN:53,(anonymous_5)
FN:67,(anonymous_6)
FN:69,(anonymous_7)
FN:81,(anonymous_8)
FN:90,(anonymous_9)
FN:97,(anonymous_10)
FN:99,(anonymous_11)
FN:107,(anonymous_12)
FN:116,(anonymous_13)
FN:127,(anonymous_14)
FNF:15
FNH:15
FNDA:20,(anonymous_0)
FNDA:3,(anonymous_1)
FNDA:3,(anonymous_2)
FNDA:5,(anonymous_3)
FNDA:5,(anonymous_4)
FNDA:5,(anonymous_5)
FNDA:3,(anonymous_6)
FNDA:3,(anonymous_7)
FNDA:3,(anonymous_8)
FNDA:1,(anonymous_9)
FNDA:2,(anonymous_10)
FNDA:1,(anonymous_11)
FNDA:1,(anonymous_12)
FNDA:6,(anonymous_13)
FNDA:4,(anonymous_14)
DA:1,2
DA:2,2
DA:4,2
DA:15,2
DA:16,20
DA:18,20
DA:24,3
DA:27,3
DA:28,2
DA:29,2
DA:30,1
DA:32,2
DA:33,1
DA:36,3
DA:45,5
DA:46,5
DA:47,1
DA:50,5
DA:53,5
DA:59,5
DA:68,3
DA:69,3
DA:82,3
DA:91,1
DA:98,2
DA:100,1
DA:101,1
DA:102,1
DA:103,1
DA:104,1
DA:105,1
DA:108,1
DA:117,6
DA:118,3
DA:120,3
DA:128,4
DA:129,2
DA:131,2
LF:38
LH:38
BRDA:27,0,0,2
BRDA:29,1,0,1
BRDA:32,2,0,1
BRDA:44,3,0,4
BRDA:46,4,0,1
BRDA:56,5,0,1
BRDA:56,5,1,4
BRDA:57,6,0,1
BRDA:57,6,1,4
BRDA:72,7,0,1
BRDA:72,7,1,2
BRDA:73,8,0,1
BRDA:73,8,1,2
BRDA:117,9,0,3
BRDA:117,9,1,3
BRDA:128,10,0,2
BRDA:128,10,1,2
BRF:17
BRH:17
end_of_record
TN:
SF:src\app\core\services\secteur.service.ts
FN:10,(anonymous_0)
FN:12,(anonymous_1)
FN:20,(anonymous_2)
FN:24,(anonymous_3)
FN:28,(anonymous_4)
FN:32,(anonymous_5)
FN:36,(anonymous_6)
FN:40,(anonymous_7)
FNF:8
FNH:8
FNDA:40,(anonymous_0)
FNDA:1,(anonymous_1)
FNDA:1,(anonymous_2)
FNDA:1,(anonymous_3)
FNDA:1,(anonymous_4)
FNDA:1,(anonymous_5)
FNDA:1,(anonymous_6)
FNDA:1,(anonymous_7)
DA:1,4
DA:2,4
DA:7,4
DA:8,40
DA:10,40
DA:13,1
DA:21,1
DA:25,1
DA:29,1
DA:33,1
DA:37,1
DA:41,1
LF:12
LH:12
BRF:0
BRH:0
end_of_record
TN:
SF:src\app\core\services\session-heartbeat.service.ts
FN:16,(anonymous_0)
FN:18,(anonymous_1)
FN:27,(anonymous_2)
FN:29,(anonymous_3)
FN:34,(anonymous_4)
FN:42,(anonymous_5)
FN:47,(anonymous_6)
FN:51,(anonymous_7)
FNF:8
FNH:8
FNDA:11,(anonymous_0)
FNDA:10,(anonymous_1)
FNDA:7,(anonymous_2)
FNDA:5,(anonymous_3)
FNDA:2,(anonymous_4)
FNDA:27,(anonymous_5)
FNDA:8,(anonymous_6)
FNDA:12,(anonymous_7)
DA:1,2
DA:2,2
DA:3,2
DA:4,2
DA:9,2
DA:11,11
DA:13,11
DA:14,11
DA:16,11
DA:19,10
DA:20,1
DA:23,9
DA:25,9
DA:28,7
DA:30,5
DA:31,4
DA:35,2
DA:36,2
DA:43,27
DA:44,27
DA:48,8
DA:52,12
LF:22
LH:22
BRDA:19,0,0,1
BRDA:30,1,0,4
BRF:2
BRH:2
end_of_record
TN:
SF:src\app\core\services\user.service.ts
FN:36,(anonymous_0)
FN:38,(anonymous_1)
FN:42,(anonymous_2)
FN:44,(anonymous_3)
FN:48,(anonymous_4)
FN:52,(anonymous_5)
FNF:6
FNH:6
FNDA:43,(anonymous_0)
FNDA:3,(anonymous_1)
FNDA:2,(anonymous_2)
FNDA:1,(anonymous_3)
FNDA:2,(anonymous_4)
FNDA:2,(anonymous_5)
DA:1,19
DA:2,19
DA:3,19
DA:4,19
DA:33,19
DA:34,43
DA:36,43
DA:39,3
DA:43,2
DA:44,1
DA:49,2
DA:53,2
LF:12
LH:12
BRF:0
BRH:0
end_of_record
TN:
SF:src\app\core\services\weather.service.ts
FN:34,(anonymous_0)
FN:36,(anonymous_1)
FN:44,(anonymous_2)
FN:45,(anonymous_3)
FN:46,(anonymous_4)
FN:50,(anonymous_5)
FN:59,(anonymous_6)
FN:75,(anonymous_7)
FN:90,(anonymous_8)
FNF:9
FNH:9
FNDA:5,(anonymous_0)
FNDA:6,(anonymous_1)
FNDA:4,(anonymous_2)
FNDA:4,(anonymous_3)
FNDA:1,(anonymous_4)
FNDA:1,(anonymous_5)
FNDA:4,(anonymous_6)
FNDA:1,(anonymous_7)
FNDA:2,(anonymous_8)
DA:1,2
DA:2,2
DA:3,2
DA:4,2
DA:29,2
DA:30,5
DA:31,5
DA:32,5
DA:34,5
DA:37,6
DA:38,6
DA:39,6
DA:40,1
DA:43,5
DA:44,4
DA:45,4
DA:46,1
DA:51,1
DA:52,1
DA:53,2
DA:54,1
DA:60,4
DA:61,4
DA:76,1
DA:91,2
LF:25
LH:25
BRDA:37,0,0,6
BRDA:37,0,1,2
BRDA:39,1,0,1
BRDA:39,2,0,6
BRDA:39,2,1,2
BRDA:53,3,0,1
BRDA:60,4,0,4
BRDA:60,4,1,3
BRDA:62,5,0,4
BRDA:62,5,1,1
BRDA:63,6,0,4
BRDA:63,6,1,3
BRDA:65,7,0,4
BRDA:65,7,1,3
BRDA:66,8,0,4
BRDA:66,8,1,3
BRDA:67,9,0,4
BRDA:67,9,1,3
BRDA:68,10,0,4
BRDA:68,10,1,3
BRDA:69,11,0,4
BRDA:69,11,1,3
BRF:22
BRH:22
end_of_record
TN:
SF:src\app\core\validators\custom-validators.ts
FN:7,(anonymous_0)
FN:8,(anonymous_1)
FNF:2
FNH:2
FNDA:10,(anonymous_0)
FNDA:14,(anonymous_1)
DA:6,1
DA:8,10
DA:9,14
DA:10,3
DA:12,11
DA:13,11
LF:6
LH:6
BRDA:9,0,0,3
BRDA:13,1,0,5
BRDA:13,1,1,6
BRF:3
BRH:3
end_of_record
TN:
SF:src\app\features\affectation-vehicule\affectation-vehicule.component.ts
FN:62,(anonymous_0)
FN:71,(anonymous_1)
FN:77,(anonymous_2)
FN:80,(anonymous_3)
FN:81,(anonymous_4)
FN:92,(anonymous_5)
FN:93,(anonymous_6)
FN:99,(anonymous_7)
FN:111,(anonymous_8)
FN:112,(anonymous_9)
FN:113,(anonymous_10)
FN:116,(anonymous_11)
FN:120,(anonymous_12)
FN:130,(anonymous_13)
FN:142,(anonymous_14)
FN:149,(anonymous_15)
FN:163,(anonymous_16)
FN:180,(anonymous_17)
FN:185,(anonymous_18)
FNF:19
FNH:19
FNDA:21,(anonymous_0)
FNDA:22,(anonymous_1)
FNDA:23,(anonymous_2)
FNDA:1,(anonymous_3)
FNDA:3,(anonymous_4)
FNDA:1,(anonymous_5)
FNDA:20,(anonymous_6)
FNDA:12,(anonymous_7)
FNDA:1,(anonymous_8)
FNDA:1,(anonymous_9)
FNDA:9,(anonymous_10)
FNDA:16,(anonymous_11)
FNDA:8,(anonymous_12)
FNDA:28,(anonymous_13)
FNDA:10,(anonymous_14)
FNDA:5,(anonymous_15)
FNDA:4,(anonymous_16)
FNDA:6,(anonymous_17)
FNDA:28,(anonymous_18)
DA:1,9
DA:2,9
DA:3,9
DA:4,9
DA:5,9
DA:6,9
DA:7,9
DA:8,9
DA:9,9
DA:10,9
DA:11,9
DA:13,9
DA:14,9
DA:15,9
DA:16,9
DA:17,9
DA:18,9
DA:19,9
DA:45,9
DA:47,21
DA:48,21
DA:51,21
DA:52,21
DA:55,21
DA:56,21
DA:59,21
DA:60,21
DA:63,21
DA:64,21
DA:65,21
DA:66,21
DA:67,21
DA:68,21
DA:72,22
DA:73,22
DA:74,22
DA:78,23
DA:79,3
DA:80,1
DA:82,3
DA:83,1
DA:85,1
DA:86,1
DA:91,20
DA:92,1
DA:94,20
DA:100,12
DA:101,3
DA:102,3
DA:103,3
DA:104,3
DA:105,3
DA:108,9
DA:110,9
DA:111,1
DA:112,1
DA:115,9
DA:117,16
DA:120,8
DA:129,9
DA:131,28
DA:136,9
DA:137,9
DA:138,9
DA:143,10
DA:144,9
DA:150,5
DA:160,5
DA:161,5
DA:164,4
DA:165,4
DA:181,6
DA:182,6
DA:186,28
DA:187,28
DA:189,4
DA:191,4
DA:193,16
DA:195,4
LF:79
LH:79
BRDA:78,0,0,3
BRDA:78,0,1,20
BRDA:82,1,0,1
BRDA:100,2,0,3
BRDA:117,3,0,16
BRDA:117,3,1,12
BRDA:122,4,0,8
BRDA:122,4,1,4
BRDA:122,5,0,8
BRDA:122,5,1,4
BRDA:122,6,0,8
BRDA:122,6,1,4
BRDA:125,7,0,8
BRDA:125,7,1,4
BRDA:131,8,0,28
BRDA:131,8,1,20
BRDA:131,8,2,16
BRDA:143,9,0,9
BRDA:143,10,0,10
BRDA:143,10,1,10
BRDA:164,11,0,4
BRDA:164,11,1,3
BRDA:164,11,2,1
BRDA:186,12,0,28
BRDA:186,12,1,0
BRDA:187,13,0,4
BRDA:187,13,1,4
BRDA:187,13,2,16
BRDA:187,13,3,4
BRF:29
BRH:28
end_of_record
TN:
SF:src\app\features\alerts\alerts.component.ts
FN:26,(anonymous_0)
FN:34,(anonymous_1)
FN:36,(anonymous_2)
FN:41,(anonymous_3)
FN:45,(anonymous_4)
FN:63,(anonymous_5)
FN:104,(anonymous_6)
FN:108,(anonymous_7)
FN:127,(anonymous_8)
FN:167,(anonymous_9)
FN:182,(anonymous_10)
FNF:11
FNH:11
FNDA:14,(anonymous_0)
FNDA:14,(anonymous_1)
FNDA:1,(anonymous_2)
FNDA:29,(anonymous_3)
FNDA:13,(anonymous_4)
FNDA:24,(anonymous_5)
FNDA:1,(anonymous_6)
FNDA:6,(anonymous_7)
FNDA:5,(anonymous_8)
FNDA:2,(anonymous_9)
FNDA:1,(anonymous_10)
DA:1,1
DA:2,1
DA:3,1
DA:4,1
DA:5,1
DA:6,1
DA:7,1
DA:8,1
DA:9,1
DA:10,1
DA:11,1
DA:12,1
DA:22,1
DA:24,14
DA:27,14
DA:28,14
DA:29,14
DA:30,14
DA:31,14
DA:35,14
DA:36,14
DA:37,1
DA:42,29
DA:46,13
DA:47,1
DA:48,1
DA:49,1
DA:50,1
DA:51,1
DA:52,1
DA:53,1
DA:54,1
DA:55,1
DA:56,1
DA:57,1
DA:58,1
DA:59,1
DA:64,24
DA:65,5
DA:66,1
DA:67,1
DA:68,1
DA:69,1
DA:70,1
DA:74,19
DA:75,1
DA:77,4
DA:78,3
DA:79,2
DA:80,1
DA:81,1
DA:82,1
DA:84,5
DA:85,1
DA:86,1
DA:87,1
DA:88,1
DA:89,1
DA:92,5
DA:93,1
DA:94,1
DA:95,1
DA:96,1
DA:97,1
DA:99,1
DA:100,1
DA:105,1
DA:109,6
DA:110,6
DA:111,1
DA:112,5
DA:113,1
DA:114,4
DA:115,2
DA:116,1
DA:118,1
DA:120,2
DA:121,1
DA:123,1
DA:128,5
DA:129,1
DA:139,1
DA:142,4
DA:143,4
DA:144,1
DA:154,1
DA:157,3
DA:158,3
DA:162,3
DA:166,3
DA:168,2
DA:169,2
DA:183,1
LF:93
LH:93
BRDA:46,0,0,1
BRDA:46,0,1,1
BRDA:46,0,2,1
BRDA:46,0,3,1
BRDA:46,0,4,1
BRDA:46,0,5,1
BRDA:46,0,6,1
BRDA:46,0,7,1
BRDA:46,0,8,1
BRDA:46,0,9,1
BRDA:46,0,10,1
BRDA:46,0,11,1
BRDA:46,0,12,1
BRDA:64,1,0,5
BRDA:65,2,0,1
BRDA:65,2,1,1
BRDA:65,2,2,1
BRDA:65,2,3,1
BRDA:65,2,4,1
BRDA:74,3,0,1
BRDA:74,3,1,4
BRDA:74,3,2,1
BRDA:74,3,3,1
BRDA:74,3,4,5
BRDA:74,3,5,5
BRDA:74,3,6,1
BRDA:74,3,7,1
BRDA:77,4,0,1
BRDA:78,5,0,1
BRDA:79,6,0,1
BRDA:84,7,0,1
BRDA:84,7,1,1
BRDA:84,7,2,1
BRDA:84,7,3,1
BRDA:84,7,4,1
BRDA:92,8,0,1
BRDA:92,8,1,1
BRDA:92,8,2,1
BRDA:92,8,3,1
BRDA:92,8,4,1
BRDA:110,9,0,1
BRDA:110,9,1,5
BRDA:112,10,0,1
BRDA:112,10,1,4
BRDA:114,11,0,2
BRDA:114,11,1,2
BRDA:115,12,0,1
BRDA:115,12,1,1
BRDA:120,13,0,1
BRDA:120,13,1,1
BRDA:128,14,0,1
BRDA:143,15,0,1
BRDA:162,16,0,2
BRDA:162,16,1,1
BRDA:174,17,0,1
BRDA:174,17,1,1
BRDA:175,18,0,1
BRDA:175,18,1,1
BRDA:178,19,0,1
BRDA:178,19,1,1
BRF:60
BRH:60
end_of_record
TN:
SF:src\app\features\analytics\generate-rapport\generate-rapport.component.ts
FN:49,(anonymous_0)
FN:51,(anonymous_1)
FN:58,(anonymous_2)
FN:68,(anonymous_3)
FN:75,(anonymous_4)
FN:93,(anonymous_5)
FN:103,(anonymous_6)
FN:109,(anonymous_7)
FN:118,(anonymous_8)
FN:142,(anonymous_9)
FN:146,(anonymous_10)
FN:150,(anonymous_11)
FN:161,(anonymous_12)
FN:168,(anonymous_13)
FN:177,(anonymous_14)
FN:183,(anonymous_15)
FN:187,(anonymous_16)
FN:197,(anonymous_17)
FN:205,(anonymous_18)
FN:213,(anonymous_19)
FN:229,(anonymous_20)
FN:245,(anonymous_21)
FN:261,(anonymous_22)
FN:264,(anonymous_23)
FN:272,(anonymous_24)
FN:275,(anonymous_25)
FNF:26
FNH:26
FNDA:23,(anonymous_0)
FNDA:23,(anonymous_1)
FNDA:2,(anonymous_2)
FNDA:1,(anonymous_3)
FNDA:9,(anonymous_4)
FNDA:4,(anonymous_5)
FNDA:1,(anonymous_6)
FNDA:2,(anonymous_7)
FNDA:4,(anonymous_8)
FNDA:29,(anonymous_9)
FNDA:28,(anonymous_10)
FNDA:1,(anonymous_11)
FNDA:1,(anonymous_12)
FNDA:1,(anonymous_13)
FNDA:3,(anonymous_14)
FNDA:1,(anonymous_15)
FNDA:1,(anonymous_16)
FNDA:49,(anonymous_17)
FNDA:49,(anonymous_18)
FNDA:50,(anonymous_19)
FNDA:54,(anonymous_20)
FNDA:50,(anonymous_21)
FNDA:4,(anonymous_22)
FNDA:4,(anonymous_23)
FNDA:9,(anonymous_24)
FNDA:9,(anonymous_25)
DA:1,1
DA:2,1
DA:3,1
DA:4,1
DA:5,1
DA:19,1
DA:21,23
DA:22,23
DA:23,23
DA:26,23
DA:27,23
DA:28,23
DA:31,23
DA:41,23
DA:42,23
DA:43,23
DA:46,23
DA:47,23
DA:49,23
DA:52,23
DA:59,2
DA:60,2
DA:61,1
DA:69,1
DA:76,9
DA:77,1
DA:78,1
DA:81,8
DA:82,8
DA:83,8
DA:85,8
DA:90,8
DA:92,8
DA:94,4
DA:95,4
DA:97,4
DA:98,2
DA:101,2
DA:102,1
DA:103,1
DA:104,1
DA:109,2
DA:110,2
DA:111,2
DA:112,2
DA:115,2
DA:119,4
DA:120,4
DA:121,4
DA:122,4
DA:123,4
DA:125,4
DA:126,4
DA:127,1
DA:128,3
DA:129,1
DA:130,2
DA:131,1
DA:134,4
DA:143,29
DA:145,29
DA:147,28
DA:148,28
DA:151,1
DA:152,1
DA:153,1
DA:162,1
DA:169,1
DA:170,1
DA:171,1
DA:178,3
DA:179,1
DA:182,2
DA:184,1
DA:185,1
DA:188,1
DA:189,1
DA:198,49
DA:199,47
DA:206,49
DA:207,47
DA:214,50
DA:216,47
DA:218,1
DA:220,1
DA:222,1
DA:230,54
DA:239,54
DA:246,50
DA:248,47
DA:250,1
DA:252,1
DA:254,1
DA:262,4
DA:263,4
DA:264,4
DA:265,4
DA:273,9
DA:274,9
DA:275,9
DA:276,9
LF:101
LH:101
BRDA:60,0,0,1
BRDA:76,1,0,1
BRDA:97,2,0,2
BRDA:97,2,1,2
BRDA:101,3,0,1
BRDA:115,4,0,2
BRDA:115,4,1,1
BRDA:126,5,0,1
BRDA:126,5,1,3
BRDA:128,6,0,1
BRDA:128,6,1,2
BRDA:130,7,0,1
BRDA:178,8,0,1
BRDA:198,9,0,2
BRDA:206,10,0,2
BRDA:214,11,0,47
BRDA:214,11,1,1
BRDA:214,11,2,1
BRDA:214,11,3,1
BRDA:239,12,0,54
BRDA:239,12,1,1
BRDA:246,13,0,47
BRDA:246,13,1,1
BRDA:246,13,2,1
BRDA:246,13,3,1
BRF:25
BRH:25
end_of_record
TN:
SF:src\app\features\auth\create-company\create-company.component.ts
FN:48,(anonymous_0)
FN:55,(anonymous_1)
FN:67,(anonymous_2)
FN:81,(anonymous_3)
FN:95,(anonymous_4)
FN:110,(anonymous_5)
FN:117,(anonymous_6)
FN:120,(anonymous_7)
FN:127,(anonymous_8)
FN:130,(anonymous_9)
FN:134,(anonymous_10)
FN:138,(anonymous_11)
FN:139,(anonymous_12)
FN:141,(anonymous_13)
FN:142,(anonymous_14)
FNF:15
FNH:15
FNDA:14,(anonymous_0)
FNDA:14,(anonymous_1)
FNDA:2,(anonymous_2)
FNDA:1,(anonymous_3)
FNDA:1,(anonymous_4)
FNDA:4,(anonymous_5)
FNDA:2,(anonymous_6)
FNDA:2,(anonymous_7)
FNDA:1,(anonymous_8)
FNDA:31,(anonymous_9)
FNDA:31,(anonymous_10)
FNDA:4,(anonymous_11)
FNDA:4,(anonymous_12)
FNDA:3,(anonymous_13)
FNDA:1,(anonymous_14)
DA:1,1
DA:2,1
DA:3,1
DA:4,1
DA:5,1
DA:6,1
DA:7,1
DA:8,1
DA:9,1
DA:10,1
DA:11,1
DA:12,1
DA:13,1
DA:32,1
DA:33,14
DA:45,14
DA:46,14
DA:49,14
DA:50,14
DA:51,14
DA:52,14
DA:56,14
DA:57,14
DA:58,1
DA:59,1
DA:62,13
DA:63,1
DA:68,2
DA:82,1
DA:83,1
DA:93,1
DA:96,1
DA:111,4
DA:112,4
DA:113,1
DA:116,3
DA:117,3
DA:121,2
DA:122,2
DA:123,1
DA:126,1
DA:127,1
DA:131,31
DA:135,31
DA:139,4
DA:140,4
DA:141,4
DA:142,4
DA:143,4
LF:49
LH:49
BRDA:57,0,0,1
BRDA:62,1,0,1
BRDA:72,2,0,2
BRDA:72,2,1,2
BRDA:112,3,0,1
BRDA:122,4,0,1
BRDA:131,5,0,31
BRDA:131,5,1,2
BRDA:135,6,0,31
BRDA:135,6,1,2
BRDA:141,7,0,3
BRDA:141,7,1,1
BRF:12
BRH:12
end_of_record
TN:
SF:src\app\features\auth\forgot-password\forgot-password.component.ts
FN:29,(anonymous_0)
FN:31,(anonymous_1)
FN:33,(anonymous_2)
FN:34,(anonymous_3)
FNF:4
FNH:4
FNDA:3,(anonymous_0)
FNDA:2,(anonymous_1)
FNDA:1,(anonymous_2)
FNDA:1,(anonymous_3)
DA:1,1
DA:2,1
DA:3,1
DA:4,1
DA:5,1
DA:6,1
DA:7,1
DA:8,1
DA:9,1
DA:26,1
DA:27,3
DA:29,3
DA:32,2
DA:33,1
DA:34,1
LF:15
LH:15
BRF:0
BRH:0
end_of_record
TN:
SF:src\app\features\auth\reset-password\reset-password.component.ts
FN:21,(anonymous_0)
FN:23,(anonymous_1)
FN:25,(anonymous_2)
FN:26,(anonymous_3)
FNF:4
FNH:4
FNDA:4,(anonymous_0)
FNDA:2,(anonymous_1)
FNDA:1,(anonymous_2)
FNDA:1,(anonymous_3)
DA:1,1
DA:2,1
DA:3,1
DA:4,1
DA:5,1
DA:6,1
DA:7,1
DA:8,1
DA:17,1
DA:18,4
DA:19,4
DA:21,4
DA:24,2
DA:25,1
DA:26,1
LF:15
LH:15
BRF:0
BRH:0
end_of_record
TN:
SF:src\app\features\auth\signin\signin.component.ts
FN:37,(anonymous_0)
FN:43,(anonymous_1)
FN:51,(anonymous_2)
FN:68,(anonymous_3)
FN:103,(anonymous_4)
FN:116,(anonymous_5)
FN:129,(anonymous_6)
FN:147,(anonymous_7)
FNF:8
FNH:8
FNDA:30,(anonymous_0)
FNDA:26,(anonymous_1)
FNDA:7,(anonymous_2)
FNDA:18,(anonymous_3)
FNDA:3,(anonymous_4)
FNDA:6,(anonymous_5)
FNDA:18,(anonymous_6)
FNDA:2,(anonymous_7)
DA:1,1
DA:2,1
DA:3,1
DA:4,1
DA:5,1
DA:6,1
DA:7,1
DA:8,1
DA:9,1
DA:10,1
DA:11,1
DA:12,1
DA:31,1
DA:32,30
DA:33,30
DA:34,30
DA:35,30
DA:38,30
DA:39,30
DA:40,30
DA:44,26
DA:45,1
DA:48,25
DA:49,25
DA:50,25
DA:52,7
DA:53,7
DA:54,7
DA:56,6
DA:57,2
DA:58,4
DA:59,3
DA:60,1
DA:62,2
DA:65,1
DA:69,18
DA:70,18
DA:71,18
DA:72,3
DA:73,3
DA:74,3
DA:75,3
DA:78,15
DA:79,4
DA:80,4
DA:85,4
DA:86,4
DA:87,4
DA:88,4
DA:91,11
DA:92,2
DA:93,2
DA:94,2
DA:95,2
DA:98,9
DA:104,3
DA:117,6
DA:130,18
DA:131,1
DA:134,17
DA:135,17
DA:136,5
DA:137,5
DA:138,3
DA:140,2
DA:144,12
DA:148,2
DA:149,2
LF:68
LH:68
BRDA:44,0,0,1
BRDA:54,1,0,1
BRDA:56,2,0,2
BRDA:56,2,1,4
BRDA:58,3,0,3
BRDA:58,3,1,1
BRDA:59,4,0,1
BRDA:59,4,1,2
BRDA:71,5,0,3
BRDA:71,6,0,18
BRDA:71,6,1,16
BRDA:71,6,2,15
BRDA:72,7,0,3
BRDA:72,7,1,1
BRDA:78,8,0,4
BRDA:79,9,0,4
BRDA:79,9,1,1
BRDA:80,10,0,4
BRDA:80,10,1,3
BRDA:80,10,2,2
BRDA:80,10,3,2
BRDA:85,11,0,3
BRDA:85,11,1,1
BRDA:85,12,0,1
BRDA:85,12,1,0
BRDA:91,13,0,2
BRDA:92,14,0,2
BRDA:92,14,1,1
BRDA:98,15,0,9
BRDA:98,15,1,4
BRDA:130,16,0,1
BRDA:135,17,0,5
BRDA:138,18,0,3
BRDA:138,18,1,2
BRDA:138,18,2,1
BRDA:140,19,0,1
BRDA:140,19,1,1
BRDA:144,20,0,12
BRDA:144,20,1,6
BRDA:144,20,2,5
BRF:40
BRH:39
end_of_record
TN:
SF:src\app\features\auth\verify-email\verify-email.component.ts
FN:17,(anonymous_0)
FN:19,(anonymous_1)
FN:27,(anonymous_2)
FN:28,(anonymous_3)
FNF:4
FNH:4
FNDA:6,(anonymous_0)
FNDA:10,(anonymous_1)
FNDA:3,(anonymous_2)
FNDA:1,(anonymous_3)
DA:1,1
DA:2,1
DA:3,1
DA:4,1
DA:13,1
DA:14,6
DA:15,6
DA:17,6
DA:20,10
DA:21,10
DA:22,6
DA:23,6
DA:26,4
DA:27,3
DA:28,1
LF:15
LH:15
BRDA:21,0,0,6
BRDA:27,1,0,3
BRDA:27,1,1,1
BRF:3
BRH:3
end_of_record
TN:
SF:src\app\features\calendar\calendar.component.ts
FN:48,(anonymous_0)
FN:53,(anonymous_1)
FN:59,(anonymous_2)
FN:67,(anonymous_3)
FN:90,(anonymous_4)
FN:91,(anonymous_5)
FN:92,(anonymous_6)
FN:107,(anonymous_7)
FN:109,(anonymous_8)
FN:118,(anonymous_9)
FN:119,(anonymous_10)
FN:130,(anonymous_11)
FN:131,(anonymous_12)
FN:140,(anonymous_13)
FN:145,(anonymous_14)
FN:172,(anonymous_15)
FN:179,(anonymous_16)
FN:188,(anonymous_17)
FN:199,(anonymous_18)
FN:210,(anonymous_19)
FN:215,(anonymous_20)
FN:221,(anonymous_21)
FN:228,(anonymous_22)
FNF:23
FNH:23
FNDA:20,(anonymous_0)
FNDA:20,(anonymous_1)
FNDA:20,(anonymous_2)
FNDA:20,(anonymous_3)
FNDA:21,(anonymous_4)
FNDA:21,(anonymous_5)
FNDA:1,(anonymous_6)
FNDA:82,(anonymous_7)
FNDA:973,(anonymous_8)
FNDA:84,(anonymous_9)
FNDA:4,(anonymous_10)
FNDA:83,(anonymous_11)
FNDA:9,(anonymous_12)
FNDA:83,(anonymous_13)
FNDA:38,(anonymous_14)
FNDA:48,(anonymous_15)
FNDA:6,(anonymous_16)
FNDA:3,(anonymous_17)
FNDA:4,(anonymous_18)
FNDA:11,(anonymous_19)
FNDA:2,(anonymous_20)
FNDA:2,(anonymous_21)
FNDA:44,(anonymous_22)
DA:1,1
DA:2,1
DA:3,1
DA:4,1
DA:5,1
DA:6,1
DA:7,1
DA:8,1
DA:9,1
DA:34,1
DA:35,20
DA:36,20
DA:37,20
DA:38,20
DA:39,20
DA:40,20
DA:41,20
DA:43,20
DA:49,20
DA:50,20
DA:54,20
DA:55,20
DA:56,20
DA:58,20
DA:59,20
DA:60,20
DA:68,20
DA:91,21
DA:92,21
DA:108,82
DA:109,82
DA:110,973
DA:112,82
DA:119,84
DA:120,4
DA:121,4
DA:122,4
DA:123,4
DA:131,83
DA:132,9
DA:133,6
DA:141,83
DA:142,83
DA:146,38
DA:147,26
DA:151,12
DA:152,6
DA:153,6
DA:154,6
DA:155,6
DA:156,42
DA:157,42
DA:164,6
DA:173,48
DA:174,48
DA:180,6
DA:181,6
DA:182,6
DA:183,6
DA:184,6
DA:185,6
DA:189,3
DA:190,1
DA:191,2
DA:192,1
DA:194,1
DA:196,3
DA:200,4
DA:201,2
DA:202,2
DA:203,1
DA:205,1
DA:207,4
DA:211,11
DA:212,11
DA:216,2
DA:221,2
DA:222,2
DA:223,1
DA:229,44
DA:230,42
DA:231,2
DA:232,1
DA:233,1
DA:234,1
DA:236,1
LF:86
LH:86
BRDA:112,0,0,82
BRDA:112,0,1,81
BRDA:123,1,0,4
BRDA:123,1,1,4
BRDA:132,2,0,3
BRDA:142,3,0,83
BRDA:142,3,1,42
BRDA:146,4,0,26
BRDA:146,4,1,12
BRDA:151,5,0,6
BRDA:151,5,1,6
BRDA:174,6,0,48
BRDA:174,6,1,10
BRDA:174,6,2,10
BRDA:181,7,0,3
BRDA:181,7,1,3
BRDA:185,8,0,6
BRDA:185,8,1,5
BRDA:189,9,0,1
BRDA:189,9,1,2
BRDA:191,10,0,1
BRDA:191,10,1,1
BRDA:200,11,0,2
BRDA:200,11,1,2
BRDA:202,12,0,1
BRDA:202,12,1,1
BRDA:218,13,0,2
BRDA:218,13,1,1
BRDA:222,14,0,1
BRDA:229,15,0,42
BRDA:229,15,1,2
BRDA:231,16,0,1
BRDA:231,16,1,1
BRF:33
BRH:33
end_of_record
TN:
SF:src\app\features\calendar\event-dialog\event-dialog.component.ts
FN:34,(anonymous_0)
FN:47,(anonymous_1)
FN:51,(anonymous_2)
FNF:3
FNH:3
FNDA:8,(anonymous_0)
FNDA:1,(anonymous_1)
FNDA:2,(anonymous_2)
DA:1,2
DA:2,2
DA:3,2
DA:4,2
DA:5,2
DA:6,2
DA:7,2
DA:8,2
DA:9,2
DA:10,2
DA:11,2
DA:31,2
DA:35,8
DA:36,8
DA:37,8
DA:39,8
DA:48,1
DA:52,2
DA:53,1
LF:19
LH:19
BRDA:41,0,0,8
BRDA:41,0,1,2
BRDA:52,1,0,1
BRF:3
BRH:3
end_of_record
TN:
SF:src\app\features\companies\companies.component.ts
FN:15,(anonymous_0)
FNF:1
FNH:1
FNDA:1,(anonymous_0)
DA:1,1
DA:2,1
DA:3,1
DA:4,1
DA:5,1
DA:6,1
DA:15,1
DA:16,1
LF:8
LH:8
BRF:0
BRH:0
end_of_record
TN:
SF:src\app\features\company-management\company-management.component.ts
FN:54,(anonymous_0)
FN:63,(anonymous_1)
FN:69,(anonymous_2)
FN:70,(anonymous_3)
FN:75,(anonymous_4)
FN:76,(anonymous_5)
FN:78,(anonymous_6)
FN:79,(anonymous_7)
FN:86,(anonymous_8)
FN:87,(anonymous_9)
FN:90,(anonymous_10)
FN:91,(anonymous_11)
FN:94,(anonymous_12)
FN:95,(anonymous_13)
FN:98,(anonymous_14)
FN:103,(anonymous_15)
FN:108,(anonymous_16)
FN:117,(anonymous_17)
FN:120,(anonymous_18)
FN:121,(anonymous_19)
FN:134,(anonymous_20)
FN:140,(anonymous_21)
FN:150,(anonymous_22)
FN:153,(anonymous_23)
FN:154,(anonymous_24)
FN:167,(anonymous_25)
FN:173,(anonymous_26)
FN:183,(anonymous_27)
FN:185,(anonymous_28)
FN:187,(anonymous_29)
FN:217,(anonymous_30)
FN:219,(anonymous_31)
FN:220,(anonymous_32)
FN:233,(anonymous_33)
FN:237,(anonymous_34)
FN:239,(anonymous_35)
FN:240,(anonymous_36)
FN:253,(anonymous_37)
FN:257,(anonymous_38)
FN:272,(anonymous_39)
FN:285,(anonymous_40)
FN:289,(anonymous_41)
FNF:42
FNH:42
FNDA:25,(anonymous_0)
FNDA:25,(anonymous_1)
FNDA:26,(anonymous_2)
FNDA:26,(anonymous_3)
FNDA:26,(anonymous_4)
FNDA:26,(anonymous_5)
FNDA:53,(anonymous_6)
FNDA:27,(anonymous_7)
FNDA:51,(anonymous_8)
FNDA:102,(anonymous_9)
FNDA:51,(anonymous_10)
FNDA:102,(anonymous_11)
FNDA:51,(anonymous_12)
FNDA:102,(anonymous_13)
FNDA:26,(anonymous_14)
FNDA:1,(anonymous_15)
FNDA:3,(anonymous_16)
FNDA:3,(anonymous_17)
FNDA:1,(anonymous_18)
FNDA:2,(anonymous_19)
FNDA:1,(anonymous_20)
FNDA:3,(anonymous_21)
FNDA:3,(anonymous_22)
FNDA:1,(anonymous_23)
FNDA:2,(anonymous_24)
FNDA:1,(anonymous_25)
FNDA:3,(anonymous_26)
FNDA:3,(anonymous_27)
FNDA:2,(anonymous_28)
FNDA:2,(anonymous_29)
FNDA:2,(anonymous_30)
FNDA:1,(anonymous_31)
FNDA:2,(anonymous_32)
FNDA:1,(anonymous_33)
FNDA:2,(anonymous_34)
FNDA:1,(anonymous_35)
FNDA:2,(anonymous_36)
FNDA:1,(anonymous_37)
FNDA:2,(anonymous_38)
FNDA:6,(anonymous_39)
FNDA:203,(anonymous_40)
FNDA:105,(anonymous_41)
DA:1,1
DA:2,1
DA:3,1
DA:4,1
DA:5,1
DA:6,1
DA:7,1
DA:8,1
DA:9,1
DA:10,1
DA:11,1
DA:12,1
DA:13,1
DA:14,1
DA:15,1
DA:16,1
DA:17,1
DA:18,1
DA:19,1
DA:20,1
DA:21,1
DA:22,1
DA:45,1
DA:46,25
DA:47,25
DA:48,25
DA:49,25
DA:55,25
DA:56,25
DA:57,25
DA:58,25
DA:59,25
DA:60,25
DA:64,25
DA:65,25
DA:66,25
DA:70,26
DA:71,26
DA:76,26
DA:77,26
DA:78,53
DA:79,27
DA:87,102
DA:91,102
DA:95,102
DA:99,26
DA:100,26
DA:104,1
DA:105,1
DA:109,3
DA:117,3
DA:118,3
DA:119,2
DA:121,2
DA:122,1
DA:123,1
DA:134,1
DA:141,3
DA:150,3
DA:151,3
DA:152,2
DA:154,2
DA:155,1
DA:156,1
DA:167,1
DA:174,3
DA:183,3
DA:184,3
DA:185,2
DA:186,2
DA:187,2
DA:188,1
DA:189,1
DA:199,1
DA:202,1
DA:218,2
DA:220,2
DA:221,1
DA:222,1
DA:233,1
DA:238,2
DA:240,2
DA:241,1
DA:242,1
DA:253,1
DA:258,2
DA:259,1
DA:260,1
DA:263,1
DA:273,6
DA:286,203
DA:290,105
LF:92
LH:92
BRDA:64,0,0,25
BRDA:64,0,1,0
BRDA:81,1,0,27
BRDA:81,1,1,1
BRDA:81,2,0,27
BRDA:81,2,1,1
BRDA:81,3,0,27
BRDA:81,3,1,1
BRDA:118,4,0,2
BRDA:151,5,0,2
BRDA:154,6,0,1
BRDA:154,6,1,1
BRDA:184,7,0,2
BRDA:186,8,0,1
BRDA:220,9,0,1
BRDA:220,9,1,1
BRDA:240,10,0,1
BRDA:240,10,1,1
BRDA:258,11,0,1
BRDA:286,12,0,203
BRDA:286,12,1,202
BRDA:290,13,0,105
BRDA:290,13,1,103
BRF:23
BRH:22
end_of_record
TN:
SF:src\app\features\company-management\company-dialog\company-dialog.component.ts
FN:33,(anonymous_0)
FN:62,(anonymous_1)
FN:66,(anonymous_2)
FN:70,(anonymous_3)
FN:77,(anonymous_4)
FN:82,(anonymous_5)
FN:89,(anonymous_6)
FN:94,(anonymous_7)
FN:98,(anonymous_8)
FN:102,(anonymous_9)
FN:103,(anonymous_10)
FN:105,(anonymous_11)
FN:106,(anonymous_12)
FN:111,(anonymous_13)
FNF:14
FNH:14
FNDA:13,(anonymous_0)
FNDA:1,(anonymous_1)
FNDA:1,(anonymous_2)
FNDA:2,(anonymous_3)
FNDA:1,(anonymous_4)
FNDA:2,(anonymous_5)
FNDA:1,(anonymous_6)
FNDA:29,(anonymous_7)
FNDA:28,(anonymous_8)
FNDA:4,(anonymous_9)
FNDA:4,(anonymous_10)
FNDA:3,(anonymous_11)
FNDA:1,(anonymous_12)
FNDA:29,(anonymous_13)
DA:1,2
DA:2,2
DA:3,2
DA:4,2
DA:5,2
DA:6,2
DA:7,2
DA:8,2
DA:26,2
DA:28,13
DA:29,13
DA:30,13
DA:31,13
DA:34,13
DA:35,13
DA:37,13
DA:38,13
DA:39,13
DA:54,13
DA:55,5
DA:58,13
DA:59,13
DA:63,1
DA:67,1
DA:71,2
DA:72,2
DA:73,1
DA:76,1
DA:77,1
DA:78,1
DA:83,2
DA:84,2
DA:85,1
DA:88,1
DA:89,1
DA:90,1
DA:95,29
DA:99,28
DA:103,4
DA:104,4
DA:105,4
DA:106,4
DA:107,4
DA:112,29
DA:113,18
DA:116,11
DA:117,10
DA:120,1
LF:48
LH:48
BRDA:37,0,0,13
BRDA:37,0,1,8
BRDA:38,1,0,13
BRDA:38,1,1,7
BRDA:39,2,0,5
BRDA:39,2,1,8
BRDA:44,3,0,0
BRDA:44,3,1,8
BRDA:54,4,0,5
BRDA:54,5,0,13
BRDA:54,5,1,5
BRDA:55,6,0,5
BRDA:55,6,1,0
BRDA:55,6,2,0
BRDA:72,7,0,1
BRDA:84,8,0,1
BRDA:95,9,0,29
BRDA:95,9,1,12
BRDA:99,10,0,28
BRDA:99,10,1,12
BRDA:105,11,0,3
BRDA:105,11,1,0
BRDA:112,12,0,18
BRDA:116,13,0,10
BRF:24
BRH:20
end_of_record
TN:
SF:src\app\features\company-management\pdf-preview-dialog\pdf-preview-dialog.component.ts
FN:17,(anonymous_0)
FNF:1
FNH:1
FNDA:6,(anonymous_0)
DA:1,2
DA:2,2
DA:3,2
DA:4,2
DA:5,2
DA:14,2
DA:18,6
DA:19,6
DA:20,6
DA:22,6
LF:10
LH:10
BRF:0
BRH:0
end_of_record
TN:
SF:src\app\features\company-profile\company-profile.component.ts
FN:47,(anonymous_0)
FN:54,(anonymous_1)
FN:62,(anonymous_2)
FN:108,(anonymous_3)
FN:123,(anonymous_4)
FN:144,(anonymous_5)
FN:159,(anonymous_6)
FN:182,(anonymous_7)
FN:189,(anonymous_8)
FN:192,(anonymous_9)
FN:199,(anonymous_10)
FN:202,(anonymous_11)
FN:206,(anonymous_12)
FN:210,(anonymous_13)
FN:211,(anonymous_14)
FN:213,(anonymous_15)
FN:214,(anonymous_16)
FN:219,(anonymous_17)
FNF:18
FNH:18
FNDA:24,(anonymous_0)
FNDA:24,(anonymous_1)
FNDA:23,(anonymous_2)
FNDA:4,(anonymous_3)
FNDA:3,(anonymous_4)
FNDA:1,(anonymous_5)
FNDA:4,(anonymous_6)
FNDA:3,(anonymous_7)
FNDA:2,(anonymous_8)
FNDA:3,(anonymous_9)
FNDA:1,(anonymous_10)
FNDA:61,(anonymous_11)
FNDA:61,(anonymous_12)
FNDA:4,(anonymous_13)
FNDA:4,(anonymous_14)
FNDA:3,(anonymous_15)
FNDA:1,(anonymous_16)
FNDA:8,(anonymous_17)
DA:1,1
DA:2,1
DA:3,1
DA:4,1
DA:5,1
DA:6,1
DA:7,1
DA:8,1
DA:9,1
DA:10,1
DA:11,1
DA:12,1
DA:13,1
DA:14,1
DA:33,1
DA:34,24
DA:35,24
DA:36,24
DA:37,24
DA:38,24
DA:39,24
DA:41,24
DA:48,24
DA:49,24
DA:50,24
DA:51,24
DA:55,24
DA:56,24
DA:57,1
DA:58,1
DA:61,23
DA:62,23
DA:63,23
DA:64,4
DA:80,4
DA:81,4
DA:82,4
DA:83,4
DA:84,4
DA:86,19
DA:101,19
DA:104,23
DA:109,4
DA:124,3
DA:129,3
DA:130,3
DA:131,3
DA:132,3
DA:133,3
DA:145,1
DA:160,4
DA:161,1
DA:162,1
DA:165,3
DA:166,1
DA:176,1
DA:179,2
DA:183,3
DA:184,3
DA:185,1
DA:188,2
DA:189,2
DA:193,3
DA:194,3
DA:195,1
DA:198,2
DA:199,2
DA:203,61
DA:207,61
DA:211,4
DA:212,4
DA:213,4
DA:214,4
DA:215,4
DA:220,8
DA:221,2
DA:224,6
DA:225,5
DA:228,1
LF:79
LH:79
BRDA:56,0,0,1
BRDA:63,1,0,4
BRDA:63,1,1,19
BRDA:67,2,0,4
BRDA:67,2,1,1
BRDA:71,3,0,4
BRDA:71,3,1,1
BRDA:72,4,0,4
BRDA:72,4,1,1
BRDA:73,5,0,4
BRDA:73,5,1,1
BRDA:74,6,0,4
BRDA:74,6,1,4
BRDA:75,7,0,4
BRDA:75,7,1,1
BRDA:76,8,0,4
BRDA:76,8,1,2
BRDA:76,8,2,1
BRDA:77,9,0,4
BRDA:77,9,1,4
BRDA:77,9,2,3
BRDA:83,10,0,4
BRDA:83,10,1,1
BRDA:84,11,0,4
BRDA:84,11,1,1
BRDA:121,12,0,2
BRDA:121,12,1,2
BRDA:126,13,0,3
BRDA:126,13,1,1
BRDA:126,13,2,1
BRDA:127,14,0,3
BRDA:127,14,1,3
BRDA:127,14,2,3
BRDA:160,15,0,1
BRDA:165,16,0,1
BRDA:184,17,0,1
BRDA:194,18,0,1
BRDA:203,19,0,61
BRDA:203,19,1,14
BRDA:207,20,0,61
BRDA:207,20,1,2
BRDA:213,21,0,3
BRDA:213,21,1,1
BRDA:220,22,0,2
BRDA:224,23,0,5
BRF:45
BRH:45
end_of_record
TN:
SF:src\app\features\company-waiting\company-waiting.component.ts
FNF:0
FNH:0
DA:1,1
DA:2,1
DA:3,1
DA:4,1
DA:5,1
DA:14,1
LF:6
LH:6
BRF:0
BRH:0
end_of_record
TN:
SF:src\app\features\dashboard\dashboard.component.ts
FN:19,(anonymous_0)
FN:21,(anonymous_1)
FN:30,(anonymous_2)
FN:32,(anonymous_3)
FN:35,(anonymous_4)
FNF:5
FNH:5
FNDA:11,(anonymous_0)
FNDA:11,(anonymous_1)
FNDA:5,(anonymous_2)
FNDA:4,(anonymous_3)
FNDA:1,(anonymous_4)
DA:1,1
DA:2,1
DA:3,1
DA:5,1
DA:14,1
DA:15,11
DA:16,11
DA:17,11
DA:19,11
DA:22,11
DA:23,11
DA:25,11
DA:26,5
DA:31,5
DA:33,4
DA:36,1
LF:16
LH:16
BRDA:25,0,0,5
BRDA:33,1,0,4
BRDA:33,1,1,1
BRF:3
BRH:3
end_of_record
TN:
SF:src\app\features\dashboard\driver-dashboard\driver-dashboard.component.ts
FN:119,(anonymous_0)
FN:216,(anonymous_1)
FN:129,(anonymous_2)
FN:131,(anonymous_3)
FN:133,(anonymous_4)
FN:136,(anonymous_5)
FN:137,(anonymous_6)
FN:154,(anonymous_7)
FN:158,(anonymous_8)
FN:161,(anonymous_9)
FN:167,(anonymous_10)
FN:171,(anonymous_11)
FN:174,(anonymous_12)
FN:180,(anonymous_13)
FN:184,(anonymous_14)
FN:187,(anonymous_15)
FN:195,(anonymous_16)
FN:197,(anonymous_17)
FN:197,(anonymous_18)
FN:201,(anonymous_19)
FN:201,(anonymous_20)
FN:208,(anonymous_21)
FN:218,(anonymous_22)
FN:230,(anonymous_23)
FN:248,(anonymous_24)
FN:249,(anonymous_25)
FN:254,(anonymous_26)
FN:262,(anonymous_27)
FN:272,(anonymous_28)
FN:286,(anonymous_29)
FN:287,(anonymous_30)
FN:294,(anonymous_31)
FN:296,(anonymous_32)
FN:309,(anonymous_33)
FN:315,(anonymous_34)
FN:319,(anonymous_35)
FN:329,(anonymous_36)
FN:334,(anonymous_37)
FN:339,(anonymous_38)
FN:344,(anonymous_39)
FN:348,(anonymous_40)
FN:352,(anonymous_41)
FN:357,(anonymous_42)
FN:361,(anonymous_43)
FN:365,(anonymous_44)
FN:370,(anonymous_45)
FN:374,(anonymous_46)
FN:403,(anonymous_47)
FN:404,(anonymous_48)
FN:406,(anonymous_49)
FN:407,(anonymous_50)
FN:408,(anonymous_51)
FN:409,(anonymous_52)
FN:410,(anonymous_53)
FN:412,(anonymous_54)
FN:413,(anonymous_55)
FN:414,(anonymous_56)
FN:431,(anonymous_57)
FN:449,(anonymous_58)
FN:469,(anonymous_59)
FN:470,(anonymous_60)
FN:474,(anonymous_61)
FN:479,(anonymous_62)
FN:483,(anonymous_63)
FN:484,(anonymous_64)
FN:487,(anonymous_65)
FN:491,(anonymous_66)
FN:495,(anonymous_67)
FN:499,(anonymous_68)
FN:503,(anonymous_69)
FN:511,(anonymous_70)
FN:519,(anonymous_71)
FN:529,(anonymous_72)
FN:534,(anonymous_73)
FN:539,(anonymous_74)
FN:549,(anonymous_75)
FN:564,(anonymous_76)
FN:569,(anonymous_77)
FN:578,(anonymous_78)
FN:583,(anonymous_79)
FN:584,(anonymous_80)
FN:589,(anonymous_81)
FN:601,(anonymous_82)
FN:610,(anonymous_83)
FN:615,(anonymous_84)
FN:627,(anonymous_85)
FN:633,(anonymous_86)
FN:639,(anonymous_87)
FN:648,(anonymous_88)
FN:651,(anonymous_89)
FN:673,(anonymous_90)
FN:682,(anonymous_91)
FN:685,(anonymous_92)
FN:692,(anonymous_93)
FN:693,(anonymous_94)
FN:698,(anonymous_95)
FN:699,(anonymous_96)
FN:716,(anonymous_97)
FN:727,(anonymous_98)
FN:728,(anonymous_99)
FN:732,(anonymous_100)
FN:743,(anonymous_101)
FN:750,(anonymous_102)
FN:753,(anonymous_103)
FN:762,(anonymous_104)
FN:764,(anonymous_105)
FN:765,(anonymous_106)
FN:778,(anonymous_107)
FN:779,(anonymous_108)
FN:780,(anonymous_109)
FN:786,(anonymous_110)
FN:819,(anonymous_111)
FN:833,(anonymous_112)
FN:862,(anonymous_113)
FN:871,(anonymous_114)
FN:884,(anonymous_115)
FN:895,(anonymous_116)
FN:897,(anonymous_117)
FN:901,(anonymous_118)
FNF:119
FNH:115
FNDA:49,(anonymous_0)
FNDA:1,(anonymous_1)
FNDA:49,(anonymous_2)
FNDA:50,(anonymous_3)
FNDA:0,(anonymous_4)
FNDA:1,(anonymous_5)
FNDA:49,(anonymous_6)
FNDA:1,(anonymous_7)
FNDA:49,(anonymous_8)
FNDA:49,(anonymous_9)
FNDA:1,(anonymous_10)
FNDA:49,(anonymous_11)
FNDA:49,(anonymous_12)
FNDA:1,(anonymous_13)
FNDA:49,(anonymous_14)
FNDA:49,(anonymous_15)
FNDA:2,(anonymous_16)
FNDA:0,(anonymous_17)
FNDA:2,(anonymous_18)
FNDA:0,(anonymous_19)
FNDA:2,(anonymous_20)
FNDA:50,(anonymous_21)
FNDA:2,(anonymous_22)
FNDA:49,(anonymous_23)
FNDA:3,(anonymous_24)
FNDA:2,(anonymous_25)
FNDA:2,(anonymous_26)
FNDA:6,(anonymous_27)
FNDA:3,(anonymous_28)
FNDA:4,(anonymous_29)
FNDA:4,(anonymous_30)
FNDA:7,(anonymous_31)
FNDA:1,(anonymous_32)
FNDA:364,(anonymous_33)
FNDA:364,(anonymous_34)
FNDA:1091,(anonymous_35)
FNDA:727,(anonymous_36)
FNDA:443,(anonymous_37)
FNDA:436,(anonymous_38)
FNDA:435,(anonymous_39)
FNDA:458,(anonymous_40)
FNDA:365,(anonymous_41)
FNDA:365,(anonymous_42)
FNDA:364,(anonymous_43)
FNDA:2,(anonymous_44)
FNDA:78,(anonymous_45)
FNDA:263,(anonymous_46)
FNDA:263,(anonymous_47)
FNDA:136,(anonymous_48)
FNDA:227,(anonymous_49)
FNDA:227,(anonymous_50)
FNDA:227,(anonymous_51)
FNDA:227,(anonymous_52)
FNDA:227,(anonymous_53)
FNDA:227,(anonymous_54)
FNDA:227,(anonymous_55)
FNDA:227,(anonymous_56)
FNDA:7633,(anonymous_57)
FNDA:6722,(anonymous_58)
FNDA:642,(anonymous_59)
FNDA:974,(anonymous_60)
FNDA:133,(anonymous_61)
FNDA:146,(anonymous_62)
FNDA:7,(anonymous_63)
FNDA:21,(anonymous_64)
FNDA:2,(anonymous_65)
FNDA:2,(anonymous_66)
FNDA:2,(anonymous_67)
FNDA:979,(anonymous_68)
FNDA:2362,(anonymous_69)
FNDA:7996,(anonymous_70)
FNDA:229,(anonymous_71)
FNDA:2144,(anonymous_72)
FNDA:1214,(anonymous_73)
FNDA:737,(anonymous_74)
FNDA:7494,(anonymous_75)
FNDA:2220,(anonymous_76)
FNDA:17437,(anonymous_77)
FNDA:227,(anonymous_78)
FNDA:263,(anonymous_79)
FNDA:174,(anonymous_80)
FNDA:21,(anonymous_81)
FNDA:12,(anonymous_82)
FNDA:263,(anonymous_83)
FNDA:174,(anonymous_84)
FNDA:263,(anonymous_85)
FNDA:4,(anonymous_86)
FNDA:1,(anonymous_87)
FNDA:263,(anonymous_88)
FNDA:2,(anonymous_89)
FNDA:2,(anonymous_90)
FNDA:0,(anonymous_91)
FNDA:263,(anonymous_92)
FNDA:3,(anonymous_93)
FNDA:3,(anonymous_94)
FNDA:1,(anonymous_95)
FNDA:1,(anonymous_96)
FNDA:10,(anonymous_97)
FNDA:78,(anonymous_98)
FNDA:25,(anonymous_99)
FNDA:49,(anonymous_100)
FNDA:50,(anonymous_101)
FNDA:95,(anonymous_102)
FNDA:3922,(anonymous_103)
FNDA:51,(anonymous_104)
FNDA:2,(anonymous_105)
FNDA:51,(anonymous_106)
FNDA:1,(anonymous_107)
FNDA:51,(anonymous_108)
FNDA:39,(anonymous_109)
FNDA:11,(anonymous_110)
FNDA:9,(anonymous_111)
FNDA:66,(anonymous_112)
FNDA:132,(anonymous_113)
FNDA:66,(anonymous_114)
FNDA:11,(anonymous_115)
FNDA:11,(anonymous_116)
FNDA:18,(anonymous_117)
FNDA:10,(anonymous_118)
DA:1,1
DA:2,1
DA:3,1
DA:4,1
DA:5,1
DA:6,1
DA:7,1
DA:8,1
DA:9,1
DA:10,1
DA:11,1
DA:12,1
DA:13,1
DA:14,1
DA:53,1
DA:56,49
DA:64,49
DA:65,49
DA:66,49
DA:67,49
DA:69,49
DA:70,49
DA:71,49
DA:72,49
DA:73,49
DA:74,49
DA:75,49
DA:76,49
DA:77,49
DA:78,49
DA:79,49
DA:80,49
DA:81,49
DA:82,49
DA:83,49
DA:94,49
DA:95,49
DA:96,49
DA:97,49
DA:98,49
DA:99,49
DA:100,49
DA:101,49
DA:102,49
DA:105,49
DA:106,49
DA:108,49
DA:110,49
DA:111,49
DA:112,49
DA:113,49
DA:114,49
DA:115,49
DA:116,49
DA:117,49
DA:120,49
DA:121,49
DA:122,49
DA:123,49
DA:124,49
DA:125,49
DA:126,49
DA:130,49
DA:131,50
DA:132,49
DA:133,49
DA:135,49
DA:136,1
DA:138,49
DA:139,49
DA:140,49
DA:141,49
DA:143,49
DA:144,1
DA:146,48
DA:148,49
DA:151,49
DA:153,49
DA:155,1
DA:156,1
DA:159,49
DA:162,49
DA:163,49
DA:166,49
DA:168,1
DA:169,1
DA:172,49
DA:175,49
DA:176,49
DA:179,49
DA:181,1
DA:182,1
DA:185,49
DA:188,49
DA:189,49
DA:192,49
DA:193,49
DA:196,2
DA:197,2
DA:198,2
DA:199,2
DA:201,2
[...]
TN:
SF:src\app\features\trips\trips.component.ts
FN:147,(anonymous_0)
FN:98,(anonymous_1)
FN:158,(anonymous_2)
FN:159,(anonymous_3)
FN:169,(anonymous_4)
FN:178,(anonymous_5)
FN:179,(anonymous_6)
FN:180,(anonymous_7)
FN:183,(anonymous_8)
FN:188,(anonymous_9)
FN:194,(anonymous_10)
FN:195,(anonymous_11)
FN:200,(anonymous_12)
FN:212,(anonymous_13)
FN:220,(anonymous_14)
FN:221,(anonymous_15)
FN:224,(anonymous_16)
FN:225,(anonymous_17)
FN:228,(anonymous_18)
FN:229,(anonymous_19)
FN:236,(anonymous_20)
FN:250,(anonymous_21)
FN:271,(anonymous_22)
FN:280,(anonymous_23)
FN:283,(anonymous_24)
FN:301,(anonymous_25)
FN:308,(anonymous_26)
FN:318,(anonymous_27)
FN:321,(anonymous_28)
FN:337,(anonymous_29)
FN:338,(anonymous_30)
FN:347,(anonymous_31)
FN:355,(anonymous_32)
FN:376,(anonymous_33)
FN:391,(anonymous_34)
FN:396,(anonymous_35)
FN:400,(anonymous_36)
FN:410,(anonymous_37)
FN:412,(anonymous_38)
FN:413,(anonymous_39)
FN:424,(anonymous_40)
FN:426,(anonymous_41)
FN:443,(anonymous_42)
FN:444,(anonymous_43)
FN:447,(anonymous_44)
FN:451,(anonymous_45)
FN:481,(anonymous_46)
FN:491,(anonymous_47)
FN:493,(anonymous_48)
FN:498,(anonymous_49)
FN:504,(anonymous_50)
FN:509,(anonymous_51)
FN:515,(anonymous_52)
FN:543,(anonymous_53)
FN:583,(anonymous_54)
FN:596,(anonymous_55)
FN:603,(anonymous_56)
FN:613,(anonymous_57)
FN:618,(anonymous_58)
FNF:59
FNH:59
FNDA:60,(anonymous_0)
FNDA:2,(anonymous_1)
FNDA:60,(anonymous_2)
FNDA:62,(anonymous_3)
FNDA:3,(anonymous_4)
FNDA:60,(anonymous_5)
FNDA:60,(anonymous_6)
FNDA:60,(anonymous_7)
FNDA:60,(anonymous_8)
FNDA:63,(anonymous_9)
FNDA:123,(anonymous_10)
FNDA:123,(anonymous_11)
FNDA:123,(anonymous_12)
FNDA:3,(anonymous_13)
FNDA:248,(anonymous_14)
FNDA:496,(anonymous_15)
FNDA:248,(anonymous_16)
FNDA:496,(anonymous_17)
FNDA:248,(anonymous_18)
FNDA:496,(anonymous_19)
FNDA:60,(anonymous_20)
FNDA:631,(anonymous_21)
FNDA:3,(anonymous_22)
FNDA:1,(anonymous_23)
FNDA:3,(anonymous_24)
FNDA:1,(anonymous_25)
FNDA:5,(anonymous_26)
FNDA:4,(anonymous_27)
FNDA:2,(anonymous_28)
FNDA:1,(anonymous_29)
FNDA:1,(anonymous_30)
FNDA:2,(anonymous_31)
FNDA:4,(anonymous_32)
FNDA:3,(anonymous_33)
FNDA:11,(anonymous_34)
FNDA:8,(anonymous_35)
FNDA:2,(anonymous_36)
FNDA:2,(anonymous_37)
FNDA:1,(anonymous_38)
FNDA:2,(anonymous_39)
FNDA:3,(anonymous_40)
FNDA:3,(anonymous_41)
FNDA:1,(anonymous_42)
FNDA:1,(anonymous_43)
FNDA:1,(anonymous_44)
FNDA:5,(anonymous_45)
FNDA:6,(anonymous_46)
FNDA:2,(anonymous_47)
FNDA:3,(anonymous_48)
FNDA:81,(anonymous_49)
FNDA:3,(anonymous_50)
FNDA:72,(anonymous_51)
FNDA:4,(anonymous_52)
FNDA:11,(anonymous_53)
FNDA:7,(anonymous_54)
FNDA:8,(anonymous_55)
FNDA:8,(anonymous_56)
FNDA:641,(anonymous_57)
FNDA:5,(anonymous_58)
DA:1,1
DA:2,1
DA:3,1
DA:4,1
DA:5,1
DA:6,1
DA:7,1
DA:8,1
DA:9,1
DA:10,1
DA:11,1
DA:12,1
DA:13,1
DA:14,1
DA:15,1
DA:16,1
DA:17,1
DA:18,1
DA:19,1
DA:20,1
DA:21,1
DA:22,1
DA:24,1
DA:25,1
DA:26,1
DA:27,1
DA:56,1
DA:58,60
DA:59,60
DA:65,60
DA:92,60
DA:93,60
DA:99,2
DA:100,2
DA:101,2
DA:102,1
DA:103,1
DA:104,1
DA:105,1
DA:114,60
DA:115,60
DA:116,60
DA:120,60
DA:121,60
DA:122,60
DA:123,60
DA:124,60
DA:125,60
DA:126,60
DA:127,60
DA:130,60
DA:131,60
DA:132,60
DA:133,60
DA:134,60
DA:135,60
DA:142,60
DA:143,60
DA:144,60
DA:145,60
DA:148,60
DA:149,60
DA:150,60
DA:151,60
DA:152,60
DA:153,60
DA:154,60
DA:155,60
DA:159,60
DA:160,62
DA:161,62
DA:162,62
DA:163,61
DA:167,60
DA:170,3
DA:171,2
DA:175,60
DA:177,60
DA:178,60
DA:179,60
DA:180,60
DA:184,60
DA:185,60
DA:189,63
DA:190,63
DA:191,63
DA:195,123
DA:196,123
DA:197,123
DA:200,123
DA:201,123
DA:208,123
DA:213,3
DA:214,3
DA:215,3
DA:216,3
DA:221,496
DA:225,496
DA:229,496
DA:237,60
DA:251,631
DA:252,631
DA:253,631
DA:254,631
DA:256,631
DA:257,9
DA:258,9
DA:259,9
DA:260,9
DA:261,9
DA:262,9
DA:264,9
DA:265,2
DA:268,629
DA:272,3
DA:273,3
DA:274,3
DA:275,3
DA:276,3
DA:277,3
DA:278,3
DA:279,3
DA:280,3
DA:284,3
DA:285,3
DA:286,3
DA:287,3
DA:289,3
DA:301,3
DA:302,1
DA:303,1
DA:304,1
DA:309,5
DA:310,5
DA:311,5
DA:312,5
DA:313,5
DA:314,5
DA:315,5
DA:319,4
DA:320,3
DA:321,3
DA:322,3
DA:336,3
DA:337,1
DA:338,1
DA:339,1
DA:340,1
DA:341,1
DA:343,1
DA:344,1
DA:347,2
DA:348,2
DA:349,2
DA:350,2
DA:356,4
DA:358,4
DA:359,1
DA:360,1
DA:361,1
DA:362,1
DA:363,1
DA:366,3
DA:368,3
DA:369,0
DA:370,0
DA:371,0
DA:372,0
DA:373,0
DA:376,3
DA:377,3
DA:378,3
DA:379,2
DA:380,2
DA:381,2
DA:383,1
DA:384,1
DA:385,1
DA:387,3
DA:392,11
DA:393,3
DA:396,8
DA:397,8
DA:401,2
DA:410,2
DA:411,2
DA:412,1
DA:413,2
DA:414,1
DA:425,3
DA:426,3
DA:427,3
DA:428,3
DA:430,3
DA:437,3
DA:438,3
DA:439,3
DA:441,3
DA:443,3
DA:444,1
DA:447,3
DA:452,5
DA:453,4
DA:454,4
DA:456,4
DA:457,2
DA:458,2
DA:459,2
DA:460,2
DA:461,2
DA:462,2
DA:463,1
DA:464,1
DA:465,1
DA:466,1
DA:470,1
DA:471,1
DA:473,1
DA:474,1
DA:475,1
DA:476,1
DA:478,4
DA:482,6
DA:492,2
DA:493,3
DA:494,1
DA:495,1
DA:499,81
DA:500,81
DA:501,81
DA:505,3
DA:506,3
DA:510,72
DA:511,72
DA:512,72
DA:516,4
DA:517,3
DA:518,3
DA:519,3
DA:520,3
DA:521,1
DA:522,1
DA:523,1
DA:525,3
DA:526,1
DA:527,1
DA:528,1
DA:530,3
DA:531,1
DA:534,1
DA:535,1
DA:544,11
DA:545,10
DA:546,10
DA:547,7
DA:550,3
DA:551,3
DA:552,3
DA:553,0
DA:556,3
DA:570,3
DA:571,3
DA:572,2
DA:573,2
DA:574,2
DA:575,2
DA:576,2
DA:580,1
DA:584,7
DA:585,1
DA:588,6
DA:589,6
DA:590,1
DA:593,5
DA:597,8
DA:598,8
DA:599,8
DA:600,8
DA:604,8
DA:605,8
DA:606,8
DA:607,8
DA:608,8
DA:609,8
DA:610,8
DA:614,641
DA:615,640
DA:619,5
LF:288
LH:282
BRDA:101,0,0,1
BRDA:161,1,0,62
BRDA:161,1,1,62
BRDA:162,2,0,61
BRDA:170,3,0,2
BRDA:170,4,0,3
BRDA:170,4,1,2
BRDA:215,5,0,3
BRDA:229,6,0,496
BRDA:229,6,1,496
BRDA:252,7,0,631
BRDA:252,7,1,9
BRDA:254,8,0,631
BRDA:254,8,1,9
BRDA:256,9,0,9
BRDA:256,10,0,631
BRDA:256,10,1,14
BRDA:261,11,0,9
BRDA:261,11,1,0
BRDA:261,12,0,9
BRDA:261,12,1,0
BRDA:262,13,0,9
BRDA:262,13,1,0
BRDA:262,14,0,9
BRDA:262,14,1,0
BRDA:264,15,0,2
BRDA:287,16,0,3
BRDA:287,16,1,0
BRDA:292,17,0,3
BRDA:292,17,1,2
BRDA:293,18,0,3
BRDA:293,18,1,0
BRDA:293,19,0,3
BRDA:293,19,1,2
BRDA:294,20,0,1
BRDA:294,20,1,2
BRDA:294,21,0,0
BRDA:294,21,1,2
BRDA:295,22,0,1
BRDA:295,22,1,2
BRDA:295,23,0,1
BRDA:295,23,1,0
BRDA:295,24,0,0
BRDA:295,24,1,2
BRDA:295,25,0,0
BRDA:295,25,1,0
BRDA:319,26,0,1
BRDA:321,27,0,3
BRDA:321,27,1,2
BRDA:321,27,2,0
BRDA:323,28,0,1
BRDA:323,28,1,2
BRDA:323,29,0,3
BRDA:323,29,1,1
BRDA:327,30,0,3
BRDA:327,30,1,0
BRDA:333,31,0,3
BRDA:333,31,1,0
BRDA:336,32,0,1
BRDA:336,32,1,2
BRDA:336,33,0,3
BRDA:336,33,1,1
BRDA:339,34,0,1
BRDA:358,35,0,1
BRDA:368,36,0,0
BRDA:378,37,0,2
BRDA:378,37,1,1
BRDA:378,38,0,3
BRDA:378,38,1,2
BRDA:392,39,0,3
BRDA:396,40,0,8
BRDA:396,40,1,3
BRDA:397,41,0,6
BRDA:397,41,1,2
BRDA:411,42,0,1
BRDA:428,43,0,0
BRDA:452,44,0,1
BRDA:456,45,0,2
BRDA:456,45,1,2
BRDA:462,46,0,1
BRDA:462,46,1,1
BRDA:465,47,0,1
BRDA:492,48,0,1
BRDA:499,49,0,6
BRDA:499,50,0,81
BRDA:499,50,1,6
BRDA:500,51,0,3
BRDA:500,52,0,81
BRDA:500,52,1,3
BRDA:501,53,0,3
BRDA:501,54,0,81
BRDA:501,54,1,3
BRDA:511,55,0,11
BRDA:516,56,0,1
BRDA:520,57,0,1
BRDA:525,58,0,1
BRDA:530,59,0,1
BRDA:530,60,0,3
BRDA:530,60,1,1
BRDA:530,60,2,1
BRDA:530,60,3,1
BRDA:544,61,0,1
BRDA:546,62,0,7
BRDA:552,63,0,0
BRDA:571,64,0,2
BRDA:573,65,0,2
BRDA:573,65,1,0
BRDA:575,66,0,2
BRDA:575,67,0,2
BRDA:575,67,1,2
BRDA:575,67,2,2
BRDA:584,68,0,1
BRDA:589,69,0,1
BRDA:597,70,0,8
BRDA:597,70,1,1
BRDA:599,71,0,8
BRDA:599,71,1,0
BRDA:599,72,0,8
BRDA:599,72,1,0
BRDA:614,73,0,1
BRF:120
BRH:100
end_of_record
TN:
SF:src\app\features\trips-map\trips-map.component.ts
FN:26,(anonymous_0)
FN:28,(anonymous_1)
FN:30,(anonymous_2)
FN:33,(anonymous_3)
FN:38,(anonymous_4)
FN:45,(anonymous_5)
FN:46,(anonymous_6)
FN:47,(anonymous_7)
FN:53,(anonymous_8)
FN:69,(anonymous_9)
FN:72,(anonymous_10)
FN:77,(anonymous_11)
FN:79,(anonymous_12)
FN:80,(anonymous_13)
FN:85,(anonymous_14)
FN:122,(anonymous_15)
FN:123,(anonymous_16)
FN:134,(anonymous_17)
FN:137,(anonymous_18)
FN:149,(anonymous_19)
FN:159,(anonymous_20)
FN:169,(anonymous_21)
FN:178,(anonymous_22)
FN:191,(anonymous_23)
FN:201,(anonymous_24)
FN:222,(anonymous_25)
FN:243,(anonymous_26)
FN:255,(anonymous_27)
FN:256,(anonymous_28)
FN:257,(anonymous_29)
FN:260,(anonymous_30)
FNF:31
FNH:31
FNDA:19,(anonymous_0)
FNDA:19,(anonymous_1)
FNDA:1,(anonymous_2)
FNDA:19,(anonymous_3)
FNDA:20,(anonymous_4)
FNDA:20,(anonymous_5)
FNDA:20,(anonymous_6)
FNDA:80,(anonymous_7)
FNDA:20,(anonymous_8)
FNDA:19,(anonymous_9)
FNDA:49,(anonymous_10)
FNDA:112,(anonymous_11)
FNDA:28,(anonymous_12)
FNDA:56,(anonymous_13)
FNDA:69,(anonymous_14)
FNDA:1,(anonymous_15)
FNDA:1,(anonymous_16)
FNDA:29,(anonymous_17)
FNDA:69,(anonymous_18)
FNDA:197,(anonymous_19)
FNDA:68,(anonymous_20)
FNDA:136,(anonymous_21)
FNDA:68,(anonymous_22)
FNDA:136,(anonymous_23)
FNDA:70,(anonymous_24)
FNDA:70,(anonymous_25)
FNDA:70,(anonymous_26)
FNDA:20,(anonymous_27)
FNDA:40,(anonymous_28)
FNDA:80,(anonymous_29)
FNDA:158,(anonymous_30)
DA:1,1
DA:2,1
DA:3,1
DA:4,1
DA:5,1
DA:6,1
DA:7,1
DA:8,1
DA:17,1
DA:18,19
DA:19,19
DA:20,19
DA:21,19
DA:22,19
DA:23,19
DA:24,19
DA:26,19
DA:29,19
DA:30,19
DA:34,19
DA:35,19
DA:39,20
DA:40,18
DA:42,20
DA:46,20
DA:47,80
DA:48,20
DA:49,20
DA:54,20
DA:55,1
DA:58,19
DA:65,19
DA:69,19
DA:73,49
DA:74,20
DA:77,112
DA:78,29
DA:79,29
DA:80,56
DA:81,29
DA:82,29
DA:84,29
DA:85,29
DA:86,69
DA:87,0
DA:90,69
DA:91,69
DA:92,69
DA:93,66
DA:94,66
DA:97,69
DA:98,69
DA:99,69
DA:101,69
DA:102,68
DA:103,68
DA:104,68
DA:105,68
DA:106,68
DA:109,69
DA:110,68
DA:111,68
DA:112,68
DA:113,68
DA:114,68
DA:117,69
DA:118,68
DA:121,68
DA:122,68
DA:123,68
DA:124,68
DA:125,68
DA:126,68
DA:130,29
DA:131,28
DA:134,29
DA:138,69
DA:139,1
DA:142,68
DA:143,68
DA:144,67
DA:149,197
DA:150,67
DA:151,1
DA:153,66
DA:155,1
DA:160,68
DA:161,68
DA:170,136
DA:179,68
DA:192,136
DA:202,70
DA:203,68
DA:206,2
DA:207,1
DA:208,1
DA:209,0
DA:210,0
DA:211,0
DA:212,0
DA:215,1
DA:219,1
DA:223,70
DA:224,68
DA:227,2
DA:228,1
DA:229,1
DA:230,0
DA:231,0
DA:232,0
DA:233,0
DA:236,1
DA:240,1
DA:244,70
DA:245,66
DA:248,4
DA:249,2
DA:252,2
DA:256,40
DA:257,80
DA:258,20
DA:259,20
DA:260,158
DA:261,20
DA:262,20
DA:263,18
DA:264,18
LF:127
LH:118
BRDA:39,0,0,18
BRDA:47,1,0,80
BRDA:47,1,1,60
BRDA:47,1,2,40
BRDA:54,2,0,1
BRDA:73,3,0,20
BRDA:86,4,0,0
BRDA:86,5,0,69
BRDA:86,5,1,40
BRDA:86,5,2,20
BRDA:90,6,0,69
BRDA:90,6,1,1
BRDA:92,7,0,66
BRDA:101,8,0,68
BRDA:103,9,0,68
BRDA:103,9,1,0
BRDA:109,10,0,68
BRDA:111,11,0,68
BRDA:111,11,1,0
BRDA:117,12,0,68
BRDA:130,13,0,28
BRDA:138,14,0,1
BRDA:144,15,0,64
BRDA:144,15,1,3
BRDA:146,16,0,1
BRDA:146,16,1,2
BRDA:148,17,0,2
BRDA:148,17,1,1
BRDA:149,18,0,67
BRDA:149,18,1,0
BRDA:150,19,0,1
BRDA:160,20,0,68
BRDA:160,20,1,1
BRDA:162,21,0,68
BRDA:162,21,1,1
BRDA:181,22,0,68
BRDA:181,22,1,1
BRDA:182,23,0,68
BRDA:182,23,1,1
BRDA:183,24,0,68
BRDA:183,24,1,0
BRDA:183,25,0,68
BRDA:183,25,1,0
BRDA:184,26,0,68
BRDA:184,26,1,0
BRDA:185,27,0,66
BRDA:185,27,1,2
BRDA:186,28,0,67
BRDA:186,28,1,1
BRDA:196,29,0,136
BRDA:196,29,1,2
BRDA:196,30,0,136
BRDA:196,30,1,2
BRDA:202,31,0,68
BRDA:202,32,0,70
BRDA:202,32,1,68
BRDA:206,33,0,1
BRDA:210,34,0,0
BRDA:210,35,0,0
BRDA:210,35,1,0
BRDA:223,36,0,68
BRDA:223,37,0,70
BRDA:223,37,1,68
BRDA:227,38,0,1
BRDA:231,39,0,0
BRDA:231,40,0,0
BRDA:231,40,1,0
BRDA:244,41,0,66
BRDA:244,42,0,70
BRDA:244,42,1,66
BRDA:248,43,0,2
BRDA:248,44,0,4
BRDA:248,44,1,3
BRDA:249,45,0,2
BRDA:249,45,1,1
BRDA:252,46,0,2
BRDA:252,46,1,1
BRDA:262,47,0,18
BRF:78
BRH:65
end_of_record
TN:
SF:src\app\features\user-management\user-management.component.ts
FN:94,(anonymous_0)
FN:101,(anonymous_1)
FN:106,(anonymous_2)
FN:111,(anonymous_3)
FN:112,(anonymous_4)
FN:115,(anonymous_5)
FN:116,(anonymous_6)
FN:119,(anonymous_7)
FN:120,(anonymous_8)
FN:123,(anonymous_9)
FN:128,(anonymous_10)
FN:138,(anonymous_11)
FN:155,(anonymous_12)
FN:162,(anonymous_13)
FN:164,(anonymous_14)
FN:181,(anonymous_15)
FN:187,(anonymous_16)
FN:195,(anonymous_17)
FN:212,(anonymous_18)
FN:218,(anonymous_19)
FN:220,(anonymous_20)
FN:237,(anonymous_21)
FN:246,(anonymous_22)
FN:250,(anonymous_23)
FN:254,(anonymous_24)
FN:260,(anonymous_25)
FN:262,(anonymous_26)
FN:276,(anonymous_27)
FN:284,(anonymous_28)
FN:293,(anonymous_29)
FN:301,(anonymous_30)
FN:306,(anonymous_31)
FN:315,(anonymous_32)
FN:320,(anonymous_33)
FN:326,(anonymous_34)
FN:336,(anonymous_35)
FN:342,(anonymous_36)
FN:346,(anonymous_37)
FN:353,(anonymous_38)
FN:355,(anonymous_39)
FN:356,(anonymous_40)
FN:382,(anonymous_41)
FN:386,(anonymous_42)
FN:387,(anonymous_43)
FN:393,(anonymous_44)
FN:407,(anonymous_45)
FN:433,(anonymous_46)
FN:463,(anonymous_47)
FN:474,(anonymous_48)
FN:487,(anonymous_49)
FNF:50
FNH:50
FNDA:48,(anonymous_0)
FNDA:48,(anonymous_1)
FNDA:48,(anonymous_2)
FNDA:97,(anonymous_3)
FNDA:184,(anonymous_4)
FNDA:97,(anonymous_5)
FNDA:184,(anonymous_6)
FNDA:97,(anonymous_7)
FNDA:184,(anonymous_8)
FNDA:2,(anonymous_9)
FNDA:11,(anonymous_10)
FNDA:8,(anonymous_11)
FNDA:10,(anonymous_12)
FNDA:2,(anonymous_13)
FNDA:1,(anonymous_14)
FNDA:1,(anonymous_15)
FNDA:3,(anonymous_16)
FNDA:1,(anonymous_17)
FNDA:1,(anonymous_18)
FNDA:2,(anonymous_19)
FNDA:1,(anonymous_20)
FNDA:1,(anonymous_21)
FNDA:1,(anonymous_22)
FNDA:1,(anonymous_23)
FNDA:4,(anonymous_24)
FNDA:2,(anonymous_25)
FNDA:1,(anonymous_26)
FNDA:1,(anonymous_27)
FNDA:2,(anonymous_28)
FNDA:11,(anonymous_29)
FNDA:4,(anonymous_30)
FNDA:1,(anonymous_31)
FNDA:4,(anonymous_32)
FNDA:1,(anonymous_33)
FNDA:3,(anonymous_34)
FNDA:3,(anonymous_35)
FNDA:1,(anonymous_36)
FNDA:1,(anonymous_37)
FNDA:60,(anonymous_38)
FNDA:60,(anonymous_39)
FNDA:117,(anonymous_40)
FNDA:16,(anonymous_41)
FNDA:109,(anonymous_42)
FNDA:50,(anonymous_43)
FNDA:69,(anonymous_44)
FNDA:5,(anonymous_45)
FNDA:5,(anonymous_46)
FNDA:368,(anonymous_47)
FNDA:10,(anonymous_48)
FNDA:10,(anonymous_49)
DA:1,1
DA:2,1
DA:3,1
DA:4,1
DA:5,1
DA:6,1
DA:7,1
DA:8,1
DA:9,1
DA:10,1
DA:11,1
DA:12,1
DA:13,1
DA:14,1
DA:15,1
DA:16,1
DA:17,1
DA:18,1
DA:19,1
DA:20,1
DA:77,1
DA:78,48
DA:79,48
DA:84,48
DA:86,48
DA:88,48
DA:89,48
DA:90,48
DA:91,48
DA:92,48
DA:95,48
DA:96,48
DA:97,48
DA:98,48
DA:102,48
DA:103,48
DA:107,48
DA:108,48
DA:112,184
DA:116,184
DA:120,184
DA:124,2
DA:125,2
DA:129,11
DA:130,11
DA:131,11
DA:132,2
DA:133,2
DA:135,11
DA:139,8
DA:140,8
DA:141,8
DA:152,8
DA:156,10
DA:157,10
DA:158,10
DA:159,10
DA:163,2
DA:165,1
DA:166,1
DA:167,1
DA:168,1
DA:169,1
DA:170,1
DA:182,1
DA:188,3
DA:189,3
DA:190,1
DA:191,1
DA:194,2
DA:196,1
DA:197,1
DA:198,1
DA:199,1
DA:200,1
DA:201,1
DA:213,1
DA:219,2
DA:221,1
DA:222,1
DA:223,1
DA:224,1
DA:225,1
DA:226,1
DA:238,1
DA:243,48
DA:244,48
DA:247,1
DA:251,1
DA:255,4
DA:256,2
DA:259,2
DA:260,2
DA:261,2
DA:263,1
DA:264,1
DA:265,1
DA:277,1
DA:285,2
DA:286,1
DA:287,1
DA:290,1
DA:294,11
DA:295,1
DA:298,10
DA:299,5
DA:300,5
DA:302,4
DA:303,4
DA:304,4
DA:307,1
DA:310,5
DA:313,5
DA:314,5
DA:316,4
DA:317,4
DA:318,4
DA:321,1
DA:327,3
DA:336,3
DA:337,3
DA:338,1
DA:341,2
DA:343,1
DA:344,1
DA:347,1
DA:354,60
DA:356,117
DA:381,60
DA:382,16
DA:385,60
DA:386,109
DA:387,50
DA:388,60
DA:394,69
DA:408,5
DA:409,5
DA:410,5
DA:418,5
DA:434,5
DA:435,3
DA:441,2
DA:442,2
DA:443,2
DA:449,2
DA:464,368
DA:466,193
DA:468,173
DA:470,2
DA:475,10
DA:488,10
DA:489,10
DA:493,10
LF:153
LH:153
BRDA:131,0,0,2
BRDA:140,1,0,8
BRDA:140,1,1,6
BRDA:144,2,0,8
BRDA:144,2,1,2
BRDA:145,3,0,8
BRDA:145,3,1,2
BRDA:146,4,0,8
BRDA:146,4,1,8
BRDA:147,5,0,2
BRDA:147,5,1,6
BRDA:147,6,0,1
BRDA:147,6,1,5
BRDA:150,7,0,8
BRDA:150,7,1,7
BRDA:189,8,0,1
BRDA:189,9,0,3
BRDA:189,9,1,3
BRDA:255,10,0,2
BRDA:255,11,0,4
BRDA:255,11,1,3
BRDA:285,12,0,1
BRDA:294,13,0,1
BRDA:294,14,0,11
BRDA:294,14,1,8
BRDA:294,14,2,7
BRDA:294,14,3,7
BRDA:298,15,0,5
BRDA:337,16,0,1
BRDA:343,17,0,1
BRDA:343,17,1,0
BRDA:356,18,0,60
BRDA:356,18,1,1
BRDA:358,19,0,117
BRDA:358,19,1,0
BRDA:358,20,0,117
BRDA:358,20,1,0
BRDA:359,21,0,117
BRDA:359,21,1,0
BRDA:360,22,0,117
BRDA:360,22,1,0
BRDA:362,23,0,117
BRDA:362,23,1,1
BRDA:363,24,0,117
BRDA:363,24,1,1
BRDA:364,25,0,117
BRDA:364,25,1,117
BRDA:365,26,0,58
BRDA:365,26,1,59
BRDA:367,27,0,58
BRDA:367,27,1,1
BRDA:370,28,0,58
BRDA:370,28,1,59
BRDA:370,29,0,59
BRDA:370,29,1,0
BRDA:371,30,0,58
BRDA:371,30,1,59
BRDA:373,31,0,58
BRDA:373,31,1,1
BRDA:376,32,0,117
BRDA:376,32,1,59
BRDA:377,33,0,117
BRDA:377,33,1,58
BRDA:381,34,0,8
BRDA:381,34,1,52
BRDA:409,35,0,2
BRDA:409,35,1,3
BRDA:410,36,0,1
BRDA:410,36,1,4
BRDA:412,37,0,1
BRDA:412,37,1,3
BRDA:414,38,0,1
BRDA:414,38,1,2
BRDA:422,39,0,5
BRDA:422,39,1,5
BRDA:423,40,0,5
BRDA:423,40,1,5
BRDA:424,41,0,5
BRDA:424,41,1,5
BRDA:427,42,0,1
BRDA:427,42,1,4
BRDA:428,43,0,1
BRDA:428,43,1,4
BRDA:429,44,0,1
BRDA:429,44,1,4
BRDA:429,45,0,0
BRDA:429,45,1,4
BRDA:434,46,0,3
BRDA:434,47,0,5
BRDA:434,47,1,5
BRDA:437,48,0,1
BRDA:437,48,1,2
BRDA:442,49,0,1
BRDA:442,49,1,1
BRDA:443,50,0,1
BRDA:443,50,1,1
BRDA:445,51,0,1
BRDA:445,51,1,0
BRDA:453,52,0,2
BRDA:453,52,1,0
BRDA:454,53,0,2
BRDA:454,53,1,0
BRDA:455,54,0,2
BRDA:455,54,1,2
BRDA:458,55,0,1
BRDA:458,55,1,1
BRDA:459,56,0,1
BRDA:459,56,1,1
BRDA:464,57,0,193
BRDA:464,57,1,173
BRDA:464,57,2,2
BRDA:487,58,0,1
BRDA:489,59,0,2
BRDA:489,59,1,8
BRDA:491,60,0,8
BRDA:491,60,1,8
BRF:116
BRH:106
end_of_record
TN:
SF:src\app\features\vehicles\vehicles.component.ts
FN:44,(anonymous_0)
FN:49,(anonymous_1)
FN:50,(anonymous_2)
FN:58,(anonymous_3)
FN:61,(anonymous_4)
FN:68,(anonymous_5)
FN:73,(anonymous_6)
FN:82,(anonymous_7)
FNF:8
FNH:8
FNDA:10,(anonymous_0)
FNDA:10,(anonymous_1)
FNDA:10,(anonymous_2)
FNDA:3,(anonymous_3)
FNDA:2,(anonymous_4)
FNDA:10,(anonymous_5)
FNDA:2,(anonymous_6)
FNDA:11,(anonymous_7)
DA:1,1
DA:2,1
DA:3,1
DA:4,1
DA:5,1
DA:6,1
DA:7,1
DA:8,1
DA:9,1
DA:10,1
DA:11,1
DA:12,1
DA:13,1
DA:14,1
DA:15,1
DA:36,1
DA:37,10
DA:38,10
DA:39,10
DA:45,10
DA:46,10
DA:50,10
DA:51,10
DA:55,10
DA:56,10
DA:59,3
DA:60,3
DA:61,2
DA:62,2
DA:69,10
DA:70,10
DA:74,2
DA:75,2
DA:77,2
DA:78,2
DA:83,11
DA:84,11
LF:37
LH:37
BRDA:60,0,0,2
BRDA:60,1,0,3
BRDA:60,1,1,2
BRDA:77,2,0,2
BRF:4
BRH:4
end_of_record
TN:
SF:src\app\models\pause-ai.models.ts
FN:1,(anonymous_0)
FN:58,(anonymous_1)
FN:64,(anonymous_2)
FNF:3
FNH:3
FNDA:2,(anonymous_0)
FNDA:2,(anonymous_1)
FNDA:2,(anonymous_2)
DA:1,2
DA:2,2
DA:3,2
DA:4,2
DA:58,2
DA:59,2
DA:60,2
DA:61,2
DA:64,2
DA:65,2
DA:66,2
DA:67,2
DA:68,2
DA:69,2
DA:70,2
DA:71,2
DA:72,2
LF:17
LH:17
BRDA:1,0,0,2
BRDA:1,0,1,2
BRDA:58,1,0,2
BRDA:58,1,1,2
BRDA:64,2,0,2
BRDA:64,2,1,2
BRF:6
BRH:6
end_of_record
TN:
SF:src\app\models\project.models.ts
FN:81,(anonymous_0)
FN:104,(anonymous_1)
FNF:2
FNH:2
FNDA:11,(anonymous_0)
FNDA:11,(anonymous_1)
DA:81,11
DA:82,11
DA:83,11
DA:84,11
DA:104,11
DA:105,11
DA:106,11
DA:107,11
DA:108,11
LF:9
LH:9
BRDA:81,0,0,11
BRDA:81,0,1,11
BRDA:104,1,0,11
BRDA:104,1,1,11
BRF:4
BRH:4
end_of_record
TN:
SF:src\app\models\report.models.ts
FN:41,(anonymous_0)
FN:47,(anonymous_1)
FN:57,(anonymous_2)
FNF:3
FNH:3
FNDA:1,(anonymous_0)
FNDA:1,(anonymous_1)
FNDA:1,(anonymous_2)
DA:41,1
DA:42,1
DA:43,1
DA:44,1
DA:47,1
DA:48,1
DA:49,1
DA:50,1
DA:51,1
DA:52,1
DA:53,1
DA:54,1
DA:57,1
DA:58,1
DA:59,1
DA:60,1
DA:61,1
LF:17
LH:17
BRDA:41,0,0,1
BRDA:41,0,1,1
BRDA:47,1,0,1
BRDA:47,1,1,1
BRDA:57,2,0,1
BRDA:57,2,1,1
BRF:6
BRH:6
end_of_record
TN:
SF:src\app\shared\components\confirm-delete-dialog\confirm-delete-dialog.component.ts
FN:139,(anonymous_0)
FNF:1
FNH:1
FNDA:4,(anonymous_0)
DA:1,8
DA:2,8
DA:3,8
DA:4,8
DA:5,8
DA:138,8
DA:140,4
DA:141,4
LF:8
LH:8
BRF:0
BRH:0
end_of_record
TN:
SF:src\app\shared\components\premium-snackbar\premium-snackbar.component.ts
FN:23,(anonymous_0)
FN:28,(anonymous_1)
FN:50,(anonymous_2)
FNF:3
FNH:3
FNDA:12,(anonymous_0)
FNDA:32,(anonymous_1)
FNDA:31,(anonymous_2)
DA:1,27
DA:2,27
DA:3,27
DA:4,27
DA:5,27
DA:22,27
DA:24,12
DA:25,12
DA:29,32
DA:30,9
DA:31,1
DA:32,2
DA:33,1
DA:34,1
DA:35,1
DA:36,1
DA:37,1
DA:38,1
DA:41,23
DA:42,12
DA:43,3
DA:44,4
DA:45,3
DA:46,1
DA:51,31
DA:52,8
DA:53,1
DA:54,1
DA:55,1
DA:56,1
DA:57,1
DA:58,1
DA:59,1
DA:60,1
DA:63,23
DA:64,12
DA:65,3
DA:66,4
DA:67,3
DA:68,1
LF:40
LH:40
BRDA:29,0,0,9
BRDA:30,1,0,1
BRDA:30,1,1,2
BRDA:30,1,2,1
BRDA:30,1,3,1
BRDA:30,1,4,1
BRDA:30,1,5,1
BRDA:30,1,6,1
BRDA:30,1,7,1
BRDA:41,2,0,12
BRDA:41,2,1,3
BRDA:41,2,2,4
BRDA:41,2,3,3
BRDA:41,2,4,1
BRDA:51,3,0,8
BRDA:52,4,0,1
BRDA:52,4,1,1
BRDA:52,4,2,1
BRDA:52,4,3,1
BRDA:52,4,4,1
BRDA:52,4,5,1
BRDA:52,4,6,1
BRDA:52,4,7,1
BRDA:63,5,0,12
BRDA:63,5,1,3
BRDA:63,5,2,4
BRDA:63,5,3,3
BRDA:63,5,4,1
BRF:28
BRH:28
end_of_record
